#
# A fatal error has been detected by the Java Runtime Environment:
#
#  EXCEPTION_ACCESS_VIOLATION (0xc0000005) at pc=0x000000005dbb6237, pid=7412, tid=4048
#
# JRE version: Java(TM) SE Runtime Environment (8.0_25-b18) (build 1.8.0_25-b18)
# Java VM: Java HotSpot(TM) 64-Bit Server VM (25.25-b02 mixed mode windows-amd64 compressed oops)
# Problematic frame:
# V  [jvm.dll+0x4e6237]
#
# Failed to write core dump. Minidumps are not enabled by default on client versions of Windows
#
# If you would like to submit a bug report, please visit:
#   http://bugreport.sun.com/bugreport/crash.jsp
#

---------------  T H R E A D  ---------------

Current thread (0x00000000166c0000):  JavaThread "C2 CompilerThread1" daemon [_thread_in_native, id=4048, stack(0x0000000017030000,0x0000000017130000)]

siginfo: ExceptionCode=0xc0000005, reading address 0x0000100000000018

Registers:
RAX=0x0000000000000035, RBX=0x000000001712d0d0, RCX=0x0000000017465110, RDX=0x0000000080000002
RSP=0x000000001712b850, RBP=0x0000000000003d38, RSI=0x0000000000000004, RDI=0x0000100000000000
R8 =0x00000000189ad1a8, R9 =0x0000000017d67be8, R10=0x000000001712c750, R11=0x000000001667bf00
R12=0x0000000000000000, R13=0x0000000017465110, R14=0x0000000000003d39, R15=0x0000000000000035
RIP=0x000000005dbb6237, EFLAGS=0x0000000000010206

Top of Stack: (sp=0x000000001712b850)
0x000000001712b850:   000000001712d0d0 000000001712c750
0x000000001712b860:   0000000017465110 000000001712c750
0x000000001712b870:   00000000000001ff 0000000000000000
0x000000001712b880:   00000000174690d8 00000000000002e1
0x000000001712b890:   0000000017465110 000000005dbb8606
0x000000001712b8a0:   0000000000000043 000000001712c750
0x000000001712b8b0:   0000000017465110 0000000000000043
0x000000001712b8c0:   00000000000002e1 000000001712e830
0x000000001712b8d0:   0000000017465110 000000005dbb7f2d
0x000000001712b8e0:   0000000000000043 00000000174690d8
0x000000001712b8f0:   000000001712c750 0000000017464fd8
0x000000001712b900:   0000000000000000 0000000017742b90
0x000000001712b910:   0000000017c1cad0 000000005db6efd4
0x000000001712b920:   000000001712ba20 0000000017c1cad0
0x000000001712b930:   000000001712bd40 0000000016671ed0
0x000000001712b940:   0000000017742be0 000000001774ab78 

Instructions: (pc=0x000000005dbb6237)
0x000000005dbb6217:   89 64 24 30 45 33 e4 48 3b 7b 20 49 8b cd 44 0f
0x000000005dbb6227:   44 e5 4c 89 7c 24 20 ff 10 41 8b 75 18 44 8b f8
0x000000005dbb6237:   39 77 18 75 48 48 8b 17 48 8b cf ff 12 41 3b c7
0x000000005dbb6247:   75 3b 33 d2 85 f6 74 24 49 8b 4d 08 4c 8b 47 08 


Register to memory mapping:

RAX=0x0000000000000035 is an unknown value
RBX=0x000000001712d0d0 is pointing into the stack for thread: 0x00000000166c0000
RCX=0x0000000017465110 is an unknown value
RDX=0x0000000080000002 is pointing into metadata
RSP=0x000000001712b850 is pointing into the stack for thread: 0x00000000166c0000
RBP=0x0000000000003d38 is an unknown value
RSI=0x0000000000000004 is an unknown value
RDI=0x0000100000000000 is an unknown value
R8 =0x00000000189ad1a8 is an unknown value
R9 =0x0000000017d67be8 is an unknown value
R10=0x000000001712c750 is pointing into the stack for thread: 0x00000000166c0000
R11=0x000000001667bf00 is an unknown value
R12=0x0000000000000000 is an unknown value
R13=0x0000000017465110 is an unknown value
R14=0x0000000000003d39 is an unknown value
R15=0x0000000000000035 is an unknown value


Stack: [0x0000000017030000,0x0000000017130000],  sp=0x000000001712b850,  free space=1006k
Native frames: (J=compiled Java code, j=interpreted, Vv=VM code, C=native code)
V  [jvm.dll+0x4e6237]
V  [jvm.dll+0x4e8606]
V  [jvm.dll+0x4e7f2d]
V  [jvm.dll+0x49efd4]
V  [jvm.dll+0x4527d4]
V  [jvm.dll+0x453864]
V  [jvm.dll+0x437372]
V  [jvm.dll+0x98a02]
V  [jvm.dll+0x991f3]
V  [jvm.dll+0x22bde4]
V  [jvm.dll+0x2852fa]
C  [msvcr100.dll+0x21d9f]
C  [msvcr100.dll+0x21e3b]
C  [kernel32.dll+0x159bd]
C  [ntdll.dll+0x2a2e1]


Current CompileTask:
C2:  11641 1480       4       com.android.dx.ssa.SCCP::simulatePhi (169 bytes)


---------------  P R O C E S S  ---------------

Java Threads: ( => current thread )
  0x00000000166c2800 JavaThread "Service Thread" daemon [_thread_blocked, id=7736, stack(0x00000000162c0000,0x00000000163c0000)]
  0x00000000166c1800 JavaThread "C1 CompilerThread2" daemon [_thread_blocked, id=4084, stack(0x0000000016be0000,0x0000000016ce0000)]
=>0x00000000166c0000 JavaThread "C2 CompilerThread1" daemon [_thread_in_native, id=4048, stack(0x0000000017030000,0x0000000017130000)]
  0x000000001666d800 JavaThread "C2 CompilerThread0" daemon [_thread_in_native, id=6464, stack(0x0000000016ea0000,0x0000000016fa0000)]
  0x000000001666c800 JavaThread "Attach Listener" daemon [_thread_blocked, id=8168, stack(0x0000000016d00000,0x0000000016e00000)]
  0x00000000151ab000 JavaThread "Signal Dispatcher" daemon [_thread_blocked, id=3204, stack(0x0000000016ab0000,0x0000000016bb0000)]
  0x000000001514e800 JavaThread "Finalizer" daemon [_thread_blocked, id=7248, stack(0x0000000016560000,0x0000000016660000)]
  0x000000001514b800 JavaThread "Reference Handler" daemon [_thread_blocked, id=7060, stack(0x0000000016410000,0x0000000016510000)]
  0x00000000003fe800 JavaThread "main" [_thread_blocked, id=6196, stack(0x0000000002890000,0x0000000002990000)]

Other Threads:
  0x0000000015146000 VMThread [stack: 0x00000000161a0000,0x00000000162a0000] [id=3340]
  0x00000000166c6800 WatcherThread [stack: 0x0000000017300000,0x0000000017400000] [id=6768]

VM state:not at safepoint (normal execution)

VM Mutex/Monitor currently owned by a thread: None

Heap:
 PSYoungGen      total 34304K, used 28337K [0x00000000eab00000, 0x00000000ecf00000, 0x0000000100000000)
  eden space 31744K, 81% used [0x00000000eab00000,0x00000000ec42efe0,0x00000000eca00000)
  from space 2560K, 99% used [0x00000000ecc80000,0x00000000ecefd638,0x00000000ecf00000)
  to   space 2560K, 0% used [0x00000000eca00000,0x00000000eca00000,0x00000000ecc80000)
 ParOldGen       total 42496K, used 3992K [0x00000000c0000000, 0x00000000c2980000, 0x00000000eab00000)
  object space 42496K, 9% used [0x00000000c0000000,0x00000000c03e61e8,0x00000000c2980000)
 Metaspace       used 5855K, capacity 7024K, committed 7296K, reserved 1056768K
  class space    used 559K, capacity 616K, committed 640K, reserved 1048576K

Card table byte_map: [0x0000000011d50000,0x0000000011f60000] byte_map_base: 0x0000000011750000

Marking Bits: (ParMarkBitMap*) 0x000000005dead490
 Begin Bits: [0x00000000125c0000, 0x00000000135c0000)
 End Bits:   [0x00000000135c0000, 0x00000000145c0000)

Polling page: 0x0000000000230000

CodeCache: size=245760Kb used=6778Kb max_used=6778Kb free=238981Kb
 bounds [0x0000000002990000, 0x0000000003040000, 0x0000000011990000]
 total_blobs=1761 nmethods=1499 adapters=176
 compilation: enabled

Compilation events (10 events):
Event: 11.358 Thread 0x00000000166c1800 1507       3       com.android.dx.ssa.back.FirstFitLocalCombiningAllocator::processPhiInsn (255 bytes)
Event: 11.362 Thread 0x00000000166c1800 nmethod 1507 0x000000000302f110 code [0x000000000302f4e0, 0x0000000003031878]
Event: 11.364 Thread 0x00000000166c1800 1508       3       com.android.dx.ssa.LiteralOpUpgrader::isConstIntZeroOrKnownNull (34 bytes)
Event: 11.365 Thread 0x00000000166c1800 nmethod 1508 0x0000000003029990 code [0x0000000003029b20, 0x000000000302a028]
Event: 11.365 Thread 0x00000000166c1800 1509       3       com.android.dx.rop.cst.CstMethodRef::<init> (7 bytes)
Event: 11.366 Thread 0x00000000166c1800 nmethod 1509 0x0000000003029250 code [0x00000000030293e0, 0x00000000030297f8]
Event: 11.367 Thread 0x00000000166c1800 1510       3       com.android.dx.ssa.LiteralOpUpgrader$1::visitPhiInsn (1 bytes)
Event: 11.368 Thread 0x00000000166c1800 nmethod 1510 0x0000000003033090 code [0x00000000030331e0, 0x0000000003033330]
Event: 11.368 Thread 0x00000000166c1800 1511       3       com.android.dx.ssa.back.FirstFitLocalCombiningAllocator$1::visitPhiInsn (6 bytes)
Event: 11.368 Thread 0x00000000166c1800 nmethod 1511 0x00000000030333d0 code [0x0000000003033540, 0x00000000030336c8]

GC Heap History (4 events):
Event: 4.757 GC heap before
{Heap before GC invocations=1 (full 0):
 PSYoungGen      total 18432K, used 15872K [0x00000000eab00000, 0x00000000ebf80000, 0x0000000100000000)
  eden space 15872K, 100% used [0x00000000eab00000,0x00000000eba80000,0x00000000eba80000)
  from space 2560K, 0% used [0x00000000ebd00000,0x00000000ebd00000,0x00000000ebf80000)
  to   space 2560K, 0% used [0x00000000eba80000,0x00000000eba80000,0x00000000ebd00000)
 ParOldGen       total 42496K, used 0K [0x00000000c0000000, 0x00000000c2980000, 0x00000000eab00000)
  object space 42496K, 0% used [0x00000000c0000000,0x00000000c0000000,0x00000000c2980000)
 Metaspace       used 5538K, capacity 6832K, committed 7040K, reserved 1056768K
  class space    used 552K, capacity 616K, committed 640K, reserved 1048576K
Event: 4.960 GC heap after
Heap after GC invocations=1 (full 0):
 PSYoungGen      total 18432K, used 2528K [0x00000000eab00000, 0x00000000ecf00000, 0x0000000100000000)
  eden space 15872K, 0% used [0x00000000eab00000,0x00000000eab00000,0x00000000eba80000)
  from space 2560K, 98% used [0x00000000eba80000,0x00000000ebcf80d8,0x00000000ebd00000)
  to   space 2560K, 0% used [0x00000000ecc80000,0x00000000ecc80000,0x00000000ecf00000)
 ParOldGen       total 42496K, used 1559K [0x00000000c0000000, 0x00000000c2980000, 0x00000000eab00000)
  object space 42496K, 3% used [0x00000000c0000000,0x00000000c0185e80,0x00000000c2980000)
 Metaspace       used 5538K, capacity 6832K, committed 7040K, reserved 1056768K
  class space    used 552K, capacity 616K, committed 640K, reserved 1048576K
}
Event: 7.701 GC heap before
{Heap before GC invocations=2 (full 0):
 PSYoungGen      total 18432K, used 18400K [0x00000000eab00000, 0x00000000ecf00000, 0x0000000100000000)
  eden space 15872K, 100% used [0x00000000eab00000,0x00000000eba80000,0x00000000eba80000)
  from space 2560K, 98% used [0x00000000eba80000,0x00000000ebcf80d8,0x00000000ebd00000)
  to   space 2560K, 0% used [0x00000000ecc80000,0x00000000ecc80000,0x00000000ecf00000)
 ParOldGen       total 42496K, used 1559K [0x00000000c0000000, 0x00000000c2980000, 0x00000000eab00000)
  object space 42496K, 3% used [0x00000000c0000000,0x00000000c0185e80,0x00000000c2980000)
 Metaspace       used 5789K, capacity 7024K, committed 7296K, reserved 1056768K
  class space    used 557K, capacity 616K, committed 640K, reserved 1048576K
Event: 8.603 GC heap after
Heap after GC invocations=2 (full 0):
 PSYoungGen      total 34304K, used 2549K [0x00000000eab00000, 0x00000000ecf00000, 0x0000000100000000)
  eden space 31744K, 0% used [0x00000000eab00000,0x00000000eab00000,0x00000000eca00000)
  from space 2560K, 99% used [0x00000000ecc80000,0x00000000ecefd638,0x00000000ecf00000)
  to   space 2560K, 0% used [0x00000000eca00000,0x00000000eca00000,0x00000000ecc80000)
 ParOldGen       total 42496K, used 3992K [0x00000000c0000000, 0x00000000c2980000, 0x00000000eab00000)
  object space 42496K, 9% used [0x00000000c0000000,0x00000000c03e61e8,0x00000000c2980000)
 Metaspace       used 5789K, capacity 7024K, committed 7296K, reserved 1056768K
  class space    used 557K, capacity 616K, committed 640K, reserved 1048576K
}

Deoptimization events (10 events):
Event: 9.816 Thread 0x00000000003fe800 Uncommon trap: reason=bimorphic action=maybe_recompile pc=0x0000000002e66c7c method=com.android.dx.cf.code.BytecodeArray.parseInstruction(ILcom/android/dx/cf/code/BytecodeArray$Visitor;)I @ 939
Event: 9.816 Thread 0x00000000003fe800 Uncommon trap: reason=bimorphic action=maybe_recompile pc=0x0000000002e661f0 method=com.android.dx.cf.code.BytecodeArray.parseInstruction(ILcom/android/dx/cf/code/BytecodeArray$Visitor;)I @ 1549
Event: 9.816 Thread 0x00000000003fe800 Uncommon trap: reason=bimorphic action=maybe_recompile pc=0x0000000002e66c7c method=com.android.dx.cf.code.BytecodeArray.parseInstruction(ILcom/android/dx/cf/code/BytecodeArray$Visitor;)I @ 939
Event: 9.984 Thread 0x00000000003fe800 Uncommon trap: reason=unloaded action=reinterpret pc=0x0000000002f54edc method=com.android.dx.cf.cst.ConstantPoolParser.parse0(ILjava/util/BitSet;)Lcom/android/dx/rop/cst/Constant; @ 198
Event: 10.492 Thread 0x00000000003fe800 Uncommon trap: reason=bimorphic action=maybe_recompile pc=0x0000000002fcccc4 method=com.android.dx.cf.code.BaseMachine.getLocalTarget(Z)Lcom/android/dx/rop/code/RegisterSpec; @ 70
Event: 10.492 Thread 0x00000000003fe800 Uncommon trap: reason=bimorphic action=maybe_recompile pc=0x0000000002fcccc4 method=com.android.dx.cf.code.BaseMachine.getLocalTarget(Z)Lcom/android/dx/rop/code/RegisterSpec; @ 70
Event: 10.499 Thread 0x00000000003fe800 Uncommon trap: reason=bimorphic action=maybe_recompile pc=0x0000000002fcccc4 method=com.android.dx.cf.code.BaseMachine.getLocalTarget(Z)Lcom/android/dx/rop/code/RegisterSpec; @ 70
Event: 10.500 Thread 0x00000000003fe800 Uncommon trap: reason=bimorphic action=maybe_recompile pc=0x0000000002fcccc4 method=com.android.dx.cf.code.BaseMachine.getLocalTarget(Z)Lcom/android/dx/rop/code/RegisterSpec; @ 70
Event: 11.261 Thread 0x00000000003fe800 Uncommon trap: reason=uninitialized action=reinterpret pc=0x0000000002ff0804 method=com.android.dx.cf.code.ByteCatchList.listFor(I)Lcom/android/dx/cf/code/ByteCatchList; @ 33
Event: 11.268 Thread 0x00000000003fe800 Uncommon trap: reason=unreached action=reinterpret pc=0x0000000002e58f24 method=com.android.dx.util.LabeledList.set(ILcom/android/dx/util/LabeledItem;)V @ 16

Internal exceptions (10 events):
Event: 4.584 Thread 0x00000000003fe800 Exception <a 'java/security/PrivilegedActionException'> (0x00000000eb8e1478) thrown at [D:\re\workspace\8-2-build-windows-amd64-cygwin\jdk8u25\1677\hotspot\src\share\vm\prims\jvm.cpp, line 1312]
Event: 4.740 Thread 0x00000000003fe800 Exception <a 'java/security/PrivilegedActionException'> (0x00000000eba26638) thrown at [D:\re\workspace\8-2-build-windows-amd64-cygwin\jdk8u25\1677\hotspot\src\share\vm\prims\jvm.cpp, line 1312]
Event: 5.002 Thread 0x00000000003fe800 Exception <a 'java/security/PrivilegedActionException'> (0x00000000eac191e0) thrown at [D:\re\workspace\8-2-build-windows-amd64-cygwin\jdk8u25\1677\hotspot\src\share\vm\prims\jvm.cpp, line 1312]
Event: 5.115 Thread 0x00000000003fe800 Exception <a 'java/security/PrivilegedActionException'> (0x00000000eacbe690) thrown at [D:\re\workspace\8-2-build-windows-amd64-cygwin\jdk8u25\1677\hotspot\src\share\vm\prims\jvm.cpp, line 1312]
Event: 5.354 Thread 0x00000000003fe800 Exception <a 'java/security/PrivilegedActionException'> (0x00000000eaec17f0) thrown at [D:\re\workspace\8-2-build-windows-amd64-cygwin\jdk8u25\1677\hotspot\src\share\vm\prims\jvm.cpp, line 1312]
Event: 5.525 Thread 0x00000000003fe800 Implicit null exception at 0x0000000002d0e871 to 0x0000000002d10aed
Event: 5.525 Thread 0x00000000003fe800 Implicit null exception at 0x0000000002d70cb5 to 0x0000000002d73395
Event: 6.032 Thread 0x00000000003fe800 Implicit null exception at 0x0000000002d35fd2 to 0x0000000002d360c2
Event: 6.049 Thread 0x00000000003fe800 Exception <a 'java/security/PrivilegedActionException'> (0x00000000eb3f0e38) thrown at [D:\re\workspace\8-2-build-windows-amd64-cygwin\jdk8u25\1677\hotspot\src\share\vm\prims\jvm.cpp, line 1312]
Event: 11.263 Thread 0x00000000003fe800 Exception <a 'java/security/PrivilegedActionException'> (0x00000000ebb4dd78) thrown at [D:\re\workspace\8-2-build-windows-amd64-cygwin\jdk8u25\1677\hotspot\src\share\vm\prims\jvm.cpp, line 1312]

Events (10 events):
Event: 11.261 Thread 0x00000000003fe800 DEOPT UNPACKING pc=0x00000000029d556a sp=0x000000000298ea38 mode 2
Event: 11.263 loading class com/android/dx/cf/code/Ropper$ExceptionHandlerSetup
Event: 11.263 loading class com/android/dx/cf/code/Ropper$ExceptionHandlerSetup done
Event: 11.264 loading class java/util/HashMap$Values
Event: 11.265 loading class java/util/HashMap$Values done
Event: 11.265 loading class java/util/HashMap$ValueIterator
Event: 11.265 loading class java/util/HashMap$ValueIterator done
Event: 11.268 Thread 0x00000000003fe800 Uncommon trap: trap_request=0xffffffad fr.pc=0x0000000002e58f24
Event: 11.268 Thread 0x00000000003fe800 DEOPT PACKING pc=0x0000000002e58f24 sp=0x000000000298eaa0
Event: 11.268 Thread 0x00000000003fe800 DEOPT UNPACKING pc=0x00000000029d556a sp=0x000000000298ea88 mode 2


Dynamic libraries:
0x000000013f150000 - 0x000000013f184000 	C:\Program Files\Java\jdk1.8.0_25\bin\java.exe
0x0000000077500000 - 0x00000000776aa000 	C:\Windows\SYSTEM32\ntdll.dll
0x00000000773e0000 - 0x00000000774ff000 	C:\Windows\system32\kernel32.dll
0x000007fefd580000 - 0x000007fefd5ea000 	C:\Windows\system32\KERNELBASE.dll
0x000007fefdc10000 - 0x000007fefdceb000 	C:\Windows\system32\ADVAPI32.dll
0x000007fefdb70000 - 0x000007fefdc0f000 	C:\Windows\system32\msvcrt.dll
0x000007fefd970000 - 0x000007fefd98f000 	C:\Windows\SYSTEM32\sechost.dll
0x000007feff6e0000 - 0x000007feff80d000 	C:\Windows\system32\RPCRT4.dll
0x00000000772e0000 - 0x00000000773da000 	C:\Windows\system32\USER32.dll
0x000007fefd830000 - 0x000007fefd897000 	C:\Windows\system32\GDI32.dll
0x000007fefe660000 - 0x000007fefe66e000 	C:\Windows\system32\LPK.dll
0x000007feff610000 - 0x000007feff6da000 	C:\Windows\system32\USP10.dll
0x000007fefb820000 - 0x000007fefba14000 	C:\Windows\WinSxS\amd64_microsoft.windows.common-controls_6595b64144ccf1df_6.0.7601.18837_none_fa3b1e3d17594757\COMCTL32.dll
0x000007fefd8f0000 - 0x000007fefd961000 	C:\Windows\system32\SHLWAPI.dll
0x000007fefe350000 - 0x000007fefe37e000 	C:\Windows\system32\IMM32.DLL
0x000007fefd720000 - 0x000007fefd829000 	C:\Windows\system32\MSCTF.dll
0x0000000052d20000 - 0x0000000052df2000 	C:\Program Files\Java\jdk1.8.0_25\jre\bin\msvcr100.dll
0x000000005d6d0000 - 0x000000005df2a000 	C:\Program Files\Java\jdk1.8.0_25\jre\bin\server\jvm.dll
0x000007fef9200000 - 0x000007fef9209000 	C:\Windows\system32\WSOCK32.dll
0x000007fefd8a0000 - 0x000007fefd8ed000 	C:\Windows\system32\WS2_32.dll
0x000007fefe380000 - 0x000007fefe388000 	C:\Windows\system32\NSI.dll
0x000007fefb240000 - 0x000007fefb27b000 	C:\Windows\system32\WINMM.dll
0x00000000776c0000 - 0x00000000776c7000 	C:\Windows\system32\PSAPI.DLL
0x0000000074be0000 - 0x0000000074bef000 	C:\Program Files\Java\jdk1.8.0_25\jre\bin\verify.dll
0x0000000073160000 - 0x0000000073188000 	C:\Program Files\Java\jdk1.8.0_25\jre\bin\java.dll
0x0000000073230000 - 0x0000000073246000 	C:\Program Files\Java\jdk1.8.0_25\jre\bin\zip.dll
0x000007fefe880000 - 0x000007feff60a000 	C:\Windows\system32\SHELL32.dll
0x000007fefe670000 - 0x000007fefe873000 	C:\Windows\system32\ole32.dll
0x000007fefd290000 - 0x000007fefd29f000 	C:\Windows\system32\profapi.dll
0x000007fef8aa0000 - 0x000007fef8bc5000 	C:\Windows\system32\dbghelp.dll

VM Arguments:
jvm_args: -Djava.awt.headless=true -Xmx1024M -Dfile.encoding=windows-31j -Duser.country=JP -Duser.language=ja -Duser.variant 
java_command: com.android.dx.command.Main --dex --force-jumbo --output C:\Users\seki\AndroidStudioProjects\Saezurishiki\app\build\intermediates\pre-dexed\debug\com.android.support-design-23.1.1_ead62824edb1494c8af3600cd8c4b5020fc29965.jar C:\Users\seki\AndroidStudioProjects\Saezurishiki\app\build\intermediates\exploded-aar\com.android.support\design\23.1.1\jars\classes.jar
java_class_path (initial): C:\Users\seki\AppData\Local\Android\sdk\build-tools\21.1.2\lib\dx.jar
Launcher Type: SUN_STANDARD

Environment Variables:
JAVA_HOME=C:\Program Files\Java\jdk1.8.0_25
PATH=C:\Program Files\Common Files\Microsoft Shared\Windows Live;C:\Program Files (x86)\Common Files\Microsoft Shared\Windows Live;C:\Windows\system32;C:\Windows;C:\Windows\System32\Wbem;C:\Windows\System32\WindowsPowerShell\v1.0\;C:\Program Files (x86)\Windows Live\Shared;C:\Program Files (x86)\EgisTec MyWinLocker\x64;C:\Program Files (x86)\EgisTec MyWinLocker\;c:\Program Files (x86)\Microsoft SQL Server\100\Tools\Binn\;c:\Program Files\Microsoft SQL Server\100\Tools\Binn\;c:\Program Files\Microsoft SQL Server\100\DTS\Binn\;C:\Users\seki\Downloads\android-sdk-windows\tools;C:\Program Files (x86)\gdipp\;C:\Program Files\Java\jdk1.8.0_25\bin;C:\Program Files (x86)\Skype\Phone\;C:\Program Files (x86)\scala\bin
USERNAME=seki
OS=Windows_NT
PROCESSOR_IDENTIFIER=Intel64 Family 6 Model 42 Stepping 7, GenuineIntel



---------------  S Y S T E M  ---------------

OS: Windows 7 , 64 bit Build 7601 Service Pack 1

CPU:total 4 (2 cores per cpu, 2 threads per core) family 6 model 42 stepping 7, cmov, cx8, fxsr, mmx, sse, sse2, sse3, ssse3, sse4.1, sse4.2, popcnt, avx, aes, clmul, ht, tsc, tscinvbit

Memory: 4k page, physical 4042608k(497528k free), swap 8083356k(2368668k free)

vm_info: Java HotSpot(TM) 64-Bit Server VM (25.25-b02) for windows-amd64 JRE (1.8.0_25-b18), built on Oct  7 2014 14:25:37 by "java_re" with MS VC++ 10.0 (VS2010)

time: Sat Jun 04 11:33:28 2016
elapsed time: 11 seconds (0d 0h 0m 11s)

