#
# A fatal error has been detected by the Java Runtime Environment:
#
#  EXCEPTION_ACCESS_VIOLATION (0xc0000005) at pc=0x000000005f45d376, pid=4784, tid=6064
#
# JRE version: Java(TM) SE Runtime Environment (8.0_25-b18) (build 1.8.0_25-b18)
# Java VM: Java HotSpot(TM) 64-Bit Server VM (25.25-b02 mixed mode windows-amd64 compressed oops)
# Problematic frame:
# V  [jvm.dll+0x21d376]
#
# Failed to write core dump. Minidumps are not enabled by default on client versions of Windows
#
# If you would like to submit a bug report, please visit:
#   http://bugreport.sun.com/bugreport/crash.jsp
#

---------------  T H R E A D  ---------------

Current thread (0x000000000036e800):  JavaThread "main" [_thread_in_vm, id=6064, stack(0x0000000002700000,0x0000000002800000)]

siginfo: ExceptionCode=0xc0000005, reading address 0x00001000567c4978

Registers:
RAX=0x00001000567c4970, RBX=0x00000000027fe8f0, RCX=0x00000000027fe8f0, RDX=0x00001000567c4928
RSP=0x00000000027fe630, RBP=0x0000000000000001, RSI=0x0000000000400000, RDI=0x0000000054bfdf38
R8 =0x0000000000000000, R9 =0x0000000014749de0, R10=0x0000000054bfba20, R11=0x00000000027fe9a0
R12=0x0000000054bffaa8, R13=0x00000000000000b8, R14=0x00000000027fe990, R15=0x00000000000000b8
RIP=0x000000005f45d376, EFLAGS=0x0000000000010202

Top of Stack: (sp=0x00000000027fe630)
0x00000000027fe630:   0000b3d15269c28b 00000000027fe6e0
0x00000000027fe640:   00000000027fe6f0 000000005f5432fb
0x00000000027fe650:   00000000027fe6b0 00000000027fe6f0
0x00000000027fe660:   00000000027fe928 00000000027fe830
0x00000000027fe670:   0000000054bfdf38 000000000036e800
0x00000000027fe680:   00000000ffffffff 000000005f429c15
0x00000000027fe690:   00000000027fe7d0 00000000027fe6f0
0x00000000027fe6a0:   00000000027fe6e0 000000000036e800
0x00000000027fe6b0:   0000000054bfdf38 000000000036e800
0x00000000027fe6c0:   00000000ffffffff 000000005f42a3ab
0x00000000027fe6d0:   00000000027fe750 00000000ffffffff
0x00000000027fe6e0:   0000000054c025a0 000000000036e800
0x00000000027fe6f0:   0000000054bfdf38 000000000036e800
0x00000000027fe700:   00000000027fe7c0 000000005f2eecac
0x00000000027fe710:   00000000027fea10 00000000027fe7c0
0x00000000027fe720:   000000000036e800 000000005f2f35bd 

Instructions: (pc=0x000000005f45d376)
0x000000005f45d356:   01 00 00 48 8b 05 b0 76 59 00 48 33 c4 48 89 84
0x000000005f45d366:   24 30 01 00 00 4c 63 41 10 48 8b 41 08 48 8b d9
0x000000005f45d376:   42 38 54 00 08 74 33 44 0f be c2 48 8d 4c 24 20
0x000000005f45d386:   48 8d 15 9b 68 3d 00 e8 8e fc df ff 48 8d 0d 07 


Register to memory mapping:

RAX=0x00001000567c4970 is an unknown value
RBX=0x00000000027fe8f0 is pointing into the stack for thread: 0x000000000036e800
RCX=0x00000000027fe8f0 is pointing into the stack for thread: 0x000000000036e800
RDX=0x00001000567c4928 is an unknown value
RSP=0x00000000027fe630 is pointing into the stack for thread: 0x000000000036e800
RBP=0x0000000000000001 is an unknown value
RSI=0x0000000000400000 is an unknown value
RDI={method} {0x0000000054bfdf40} 'get' '
[error occurred during error reporting (printing register info), id 0xc0000005]

Stack: [0x0000000002700000,0x0000000002800000],  sp=0x00000000027fe630,  free space=1017k
Native frames: (J=compiled Java code, j=interpreted, Vv=VM code, C=native code)
V  [jvm.dll+0x21d376]
V  [jvm.dll+0x21d66c]
V  [jvm.dll+0x11ab1c]
V  [jvm.dll+0xec546]
V  [jvm.dll+0xed0d7]
V  [jvm.dll+0xae295]
C  0x0000000002821e0c

Java frames: (J=compiled Java code, j=interpreted, Vv=VM code)
j  com.android.dx.dex.code.Dops.getNextOrNull(Lcom/android/dx/dex/code/Dop;Lcom/android/dx/dex/DexOptions;)Lcom/android/dx/dex/code/Dop;+13
j  com.android.dx.dex.code.OutputFinisher.findOpcodeForInsn(Lcom/android/dx/dex/code/DalvInsn;Lcom/android/dx/dex/code/Dop;)Lcom/android/dx/dex/code/Dop;+42
j  com.android.dx.dex.code.OutputFinisher.calculateReservedCount([Lcom/android/dx/dex/code/Dop;)I+47
j  com.android.dx.dex.code.OutputFinisher.reserveRegisters([Lcom/android/dx/dex/code/Dop;)Z+20
j  com.android.dx.dex.code.OutputFinisher.finishProcessingAndGetList()Lcom/android/dx/dex/code/DalvInsnList;+24
j  com.android.dx.dex.code.DalvCode.finishProcessingIfNecessary()V+13
j  com.android.dx.dex.code.DalvCode.getCatches()Lcom/android/dx/dex/code/CatchTable;+1
j  com.android.dx.dex.file.CatchStructs.finishProcessingIfNecessary()V+12
j  com.android.dx.dex.file.CatchStructs.encode(Lcom/android/dx/dex/file/DexFile;)V+1
j  com.android.dx.dex.file.CodeItem.place0(Lcom/android/dx/dex/file/Section;I)V+33
j  com.android.dx.dex.file.OffsettedItem.place(Lcom/android/dx/dex/file/Section;I)I+73
j  com.android.dx.dex.file.MixedItemSection.placeItems()V+94
j  com.android.dx.dex.file.DexFile.toDex0(ZZ)Lcom/android/dx/util/ByteArrayAnnotatedOutput;+195
j  com.android.dx.dex.file.DexFile.toDex(Ljava/io/Writer;Z)[B+13
j  com.android.dx.command.dexer.Main.writeDex()[B+50
j  com.android.dx.command.dexer.Main.runMonoDex()I+103
j  com.android.dx.command.dexer.Main.run(Lcom/android/dx/command/dexer/Main$Arguments;)I+76
j  com.android.dx.command.dexer.Main.main([Ljava/lang/String;)V+14
j  com.android.dx.command.Main.main([Ljava/lang/String;)V+61
v  ~StubRoutines::call_stub

---------------  P R O C E S S  ---------------

Java Threads: ( => current thread )
  0x0000000056541000 JavaThread "Service Thread" daemon [_thread_blocked, id=336, stack(0x0000000057210000,0x0000000057310000)]
  0x0000000056522000 JavaThread "C1 CompilerThread2" daemon [_thread_blocked, id=7596, stack(0x0000000057030000,0x0000000057130000)]
  0x0000000056500000 JavaThread "C2 CompilerThread1" daemon [_thread_in_native, id=7624, stack(0x0000000056e40000,0x0000000056f40000)]
  0x00000000564ee000 JavaThread "C2 CompilerThread0" daemon [_thread_blocked, id=3980, stack(0x0000000056b00000,0x0000000056c00000)]
  0x00000000564ed000 JavaThread "Attach Listener" daemon [_thread_blocked, id=4692, stack(0x0000000056c00000,0x0000000056d00000)]
  0x00000000564ea800 JavaThread "Signal Dispatcher" daemon [_thread_blocked, id=7628, stack(0x0000000056970000,0x0000000056a70000)]
  0x000000005504e800 JavaThread "Finalizer" daemon [_thread_blocked, id=6856, stack(0x00000000563e0000,0x00000000564e0000)]
  0x000000005504b800 JavaThread "Reference Handler" daemon [_thread_blocked, id=6236, stack(0x00000000562c0000,0x00000000563c0000)]
=>0x000000000036e800 JavaThread "main" [_thread_in_vm, id=6064, stack(0x0000000002700000,0x0000000002800000)]

Other Threads:
  0x0000000055046000 VMThread [stack: 0x0000000056070000,0x0000000056170000] [id=7392]
  0x000000005654e800 WatcherThread [stack: 0x0000000057430000,0x0000000057530000] [id=7236]

VM state:not at safepoint (normal execution)

VM Mutex/Monitor currently owned by a thread: None

Heap:
 PSYoungGen      total 18432K, used 11829K [0x00000000eab00000, 0x00000000ecf00000, 0x0000000100000000)
  eden space 15872K, 58% used [0x00000000eab00000,0x00000000eb4100d8,0x00000000eba80000)
  from space 2560K, 99% used [0x00000000eba80000,0x00000000ebcfd630,0x00000000ebd00000)
  to   space 2560K, 0% used [0x00000000ecc80000,0x00000000ecc80000,0x00000000ecf00000)
 ParOldGen       total 42496K, used 4418K [0x00000000c0000000, 0x00000000c2980000, 0x00000000eab00000)
  object space 42496K, 10% used [0x00000000c0000000,0x00000000c04508f0,0x00000000c2980000)
 Metaspace       used 5914K, capacity 7024K, committed 7296K, reserved 1056768K
  class space    used 571K, capacity 616K, committed 640K, reserved 1048576K

Card table byte_map: [0x0000000011bc0000,0x0000000011dd0000] byte_map_base: 0x00000000115c0000

Marking Bits: (ParMarkBitMap*) 0x000000005fa1d490
 Begin Bits: [0x00000000124c0000, 0x00000000134c0000)
 End Bits:   [0x00000000134c0000, 0x00000000144c0000)

Polling page: 0x0000000000230000

CodeCache: size=245760Kb used=5454Kb max_used=5465Kb free=240305Kb
 bounds [0x0000000002800000, 0x0000000002d60000, 0x0000000011800000]
 total_blobs=1726 nmethods=1464 adapters=176
 compilation: enabled

Compilation events (10 events):
Event: 6.361 Thread 0x00000000564ee000 1439       4       com.android.dx.rop.cst.CstMemberRef::compareTo0 (49 bytes)
Event: 6.365 Thread 0x00000000564ee000 nmethod 1439 0x0000000002d4e690 code [0x0000000002d4e7e0, 0x0000000002d4eaf8]
Event: 6.365 Thread 0x00000000564ee000 1352       4       com.android.dx.rop.code.RegisterSpec::getCategory (13 bytes)
Event: 6.366 Thread 0x00000000564ee000 nmethod 1352 0x0000000002d58750 code [0x0000000002d588a0, 0x0000000002d58938]
Event: 6.366 Thread 0x00000000564ee000 1443       4       com.android.dx.rop.cst.CstType::compareTo0 (25 bytes)
Event: 6.367 Thread 0x00000000564ee000 nmethod 1443 0x0000000002d58290 code [0x0000000002d583e0, 0x0000000002d58578]
Event: 6.367 Thread 0x00000000564ee000 1158   !   4       java.util.BitSet::clone (49 bytes)
Event: 6.373 Thread 0x00000000564ee000 nmethod 1158 0x0000000002d59890 code [0x0000000002d59a00, 0x0000000002d59d98]
Event: 6.373 Thread 0x00000000564ee000 1276       4       com.android.dx.rop.type.Type::isCategory2 (36 bytes)
Event: 6.374 Thread 0x00000000564ee000 nmethod 1276 0x0000000002c83990 code [0x0000000002c83ac0, 0x0000000002c83b38]

GC Heap History (6 events):
Event: 4.963 GC heap before
{Heap before GC invocations=1 (full 0):
 PSYoungGen      total 18432K, used 15872K [0x00000000eab00000, 0x00000000ebf80000, 0x0000000100000000)
  eden space 15872K, 100% used [0x00000000eab00000,0x00000000eba80000,0x00000000eba80000)
  from space 2560K, 0% used [0x00000000ebd00000,0x00000000ebd00000,0x00000000ebf80000)
  to   space 2560K, 0% used [0x00000000eba80000,0x00000000eba80000,0x00000000ebd00000)
 ParOldGen       total 42496K, used 0K [0x00000000c0000000, 0x00000000c2980000, 0x00000000eab00000)
  object space 42496K, 0% used [0x00000000c0000000,0x00000000c0000000,0x00000000c2980000)
 Metaspace       used 5432K, capacity 6704K, committed 6784K, reserved 1056768K
  class space    used 547K, capacity 616K, committed 640K, reserved 1048576K
Event: 4.999 GC heap after
Heap after GC invocations=1 (full 0):
 PSYoungGen      total 18432K, used 2530K [0x00000000eab00000, 0x00000000ebf80000, 0x0000000100000000)
  eden space 15872K, 0% used [0x00000000eab00000,0x00000000eab00000,0x00000000eba80000)
  from space 2560K, 98% used [0x00000000eba80000,0x00000000ebcf8a20,0x00000000ebd00000)
  to   space 2560K, 0% used [0x00000000ebd00000,0x00000000ebd00000,0x00000000ebf80000)
 ParOldGen       total 42496K, used 2119K [0x00000000c0000000, 0x00000000c2980000, 0x00000000eab00000)
  object space 42496K, 4% used [0x00000000c0000000,0x00000000c0211d70,0x00000000c2980000)
 Metaspace       used 5432K, capacity 6704K, committed 6784K, reserved 1056768K
  class space    used 547K, capacity 616K, committed 640K, reserved 1048576K
}
Event: 5.433 GC heap before
{Heap before GC invocations=2 (full 0):
 PSYoungGen      total 18432K, used 18402K [0x00000000eab00000, 0x00000000ebf80000, 0x0000000100000000)
  eden space 15872K, 100% used [0x00000000eab00000,0x00000000eba80000,0x00000000eba80000)
  from space 2560K, 98% used [0x00000000eba80000,0x00000000ebcf8a20,0x00000000ebd00000)
  to   space 2560K, 0% used [0x00000000ebd00000,0x00000000ebd00000,0x00000000ebf80000)
 ParOldGen       total 42496K, used 2119K [0x00000000c0000000, 0x00000000c2980000, 0x00000000eab00000)
  object space 42496K, 4% used [0x00000000c0000000,0x00000000c0211d70,0x00000000c2980000)
 Metaspace       used 5567K, capacity 6768K, committed 7040K, reserved 1056768K
  class space    used 553K, capacity 616K, committed 640K, reserved 1048576K
Event: 5.497 GC heap after
Heap after GC invocations=2 (full 0):
 PSYoungGen      total 18432K, used 2556K [0x00000000eab00000, 0x00000000ecf00000, 0x0000000100000000)
  eden space 15872K, 0% used [0x00000000eab00000,0x00000000eab00000,0x00000000eba80000)
  from space 2560K, 99% used [0x00000000ebd00000,0x00000000ebf7f260,0x00000000ebf80000)
  to   space 2560K, 0% used [0x00000000eba80000,0x00000000eba80000,0x00000000ebd00000)
 ParOldGen       total 42496K, used 3065K [0x00000000c0000000, 0x00000000c2980000, 0x00000000eab00000)
  object space 42496K, 7% used [0x00000000c0000000,0x00000000c02fe790,0x00000000c2980000)
 Metaspace       used 5567K, capacity 6768K, committed 7040K, reserved 1056768K
  class space    used 553K, capacity 616K, committed 640K, reserved 1048576K
}
Event: 5.940 GC heap before
{Heap before GC invocations=3 (full 0):
 PSYoungGen      total 18432K, used 18428K [0x00000000eab00000, 0x00000000ecf00000, 0x0000000100000000)
  eden space 15872K, 100% used [0x00000000eab00000,0x00000000eba80000,0x00000000eba80000)
  from space 2560K, 99% used [0x00000000ebd00000,0x00000000ebf7f260,0x00000000ebf80000)
  to   space 2560K, 0% used [0x00000000eba80000,0x00000000eba80000,0x00000000ebd00000)
 ParOldGen       total 42496K, used 3065K [0x00000000c0000000, 0x00000000c2980000, 0x00000000eab00000)
  object space 42496K, 7% used [0x00000000c0000000,0x00000000c02fe790,0x00000000c2980000)
 Metaspace       used 5632K, capacity 6832K, committed 7040K, reserved 1056768K
  class space    used 553K, capacity 616K, committed 640K, reserved 1048576K
Event: 5.972 GC heap after
Heap after GC invocations=3 (full 0):
 PSYoungGen      total 18432K, used 2549K [0x00000000eab00000, 0x00000000ecf00000, 0x0000000100000000)
  eden space 15872K, 0% used [0x00000000eab00000,0x00000000eab00000,0x00000000eba80000)
  from space 2560K, 99% used [0x00000000eba80000,0x00000000ebcfd630,0x00000000ebd00000)
  to   space 2560K, 0% used [0x00000000ecc80000,0x00000000ecc80000,0x00000000ecf00000)
 ParOldGen       total 42496K, used 4418K [0x00000000c0000000, 0x00000000c2980000, 0x00000000eab00000)
  object space 42496K, 10% used [0x00000000c0000000,0x00000000c04508f0,0x00000000c2980000)
 Metaspace       used 5632K, capacity 6832K, committed 7040K, reserved 1056768K
  class space    used 553K, capacity 616K, committed 640K, reserved 1048576K
}

Deoptimization events (10 events):
Event: 5.229 Thread 0x000000000036e800 Uncommon trap: reason=bimorphic action=maybe_recompile pc=0x0000000002b32298 method=com.android.dx.cf.code.Merger.mergeType(Lcom/android/dx/rop/type/TypeBearer;Lcom/android/dx/rop/type/TypeBearer;)Lcom/android/dx/rop/type/TypeBearer; @ 6
Event: 5.292 Thread 0x000000000036e800 Uncommon trap: reason=class_check action=maybe_recompile pc=0x0000000002b322c0 method=com.android.dx.cf.code.Merger.mergeType(Lcom/android/dx/rop/type/TypeBearer;Lcom/android/dx/rop/type/TypeBearer;)Lcom/android/dx/rop/type/TypeBearer; @ 28
Event: 5.727 Thread 0x000000000036e800 Uncommon trap: reason=bimorphic action=maybe_recompile pc=0x0000000002b32298 method=com.android.dx.cf.code.Merger.mergeType(Lcom/android/dx/rop/type/TypeBearer;Lcom/android/dx/rop/type/TypeBearer;)Lcom/android/dx/rop/type/TypeBearer; @ 6
Event: 5.728 Thread 0x000000000036e800 Uncommon trap: reason=bimorphic action=maybe_recompile pc=0x0000000002b32298 method=com.android.dx.cf.code.Merger.mergeType(Lcom/android/dx/rop/type/TypeBearer;Lcom/android/dx/rop/type/TypeBearer;)Lcom/android/dx/rop/type/TypeBearer; @ 6
Event: 5.894 Thread 0x000000000036e800 Uncommon trap: reason=bimorphic action=maybe_recompile pc=0x0000000002c6fae0 method=com.android.dx.cf.code.Merger.mergeType(Lcom/android/dx/rop/type/TypeBearer;Lcom/android/dx/rop/type/TypeBearer;)Lcom/android/dx/rop/type/TypeBearer; @ 21
Event: 5.935 Thread 0x000000000036e800 Uncommon trap: reason=bimorphic action=maybe_recompile pc=0x0000000002c6fae0 method=com.android.dx.cf.code.Merger.mergeType(Lcom/android/dx/rop/type/TypeBearer;Lcom/android/dx/rop/type/TypeBearer;)Lcom/android/dx/rop/type/TypeBearer; @ 21
Event: 6.199 Thread 0x000000000036e800 Uncommon trap: reason=bimorphic action=maybe_recompile pc=0x0000000002a84f54 method=java.util.HashMap.getNode(ILjava/lang/Object;)Ljava/util/HashMap$Node; @ 126
Event: 6.237 Thread 0x000000000036e800 Uncommon trap: reason=bimorphic action=maybe_recompile pc=0x0000000002a84f54 method=java.util.HashMap.getNode(ILjava/lang/Object;)Ljava/util/HashMap$Node; @ 126
Event: 6.237 Thread 0x000000000036e800 Uncommon trap: reason=bimorphic action=maybe_recompile pc=0x0000000002a84f54 method=java.util.HashMap.getNode(ILjava/lang/Object;)Ljava/util/HashMap$Node; @ 126
Event: 6.237 Thread 0x000000000036e800 Uncommon trap: reason=bimorphic action=maybe_recompile pc=0x0000000002a0cc80 method=java.util.HashMap.getNode(ILjava/lang/Object;)Ljava/util/HashMap$Node; @ 126

Internal exceptions (10 events):
Event: 6.264 Thread 0x000000000036e800 Exception <a 'java/security/PrivilegedActionException'> (0x00000000eb3b4860) thrown at [D:\re\workspace\8-2-build-windows-amd64-cygwin\jdk8u25\1677\hotspot\src\share\vm\prims\jvm.cpp, line 1312]
Event: 6.265 Thread 0x000000000036e800 Exception <a 'java/security/PrivilegedActionException'> (0x00000000eb3b7320) thrown at [D:\re\workspace\8-2-build-windows-amd64-cygwin\jdk8u25\1677\hotspot\src\share\vm\prims\jvm.cpp, line 1312]
Event: 6.268 Thread 0x000000000036e800 Exception <a 'java/security/PrivilegedActionException'> (0x00000000eb3bca08) thrown at [D:\re\workspace\8-2-build-windows-amd64-cygwin\jdk8u25\1677\hotspot\src\share\vm\prims\jvm.cpp, line 1312]
Event: 6.269 Thread 0x000000000036e800 Exception <a 'java/security/PrivilegedActionException'> (0x00000000eb3c0000) thrown at [D:\re\workspace\8-2-build-windows-amd64-cygwin\jdk8u25\1677\hotspot\src\share\vm\prims\jvm.cpp, line 1312]
Event: 6.269 Thread 0x000000000036e800 Exception <a 'java/security/PrivilegedActionException'> (0x00000000eb3c2ae0) thrown at [D:\re\workspace\8-2-build-windows-amd64-cygwin\jdk8u25\1677\hotspot\src\share\vm\prims\jvm.cpp, line 1312]
Event: 6.270 Thread 0x000000000036e800 Exception <a 'java/security/PrivilegedActionException'> (0x00000000eb3c7d58) thrown at [D:\re\workspace\8-2-build-windows-amd64-cygwin\jdk8u25\1677\hotspot\src\share\vm\prims\jvm.cpp, line 1312]
Event: 6.271 Thread 0x000000000036e800 Exception <a 'java/security/PrivilegedActionException'> (0x00000000eb3ce350) thrown at [D:\re\workspace\8-2-build-windows-amd64-cygwin\jdk8u25\1677\hotspot\src\share\vm\prims\jvm.cpp, line 1312]
Event: 6.272 Thread 0x000000000036e800 Exception <a 'java/security/PrivilegedActionException'> (0x00000000eb3d2ae0) thrown at [D:\re\workspace\8-2-build-windows-amd64-cygwin\jdk8u25\1677\hotspot\src\share\vm\prims\jvm.cpp, line 1312]
Event: 6.273 Thread 0x000000000036e800 Exception <a 'java/security/PrivilegedActionException'> (0x00000000eb3d5c98) thrown at [D:\re\workspace\8-2-build-windows-amd64-cygwin\jdk8u25\1677\hotspot\src\share\vm\prims\jvm.cpp, line 1312]
Event: 6.273 Thread 0x000000000036e800 Exception <a 'java/security/PrivilegedActionException'> (0x00000000eb3d8c90) thrown at [D:\re\workspace\8-2-build-windows-amd64-cygwin\jdk8u25\1677\hotspot\src\share\vm\prims\jvm.cpp, line 1312]

Events (10 events):
Event: 6.270 loading class com/android/dx/dex/code/LocalList$MakeState
Event: 6.270 loading class com/android/dx/dex/code/LocalList$MakeState done
Event: 6.271 loading class com/android/dx/dex/code/CatchHandlerList
Event: 6.271 loading class com/android/dx/dex/code/CatchHandlerList done
Event: 6.272 loading class com/android/dx/dex/code/CatchTable
Event: 6.272 loading class com/android/dx/dex/code/CatchTable done
Event: 6.273 loading class com/android/dx/dex/code/LocalList$Disposition
Event: 6.273 loading class com/android/dx/dex/code/LocalList$Disposition done
Event: 6.273 loading class com/android/dx/dex/code/LocalList$Entry
Event: 6.273 loading class com/android/dx/dex/code/LocalList$Entry done


Dynamic libraries:
0x000000013fa70000 - 0x000000013faa4000 	C:\Program Files\Java\jdk1.8.0_25\bin\java.exe
0x0000000077660000 - 0x000000007780a000 	C:\Windows\SYSTEM32\ntdll.dll
0x0000000077540000 - 0x000000007765f000 	C:\Windows\system32\kernel32.dll
0x000007fefd700000 - 0x000007fefd76a000 	C:\Windows\system32\KERNELBASE.dll
0x000007fefeca0000 - 0x000007fefed7b000 	C:\Windows\system32\ADVAPI32.dll
0x000007fefe850000 - 0x000007fefe8ef000 	C:\Windows\system32\msvcrt.dll
0x000007fefe990000 - 0x000007fefe9af000 	C:\Windows\SYSTEM32\sechost.dll
0x000007feff720000 - 0x000007feff84d000 	C:\Windows\system32\RPCRT4.dll
0x0000000077440000 - 0x000000007753a000 	C:\Windows\system32\USER32.dll
0x000007fefea80000 - 0x000007fefeae7000 	C:\Windows\system32\GDI32.dll
0x000007feff960000 - 0x000007feff96e000 	C:\Windows\system32\LPK.dll
0x000007fefe9b0000 - 0x000007fefea7a000 	C:\Windows\system32\USP10.dll
0x000007fefbf60000 - 0x000007fefc154000 	C:\Windows\WinSxS\amd64_microsoft.windows.common-controls_6595b64144ccf1df_6.0.7601.18837_none_fa3b1e3d17594757\COMCTL32.dll
0x000007feff050000 - 0x000007feff0c1000 	C:\Windows\system32\SHLWAPI.dll
0x000007feff8d0000 - 0x000007feff8fe000 	C:\Windows\system32\IMM32.DLL
0x000007feff400000 - 0x000007feff509000 	C:\Windows\system32\MSCTF.dll
0x000000006edc0000 - 0x000000006ee92000 	C:\Program Files\Java\jdk1.8.0_25\jre\bin\msvcr100.dll
0x000000005f240000 - 0x000000005fa9a000 	C:\Program Files\Java\jdk1.8.0_25\jre\bin\server\jvm.dll
0x000007fef9370000 - 0x000007fef9379000 	C:\Windows\system32\WSOCK32.dll
0x000007fefe800000 - 0x000007fefe84d000 	C:\Windows\system32\WS2_32.dll
0x000007fefe610000 - 0x000007fefe618000 	C:\Windows\system32\NSI.dll
0x000007fefb0e0000 - 0x000007fefb11b000 	C:\Windows\system32\WINMM.dll
0x0000000077830000 - 0x0000000077837000 	C:\Windows\system32\PSAPI.DLL
0x000000006b200000 - 0x000000006b20f000 	C:\Program Files\Java\jdk1.8.0_25\jre\bin\verify.dll
0x0000000064230000 - 0x0000000064258000 	C:\Program Files\Java\jdk1.8.0_25\jre\bin\java.dll
0x00000000631c0000 - 0x00000000631d6000 	C:\Program Files\Java\jdk1.8.0_25\jre\bin\zip.dll
0x000007fefd880000 - 0x000007fefe60a000 	C:\Windows\system32\SHELL32.dll
0x000007feff510000 - 0x000007feff713000 	C:\Windows\system32\ole32.dll
0x000007fefd3f0000 - 0x000007fefd3ff000 	C:\Windows\system32\profapi.dll
0x000007fef8410000 - 0x000007fef8535000 	C:\Windows\system32\dbghelp.dll

VM Arguments:
jvm_args: -Djava.awt.headless=true -Xmx1024M -Dfile.encoding=windows-31j -Duser.country=JP -Duser.language=ja -Duser.variant 
java_command: com.android.dx.command.Main --dex --force-jumbo --output C:\Users\seki\AndroidStudioProjects\Saezurishiki\app\build\intermediates\pre-dexed\debug\instant-run_957b83b89b1fdb852f8837d0c4035b3f6698a6f6.jar C:\Users\seki\AndroidStudioProjects\Saezurishiki\app\build\intermediates\incremental-runtime-classes\debug\instant-run.jar
java_class_path (initial): C:\Users\seki\AppData\Local\Android\sdk\build-tools\21.1.2\lib\dx.jar
Launcher Type: SUN_STANDARD

Environment Variables:
JAVA_HOME=C:\Program Files\Java\jdk1.8.0_25
PATH=C:\Program Files\Common Files\Microsoft Shared\Windows Live;C:\Program Files (x86)\Common Files\Microsoft Shared\Windows Live;C:\Windows\system32;C:\Windows;C:\Windows\System32\Wbem;C:\Windows\System32\WindowsPowerShell\v1.0\;C:\Program Files (x86)\Windows Live\Shared;C:\Program Files (x86)\EgisTec MyWinLocker\x64;C:\Program Files (x86)\EgisTec MyWinLocker\;c:\Program Files (x86)\Microsoft SQL Server\100\Tools\Binn\;c:\Program Files\Microsoft SQL Server\100\Tools\Binn\;c:\Program Files\Microsoft SQL Server\100\DTS\Binn\;C:\Users\seki\Downloads\android-sdk-windows\tools;C:\Program Files (x86)\gdipp\;C:\Program Files\Java\jdk1.8.0_25\bin;C:\Program Files (x86)\Skype\Phone\;C:\Program Files (x86)\scala\bin
USERNAME=seki
OS=Windows_NT
PROCESSOR_IDENTIFIER=Intel64 Family 6 Model 42 Stepping 7, GenuineIntel



---------------  S Y S T E M  ---------------

OS: Windows 7 , 64 bit Build 7601 Service Pack 1

CPU:total 4 (2 cores per cpu, 2 threads per core) family 6 model 42 stepping 7, cmov, cx8, fxsr, mmx, sse, sse2, sse3, ssse3, sse4.1, sse4.2, popcnt, avx, aes, clmul, ht, tsc, tscinvbit

Memory: 4k page, physical 4042608k(650064k free), swap 8083356k(3210660k free)

vm_info: Java HotSpot(TM) 64-Bit Server VM (25.25-b02) for windows-amd64 JRE (1.8.0_25-b18), built on Oct  7 2014 14:25:37 by "java_re" with MS VC++ 10.0 (VS2010)

time: Sun May 22 11:17:35 2016
elapsed time: 6 seconds (0d 0h 0m 6s)

