#
# A fatal error has been detected by the Java Runtime Environment:
#
#  EXCEPTION_ACCESS_VIOLATION (0xc0000005) at pc=0x000000005ca9f506, pid=6948, tid=2776
#
# JRE version: Java(TM) SE Runtime Environment (8.0_25-b18) (build 1.8.0_25-b18)
# Java VM: Java HotSpot(TM) 64-Bit Server VM (25.25-b02 mixed mode windows-amd64 compressed oops)
# Problematic frame:
# V  [jvm.dll+0x3df506]
#
# Failed to write core dump. Minidumps are not enabled by default on client versions of Windows
#
# If you would like to submit a bug report, please visit:
#   http://bugreport.sun.com/bugreport/crash.jsp
#

---------------  T H R E A D  ---------------

Current thread (0x000000000245e000):  GCTaskThread [stack: 0x0000000012120000,0x0000000012220000] [id=2776]

siginfo: ExceptionCode=0xc0000005, reading address 0xffffffffffffffff

Registers:
RAX=0xeec03580146bb9b0, RBX=0x00000000eec03568, RCX=0x00000000eec03568, RDX=0x00000000eec03490
RSP=0x000000001221f2d0, RBP=0x00000000028d76ea, RSI=0x0000000054fd2e80, RDI=0x00000000c0d37e08
R8 =0x00000000028d76ea, R9 =0x00000000eec03490, R10=0x000000000000000c, R11=0x000000000000000c
R12=0x0000000011bc699e, R13=0xeec03580146bb9b0, R14=0x0000000000000000, R15=0x0000000002455570
RIP=0x000000005ca9f506, EFLAGS=0x0000000000010282

Top of Stack: (sp=0x000000001221f2d0)
0x000000001221f2d0:   00000000ec2409b0 0000000000000004
0x000000001221f2e0:   0000000054fd2e80 000000000245c2b0
0x000000001221f2f0:   00000000eeb779f8 000000005ca9fcab
0x000000001221f300:   00000000c1568268 0000000000000400
0x000000001221f310:   0000000000000000 0000000054fd2e00
0x000000001221f320:   0000000011bc699e 000000005ca9f880
0x000000001221f330:   00000000c156958c 0000000011bc6a01
0x000000001221f340:   0000000054fd2e80 00000000c0d37e08
0x000000001221f350:   00000000c156958c 000000005caa0435
0x000000001221f360:   00000000ec241398 0000000011bc6a01
0x000000001221f370:   0000000054fd2e80 0000000000000004
0x000000001221f380:   0000000054fd2e80 000007fefd6110ac
0x000000001221f390:   0000000000000000 000000005c7c4d87
0x000000001221f3a0:   0000000054fd2e80 000000005c7c2dc3
0x000000001221f3b0:   00000000c0cf3599 00000000c0cf3599
0x000000001221f3c0:   00000000c0d34730 000000005c7c4d87 

Instructions: (pc=0x000000005ca9f506)
0x000000005ca9f4e6:   48 8b 52 08 48 8b cb e8 8e 20 cc ff 48 63 e8 41
0x000000005ca9f4f6:   0f b6 c5 f6 d0 a8 01 49 8b c5 74 06 48 83 e0 fd
0x000000005ca9f506:   8b 00 48 c1 e8 03 83 e0 0f 3b 05 83 e0 3f 00 0f
0x000000005ca9f516:   83 2b 01 00 00 48 8b 7e 08 48 8d 04 ef 48 3b c7 


Register to memory mapping:

RAX=0xeec03580146bb9b0 is an unknown value
RBX=0x00000000eec03568 is an unknown value
RCX=0x00000000eec03568 is an unknown value
RDX=0x00000000eec03490 is an oop
com.android.dx.rop.type.Type 
 - klass: 'com/android/dx/rop/type/Type'
RSP=0x000000001221f2d0 is an unknown value
RBP=0x00000000028d76ea is at code_begin+390986 in 
[CodeBlob (0x0000000002877f50)]
Framesize: 0
BufferBlob (0x0000000002877f50) used for C1 temporary CodeBuffer
RSI=0x0000000054fd2e80 is an unknown value
RDI=0x00000000c0d37e08 is an oop
[I 
 - klass: {type array int}
 - length: 10
R8 =0x00000000028d76ea is at code_begin+390986 in 
[CodeBlob (0x0000000002877f50)]
Framesize: 0
BufferBlob (0x0000000002877f50) used for C1 temporary CodeBuffer
R9 =0x00000000eec03490 is an oop
com.android.dx.rop.type.Type 
 - klass: 'com/android/dx/rop/type/Type'
R10=0x000000000000000c is an unknown value
R11=0x000000000000000c is an unknown value
R12=0x0000000011bc699e is an unknown value
R13=0xeec03580146bb9b0 is an unknown value
R14=0x0000000000000000 is an unknown value
R15=0x0000000002455570 is an unknown value


Stack: [0x0000000012120000,0x0000000012220000],  sp=0x000000001221f2d0,  free space=1020k
Native frames: (J=compiled Java code, j=interpreted, Vv=VM code, C=native code)
V  [jvm.dll+0x3df506]
V  [jvm.dll+0x3df880]
V  [jvm.dll+0x3e0435]
V  [jvm.dll+0x3cfbff]
V  [jvm.dll+0x3e2442]
V  [jvm.dll+0x3d14ae]
V  [jvm.dll+0x2852fa]
C  [msvcr100.dll+0x21d9f]
C  [msvcr100.dll+0x21e3b]
C  [kernel32.dll+0x159bd]
C  [ntdll.dll+0x2a2e1]


---------------  P R O C E S S  ---------------

Java Threads: ( => current thread )
  0x00000000564df000 JavaThread "Service Thread" daemon [_thread_blocked, id=7568, stack(0x0000000056df0000,0x0000000056ef0000)]
  0x0000000056494000 JavaThread "C1 CompilerThread2" daemon [_thread_blocked, id=6784, stack(0x0000000056f00000,0x0000000057000000)]
  0x0000000056492000 JavaThread "C2 CompilerThread1" daemon [_thread_blocked, id=5196, stack(0x0000000056cf0000,0x0000000056df0000)]
  0x000000005648d000 JavaThread "C2 CompilerThread0" daemon [_thread_blocked, id=5096, stack(0x0000000056b50000,0x0000000056c50000)]
  0x000000005648c800 JavaThread "Attach Listener" daemon [_thread_blocked, id=8040, stack(0x00000000568a0000,0x00000000569a0000)]
  0x0000000055047800 JavaThread "Signal Dispatcher" daemon [_thread_blocked, id=1056, stack(0x0000000056130000,0x0000000056230000)]
  0x0000000054fde800 JavaThread "Finalizer" daemon [_thread_blocked, id=6396, stack(0x0000000056380000,0x0000000056480000)]
  0x0000000054fdb800 JavaThread "Reference Handler" daemon [_thread_blocked, id=1252, stack(0x0000000056250000,0x0000000056350000)]
  0x000000000240e800 JavaThread "main" [_thread_blocked, id=6096, stack(0x0000000002700000,0x0000000002800000)]

Other Threads:
  0x0000000054fd6000 VMThread [stack: 0x0000000056020000,0x0000000056120000] [id=4468]
  0x00000000564e5800 WatcherThread [stack: 0x0000000057000000,0x0000000057100000] [id=6424]

=>0x000000000245e000 (exited) GCTaskThread [stack: 0x0000000012120000,0x0000000012220000] [id=2776]

VM state:at safepoint (normal execution)

VM Mutex/Monitor currently owned by a thread:  ([mutex/lock_event])
[0x000000000240c410] Threads_lock - owner thread: 0x0000000054fd6000
[0x000000000240c910] Heap_lock - owner thread: 0x000000000240e800

Heap:
 PSYoungGen      total 66048K, used 66041K [0x00000000eab00000, 0x00000000eee00000, 0x0000000100000000)
  eden space 63488K, 100% used [0x00000000eab00000,0x00000000ee900000,0x00000000ee900000)
  from space 2560K, 99% used [0x00000000eeb80000,0x00000000eedfe758,0x00000000eee00000)
  to   space 2560K, 99% used [0x00000000ee900000,0x00000000eeb7f9f8,0x00000000eeb80000)
 ParOldGen       total 42496K, used 23408K [0x00000000c0000000, 0x00000000c2980000, 0x00000000eab00000)
  object space 42496K, 55% used [0x00000000c0000000,0x00000000c16dc290,0x00000000c2980000)
 Metaspace       used 5939K, capacity 7088K, committed 7296K, reserved 1056768K
  class space    used 560K, capacity 616K, committed 640K, reserved 1048576K

Card table byte_map: [0x0000000011bc0000,0x0000000011dd0000] byte_map_base: 0x00000000115c0000

Marking Bits: (ParMarkBitMap*) 0x000000005ce9d490
 Begin Bits: [0x0000000012450000, 0x0000000013450000)
 End Bits:   [0x0000000013450000, 0x0000000014450000)

Polling page: 0x0000000000340000

CodeCache: size=245760Kb used=7123Kb max_used=7123Kb free=238636Kb
 bounds [0x0000000002800000, 0x0000000002f00000, 0x0000000011800000]
 total_blobs=1951 nmethods=1689 adapters=176
 compilation: enabled

Compilation events (10 events):
Event: 8.509 Thread 0x0000000056494000 1745       2       com.android.dx.cf.direct.DirectClassFile::getFields (9 bytes)
Event: 8.509 Thread 0x0000000056494000 nmethod 1745 0x0000000002ed8550 code [0x0000000002ed86c0, 0x0000000002ed8848]
Event: 8.516 Thread 0x0000000056494000 1747       1       com.android.dx.rop.cst.CstFloat::getType (4 bytes)
Event: 8.516 Thread 0x0000000056494000 nmethod 1747 0x0000000002ef3850 code [0x0000000002ef39a0, 0x0000000002ef3ab0]
Event: 8.529 Thread 0x0000000056494000 1748       2       com.android.dx.rop.type.Type::getComponentType (70 bytes)
Event: 8.530 Thread 0x0000000056494000 nmethod 1748 0x0000000002ef2e90 code [0x0000000002ef3060, 0x0000000002ef3528]
Event: 8.557 Thread 0x000000005648d000 nmethod 1724 0x0000000002ef68d0 code [0x0000000002ef6b40, 0x0000000002ef81a0]
Event: 8.558 Thread 0x000000005648d000 1726       4       com.android.dx.ssa.SsaBasicBlock::newFromRop (183 bytes)
Event: 8.584 Thread 0x0000000056494000 1750   !   2       com.android.dx.dex.cf.CfTranslator::processMethods (583 bytes)
Event: 8.590 Thread 0x0000000056494000 nmethod 1750 0x0000000002efa950 code [0x0000000002efae00, 0x0000000002efc3e8]

GC Heap History (9 events):
Event: 3.591 GC heap before
{Heap before GC invocations=1 (full 0):
 PSYoungGen      total 18432K, used 15872K [0x00000000eab00000, 0x00000000ebf80000, 0x0000000100000000)
  eden space 15872K, 100% used [0x00000000eab00000,0x00000000eba80000,0x00000000eba80000)
  from space 2560K, 0% used [0x00000000ebd00000,0x00000000ebd00000,0x00000000ebf80000)
  to   space 2560K, 0% used [0x00000000eba80000,0x00000000eba80000,0x00000000ebd00000)
 ParOldGen       total 42496K, used 0K [0x00000000c0000000, 0x00000000c2980000, 0x00000000eab00000)
  object space 42496K, 0% used [0x00000000c0000000,0x00000000c0000000,0x00000000c2980000)
 Metaspace       used 5561K, capacity 6768K, committed 7040K, reserved 1056768K
  class space    used 553K, capacity 616K, committed 640K, reserved 1048576K
Event: 3.891 GC heap after
Heap after GC invocations=1 (full 0):
 PSYoungGen      total 18432K, used 2544K [0x00000000eab00000, 0x00000000ecf00000, 0x0000000100000000)
  eden space 15872K, 0% used [0x00000000eab00000,0x00000000eab00000,0x00000000eba80000)
  from space 2560K, 99% used [0x00000000eba80000,0x00000000ebcfc0c8,0x00000000ebd00000)
  to   space 2560K, 0% used [0x00000000ecc80000,0x00000000ecc80000,0x00000000ecf00000)
 ParOldGen       total 42496K, used 1634K [0x00000000c0000000, 0x00000000c2980000, 0x00000000eab00000)
  object space 42496K, 3% used [0x00000000c0000000,0x00000000c0198950,0x00000000c2980000)
 Metaspace       used 5561K, capacity 6768K, committed 7040K, reserved 1056768K
  class space    used 553K, capacity 616K, committed 640K, reserved 1048576K
}
Event: 5.340 GC heap before
{Heap before GC invocations=2 (full 0):
 PSYoungGen      total 18432K, used 18416K [0x00000000eab00000, 0x00000000ecf00000, 0x0000000100000000)
  eden space 15872K, 100% used [0x00000000eab00000,0x00000000eba80000,0x00000000eba80000)
  from space 2560K, 99% used [0x00000000eba80000,0x00000000ebcfc0c8,0x00000000ebd00000)
  to   space 2560K, 0% used [0x00000000ecc80000,0x00000000ecc80000,0x00000000ecf00000)
 ParOldGen       total 42496K, used 1634K [0x00000000c0000000, 0x00000000c2980000, 0x00000000eab00000)
  object space 42496K, 3% used [0x00000000c0000000,0x00000000c0198950,0x00000000c2980000)
 Metaspace       used 5833K, capacity 7024K, committed 7296K, reserved 1056768K
  class space    used 559K, capacity 616K, committed 640K, reserved 1048576K
Event: 6.034 GC heap after
Heap after GC invocations=2 (full 0):
 PSYoungGen      total 34304K, used 2558K [0x00000000eab00000, 0x00000000ecf00000, 0x0000000100000000)
  eden space 31744K, 0% used [0x00000000eab00000,0x00000000eab00000,0x00000000eca00000)
  from space 2560K, 99% used [0x00000000ecc80000,0x00000000eceff8f0,0x00000000ecf00000)
  to   space 2560K, 0% used [0x00000000eca00000,0x00000000eca00000,0x00000000ecc80000)
 ParOldGen       total 42496K, used 4158K [0x00000000c0000000, 0x00000000c2980000, 0x00000000eab00000)
  object space 42496K, 9% used [0x00000000c0000000,0x00000000c040fb08,0x00000000c2980000)
 Metaspace       used 5833K, capacity 7024K, committed 7296K, reserved 1056768K
  class space    used 559K, capacity 616K, committed 640K, reserved 1048576K
}
Event: 6.449 GC heap before
{Heap before GC invocations=3 (full 0):
 PSYoungGen      total 34304K, used 34302K [0x00000000eab00000, 0x00000000ecf00000, 0x0000000100000000)
  eden space 31744K, 100% used [0x00000000eab00000,0x00000000eca00000,0x00000000eca00000)
  from space 2560K, 99% used [0x00000000ecc80000,0x00000000eceff8f0,0x00000000ecf00000)
  to   space 2560K, 0% used [0x00000000eca00000,0x00000000eca00000,0x00000000ecc80000)
 ParOldGen       total 42496K, used 4158K [0x00000000c0000000, 0x00000000c2980000, 0x00000000eab00000)
  object space 42496K, 9% used [0x00000000c0000000,0x00000000c040fb08,0x00000000c2980000)
 Metaspace       used 5884K, capacity 7088K, committed 7296K, reserved 1056768K
  class space    used 559K, capacity 616K, committed 640K, reserved 1048576K
Event: 6.658 GC heap after
Heap after GC invocations=3 (full 0):
 PSYoungGen      total 34304K, used 2539K [0x00000000eab00000, 0x00000000eee00000, 0x0000000100000000)
  eden space 31744K, 0% used [0x00000000eab00000,0x00000000eab00000,0x00000000eca00000)
  from space 2560K, 99% used [0x00000000eca00000,0x00000000ecc7adc0,0x00000000ecc80000)
  to   space 2560K, 0% used [0x00000000eeb80000,0x00000000eeb80000,0x00000000eee00000)
 ParOldGen       total 42496K, used 9112K [0x00000000c0000000, 0x00000000c2980000, 0x00000000eab00000)
  object space 42496K, 21% used [0x00000000c0000000,0x00000000c08e63b8,0x00000000c2980000)
 Metaspace       used 5884K, capacity 7088K, committed 7296K, reserved 1056768K
  class space    used 559K, capacity 616K, committed 640K, reserved 1048576K
}
Event: 7.042 GC heap before
{Heap before GC invocations=4 (full 0):
 PSYoungGen      total 34304K, used 34283K [0x00000000eab00000, 0x00000000eee00000, 0x0000000100000000)
  eden space 31744K, 100% used [0x00000000eab00000,0x00000000eca00000,0x00000000eca00000)
  from space 2560K, 99% used [0x00000000eca00000,0x00000000ecc7adc0,0x00000000ecc80000)
  to   space 2560K, 0% used [0x00000000eeb80000,0x00000000eeb80000,0x00000000eee00000)
 ParOldGen       total 42496K, used 9112K [0x00000000c0000000, 0x00000000c2980000, 0x00000000eab00000)
  object space 42496K, 21% used [0x00000000c0000000,0x00000000c08e63b8,0x00000000c2980000)
 Metaspace       used 5915K, capacity 7088K, committed 7296K, reserved 1056768K
  class space    used 559K, capacity 616K, committed 640K, reserved 1048576K
Event: 7.732 GC heap after
Heap after GC invocations=4 (full 0):
 PSYoungGen      total 66048K, used 2553K [0x00000000eab00000, 0x00000000eee00000, 0x0000000100000000)
  eden space 63488K, 0% used [0x00000000eab00000,0x00000000eab00000,0x00000000ee900000)
  from space 2560K, 99% used [0x00000000eeb80000,0x00000000eedfe758,0x00000000eee00000)
  to   space 2560K, 0% used [0x00000000ee900000,0x00000000ee900000,0x00000000eeb80000)
 ParOldGen       total 42496K, used 13920K [0x00000000c0000000, 0x00000000c2980000, 0x00000000eab00000)
  object space 42496K, 32% used [0x00000000c0000000,0x00000000c0d98248,0x00000000c2980000)
 Metaspace       used 5915K, capacity 7088K, committed 7296K, reserved 1056768K
  class space    used 559K, capacity 616K, committed 640K, reserved 1048576K
}
Event: 8.595 GC heap before
{Heap before GC invocations=5 (full 0):
 PSYoungGen      total 66048K, used 66041K [0x00000000eab00000, 0x00000000eee00000, 0x0000000100000000)
  eden space 63488K, 100% used [0x00000000eab00000,0x00000000ee900000,0x00000000ee900000)
  from space 2560K, 99% used [0x00000000eeb80000,0x00000000eedfe758,0x00000000eee00000)
  to   space 2560K, 0% used [0x00000000ee900000,0x00000000ee900000,0x00000000eeb80000)
 ParOldGen       total 42496K, used 13920K [0x00000000c0000000, 0x00000000c2980000, 0x00000000eab00000)
  object space 42496K, 32% used [0x00000000c0000000,0x00000000c0d98248,0x00000000c2980000)
 Metaspace       used 5939K, capacity 7088K, committed 7296K, reserved 1056768K
  class space    used 560K, capacity 616K, committed 640K, reserved 1048576K

Deoptimization events (10 events):
Event: 6.387 Thread 0x000000000240e800 Uncommon trap: reason=class_check action=maybe_recompile pc=0x0000000002cedcfc method=java.util.HashMap.putVal(ILjava/lang/Object;Ljava/lang/Object;ZZ)Ljava/lang/Object; @ 203
Event: 6.704 Thread 0x000000000240e800 Uncommon trap: reason=bimorphic action=maybe_recompile pc=0x0000000002db8dc0 method=com.android.dx.cf.code.BytecodeArray.parseInstruction(ILcom/android/dx/cf/code/BytecodeArray$Visitor;)I @ 939
Event: 6.704 Thread 0x000000000240e800 Uncommon trap: reason=bimorphic action=maybe_recompile pc=0x0000000002db8dc0 method=com.android.dx.cf.code.BytecodeArray.parseInstruction(ILcom/android/dx/cf/code/BytecodeArray$Visitor;)I @ 939
Event: 6.789 Thread 0x000000000240e800 Uncommon trap: reason=class_check action=maybe_recompile pc=0x0000000002cedcfc method=java.util.HashMap.putVal(ILjava/lang/Object;Ljava/lang/Object;ZZ)Ljava/lang/Object; @ 203
Event: 7.877 Thread 0x000000000240e800 Uncommon trap: reason=unreached action=reinterpret pc=0x0000000002c5a84c method=com.android.dx.ssa.SsaMethod.updateOneDefinition(Lcom/android/dx/ssa/SsaInsn;Lcom/android/dx/rop/code/RegisterSpec;)V @ 4
Event: 8.130 Thread 0x000000000240e800 Uncommon trap: reason=bimorphic action=maybe_recompile pc=0x0000000002e989b0 method=com.android.dx.cf.code.BytecodeArray.parseInstruction(ILcom/android/dx/cf/code/BytecodeArray$Visitor;)I @ 1130
Event: 8.130 Thread 0x000000000240e800 Uncommon trap: reason=bimorphic action=maybe_recompile pc=0x0000000002e98600 method=com.android.dx.cf.code.BytecodeArray.parseInstruction(ILcom/android/dx/cf/code/BytecodeArray$Visitor;)I @ 971
Event: 8.130 Thread 0x000000000240e800 Uncommon trap: reason=bimorphic action=maybe_recompile pc=0x0000000002e98680 method=com.android.dx.cf.code.BytecodeArray.parseInstruction(ILcom/android/dx/cf/code/BytecodeArray$Visitor;)I @ 987
Event: 8.130 Thread 0x000000000240e800 Uncommon trap: reason=bimorphic action=maybe_recompile pc=0x0000000002e98580 method=com.android.dx.cf.code.BytecodeArray.parseInstruction(ILcom/android/dx/cf/code/BytecodeArray$Visitor;)I @ 955
Event: 8.130 Thread 0x000000000240e800 Uncommon trap: reason=bimorphic action=maybe_recompile pc=0x0000000002e98580 method=com.android.dx.cf.code.BytecodeArray.parseInstruction(ILcom/android/dx/cf/code/BytecodeArray$Visitor;)I @ 955

Internal exceptions (10 events):
Event: 2.818 Thread 0x000000000240e800 Implicit null exception at 0x0000000002b561b9 to 0x0000000002b584f5
Event: 2.888 Thread 0x000000000240e800 Exception <a 'java/security/PrivilegedActionException'> (0x00000000eb903700) thrown at [D:\re\workspace\8-2-build-windows-amd64-cygwin\jdk8u25\1677\hotspot\src\share\vm\prims\jvm.cpp, line 1312]
Event: 4.094 Thread 0x000000000240e800 Exception <a 'java/security/PrivilegedActionException'> (0x00000000ead2bfc0) thrown at [D:\re\workspace\8-2-build-windows-amd64-cygwin\jdk8u25\1677\hotspot\src\share\vm\prims\jvm.cpp, line 1312]
Event: 4.448 Thread 0x000000000240e800 Implicit null exception at 0x0000000002b4bf12 to 0x0000000002b4c011
Event: 4.939 Thread 0x000000000240e800 Exception <a 'java/security/PrivilegedActionException'> (0x00000000eb327338) thrown at [D:\re\workspace\8-2-build-windows-amd64-cygwin\jdk8u25\1677\hotspot\src\share\vm\prims\jvm.cpp, line 1312]
Event: 4.939 Thread 0x000000000240e800 Exception <a 'java/security/PrivilegedActionException'> (0x00000000eb329a68) thrown at [D:\re\workspace\8-2-build-windows-amd64-cygwin\jdk8u25\1677\hotspot\src\share\vm\prims\jvm.cpp, line 1312]
Event: 4.943 Thread 0x000000000240e800 Exception <a 'java/security/PrivilegedActionException'> (0x00000000eb32de78) thrown at [D:\re\workspace\8-2-build-windows-amd64-cygwin\jdk8u25\1677\hotspot\src\share\vm\prims\jvm.cpp, line 1312]
Event: 4.958 Thread 0x000000000240e800 Exception <a 'java/security/PrivilegedActionException'> (0x00000000eb417aa8) thrown at [D:\re\workspace\8-2-build-windows-amd64-cygwin\jdk8u25\1677\hotspot\src\share\vm\prims\jvm.cpp, line 1312]
Event: 7.876 Thread 0x000000000240e800 Exception <a 'java/security/PrivilegedActionException'> (0x00000000eaeeed68) thrown at [D:\re\workspace\8-2-build-windows-amd64-cygwin\jdk8u25\1677\hotspot\src\share\vm\prims\jvm.cpp, line 1312]
Event: 8.426 Thread 0x000000000240e800 Exception <a 'java/security/PrivilegedActionException'> (0x00000000edbce900) thrown at [D:\re\workspace\8-2-build-windows-amd64-cygwin\jdk8u25\1677\hotspot\src\share\vm\prims\jvm.cpp, line 1312]

Events (10 events):
Event: 8.130 Thread 0x000000000240e800 DEOPT UNPACKING pc=0x000000000284556a sp=0x00000000027fe3b8 mode 2
Event: 8.130 Thread 0x000000000240e800 Uncommon trap: trap_request=0xffffffc6 fr.pc=0x0000000002e98580
Event: 8.130 Thread 0x000000000240e800 DEOPT PACKING pc=0x0000000002e98580 sp=0x00000000027fe410
Event: 8.130 Thread 0x000000000240e800 DEOPT UNPACKING pc=0x000000000284556a sp=0x00000000027fe3b8 mode 2
Event: 8.130 Thread 0x000000000240e800 Uncommon trap: trap_request=0xffffffc6 fr.pc=0x0000000002e98580
Event: 8.130 Thread 0x000000000240e800 DEOPT PACKING pc=0x0000000002e98580 sp=0x00000000027fe410
Event: 8.130 Thread 0x000000000240e800 DEOPT UNPACKING pc=0x000000000284556a sp=0x00000000027fe3b8 mode 2
Event: 8.426 loading class com/android/dx/rop/code/RegisterSpec$1
Event: 8.426 loading class com/android/dx/rop/code/RegisterSpec$1 done
Event: 8.595 Executing VM operation: ParallelGCFailedAllocation


Dynamic libraries:
0x000000013f430000 - 0x000000013f464000 	C:\Program Files\Java\jdk1.8.0_25\bin\java.exe
0x0000000077860000 - 0x0000000077a0a000 	C:\Windows\SYSTEM32\ntdll.dll
0x0000000077740000 - 0x000000007785f000 	C:\Windows\system32\kernel32.dll
0x000007fefd610000 - 0x000007fefd67a000 	C:\Windows\system32\KERNELBASE.dll
0x000007fefdb90000 - 0x000007fefdc6b000 	C:\Windows\system32\ADVAPI32.dll
0x000007feff940000 - 0x000007feff9df000 	C:\Windows\system32\msvcrt.dll
0x000007fefde00000 - 0x000007fefde1f000 	C:\Windows\SYSTEM32\sechost.dll
0x000007feff770000 - 0x000007feff89d000 	C:\Windows\system32\RPCRT4.dll
0x0000000077640000 - 0x000000007773a000 	C:\Windows\system32\USER32.dll
0x000007fefdaa0000 - 0x000007fefdb07000 	C:\Windows\system32\GDI32.dll
0x000007fefe1b0000 - 0x000007fefe1be000 	C:\Windows\system32\LPK.dll
0x000007fefe000000 - 0x000007fefe0ca000 	C:\Windows\system32\USP10.dll
0x000007fefbc00000 - 0x000007fefbdf4000 	C:\Windows\WinSxS\amd64_microsoft.windows.common-controls_6595b64144ccf1df_6.0.7601.18837_none_fa3b1e3d17594757\COMCTL32.dll
0x000007fefdb10000 - 0x000007fefdb81000 	C:\Windows\system32\SHLWAPI.dll
0x000007feff160000 - 0x000007feff18e000 	C:\Windows\system32\IMM32.DLL
0x000007feff9e0000 - 0x000007feffae9000 	C:\Windows\system32\MSCTF.dll
0x0000000068540000 - 0x0000000068612000 	C:\Program Files\Java\jdk1.8.0_25\jre\bin\msvcr100.dll
0x000000005c6c0000 - 0x000000005cf1a000 	C:\Program Files\Java\jdk1.8.0_25\jre\bin\server\jvm.dll
0x000007fef91f0000 - 0x000007fef91f9000 	C:\Windows\system32\WSOCK32.dll
0x000007feff720000 - 0x000007feff76d000 	C:\Windows\system32\WS2_32.dll
0x000007feff710000 - 0x000007feff718000 	C:\Windows\system32\NSI.dll
0x000007fef95a0000 - 0x000007fef95db000 	C:\Windows\system32\WINMM.dll
0x0000000077a30000 - 0x0000000077a37000 	C:\Windows\system32\PSAPI.DLL
0x0000000075040000 - 0x000000007504f000 	C:\Program Files\Java\jdk1.8.0_25\jre\bin\verify.dll
0x00000000706f0000 - 0x0000000070718000 	C:\Program Files\Java\jdk1.8.0_25\jre\bin\java.dll
0x0000000074c00000 - 0x0000000074c16000 	C:\Program Files\Java\jdk1.8.0_25\jre\bin\zip.dll
0x000007fefe3d0000 - 0x000007feff15c000 	C:\Windows\system32\SHELL32.dll
0x000007fefe1c0000 - 0x000007fefe3c3000 	C:\Windows\system32\ole32.dll
0x000007fefd5f0000 - 0x000007fefd5ff000 	C:\Windows\system32\profapi.dll
0x000007fefac70000 - 0x000007fefad95000 	C:\Windows\system32\dbghelp.dll

VM Arguments:
jvm_args: -Djava.awt.headless=true -Xmx1024M -Dfile.encoding=windows-31j -Duser.country=JP -Duser.language=ja -Duser.variant 
java_command: com.android.dx.command.Main --dex --output C:\Users\seki\AndroidStudioProjects\Saezurishiki\app\build\intermediates\pre-dexed\release\com.android.support-appcompat-v7-23.1.1_cd988ca3c1f3552f102808316ab16935f7831616.jar C:\Users\seki\AndroidStudioProjects\Saezurishiki\app\build\intermediates\exploded-aar\com.android.support\appcompat-v7\23.1.1\jars\classes.jar
java_class_path (initial): C:\Users\seki\AppData\Local\Android\sdk\build-tools\21.1.2\lib\dx.jar
Launcher Type: SUN_STANDARD

Environment Variables:
JAVA_HOME=C:\Program Files\Java\jdk1.8.0_25
PATH=C:\Program Files\Common Files\Microsoft Shared\Windows Live;C:\Program Files (x86)\Common Files\Microsoft Shared\Windows Live;C:\Windows\system32;C:\Windows;C:\Windows\System32\Wbem;C:\Windows\System32\WindowsPowerShell\v1.0\;C:\Program Files (x86)\Windows Live\Shared;C:\Program Files (x86)\EgisTec MyWinLocker\x64;C:\Program Files (x86)\EgisTec MyWinLocker\;c:\Program Files (x86)\Microsoft SQL Server\100\Tools\Binn\;c:\Program Files\Microsoft SQL Server\100\Tools\Binn\;c:\Program Files\Microsoft SQL Server\100\DTS\Binn\;C:\Users\seki\Downloads\android-sdk-windows\tools;C:\Program Files (x86)\gdipp\;C:\Program Files\Java\jdk1.8.0_25\bin;C:\Program Files (x86)\Skype\Phone\;C:\Program Files (x86)\scala\bin
USERNAME=seki
OS=Windows_NT
PROCESSOR_IDENTIFIER=Intel64 Family 6 Model 42 Stepping 7, GenuineIntel



---------------  S Y S T E M  ---------------

OS: Windows 7 , 64 bit Build 7601 Service Pack 1

CPU:total 4 (2 cores per cpu, 2 threads per core) family 6 model 42 stepping 7, cmov, cx8, fxsr, mmx, sse, sse2, sse3, ssse3, sse4.1, sse4.2, popcnt, avx, aes, clmul, ht, tsc, tscinvbit

Memory: 4k page, physical 4042608k(437280k free), swap 8083356k(2070584k free)

vm_info: Java HotSpot(TM) 64-Bit Server VM (25.25-b02) for windows-amd64 JRE (1.8.0_25-b18), built on Oct  7 2014 14:25:37 by "java_re" with MS VC++ 10.0 (VS2010)

time: Sun Jun 26 22:03:24 2016
elapsed time: 9 seconds (0d 0h 0m 9s)

