#
# A fatal error has been detected by the Java Runtime Environment:
#
#  EXCEPTION_ACCESS_VIOLATION (0xc0000005) at pc=0x000000005dbb99e3, pid=5016, tid=6116
#
# JRE version: Java(TM) SE Runtime Environment (8.0_25-b18) (build 1.8.0_25-b18)
# Java VM: Java HotSpot(TM) 64-Bit Server VM (25.25-b02 mixed mode windows-amd64 compressed oops)
# Problematic frame:
# V  [jvm.dll+0x4e99e3]
#
# Failed to write core dump. Minidumps are not enabled by default on client versions of Windows
#
# If you would like to submit a bug report, please visit:
#   http://bugreport.sun.com/bugreport/crash.jsp
#

---------------  T H R E A D  ---------------

Current thread (0x0000000016464000):  JavaThread "C2 CompilerThread1" daemon [_thread_in_native, id=6116, stack(0x0000000016cb0000,0x0000000016db0000)]

siginfo: ExceptionCode=0xc0000005, reading address 0x0000100018c1e86c

Registers:
RAX=0x0000000016dacbb0, RBX=0x0000000000000040, RCX=0x0000100018c1e820, RDX=0x0000000018c1e9c0
RSP=0x0000000016dac770, RBP=0x0000000016dac870, RSI=0x0000000000000001, RDI=0x0000000000000269
R8 =0x0000000000000000, R9 =0x0000000000000002, R10=0x0000000018c1e910, R11=0x0000000016dacc40
R12=0x000000001862f2b0, R13=0x0000000000000008, R14=0x0000000018c939a0, R15=0x0000000000000001
RIP=0x000000005dbb99e3, EFLAGS=0x0000000000010202

Top of Stack: (sp=0x0000000016dac770)
0x0000000016dac770:   0000000016dacc40 0000000018b396d0
0x0000000016dac780:   0000000000000001 0000000018c1e910
0x0000000016dac790:   0000000018b17210 0000000018b171d0
0x0000000016dac7a0:   0000000000000001 00000000ffffffff
0x0000000016dac7b0:   000000001862f2b0 000000400000000e
0x0000000016dac7c0:   0000000000000000 000000005db10700
0x0000000016dac7d0:   0000000018acc9a0 0000000000000000
0x0000000016dac7e0:   000000001739bb30 0000000100000497
0x0000000016dac7f0:   0000000018c1e910 0000000000000008
0x0000000016dac800:   0000000018c939a0 0000000000000497
0x0000000016dac810:   0000000000000038 0000000018c939a0
0x0000000016dac820:   000000000045f7d8 0000000018c8fef0
0x0000000016dac830:   0000000018c97ed8 00000000164625c0
0x0000000016dac840:   0000000000000000 0000000000000000
0x0000000016dac850:   0000000000000000 0000000000000000
0x0000000016dac860:   0000000000000000 00000000000fe560 

Instructions: (pc=0x000000005dbb99e3)
0x000000005dbb99c3:   90 49 83 3c fe 00 0f 84 ce 02 00 00 45 8b 4a 48
0x000000005dbb99d3:   45 33 c0 45 85 c9 74 23 49 8b 52 40 90 48 8b 0a
0x000000005dbb99e3:   8b 41 4c 49 83 3c c6 00 75 05 49 3b cc 75 0c 41
0x000000005dbb99f3:   ff c0 48 83 c2 08 45 3b c1 72 e2 45 3b c1 0f 82 


Register to memory mapping:

RAX=0x0000000016dacbb0 is pointing into the stack for thread: 0x0000000016464000
RBX=0x0000000000000040 is an unknown value
RCX=0x0000100018c1e820 is an unknown value
RDX=0x0000000018c1e9c0 is an unknown value
RSP=0x0000000016dac770 is pointing into the stack for thread: 0x0000000016464000
RBP=0x0000000016dac870 is pointing into the stack for thread: 0x0000000016464000
RSI=0x0000000000000001 is an unknown value
RDI=0x0000000000000269 is an unknown value
R8 =0x0000000000000000 is an unknown value
R9 =0x0000000000000002 is an unknown value
R10=0x0000000018c1e910 is an unknown value
R11=0x0000000016dacc40 is pointing into the stack for thread: 0x0000000016464000
R12=0x000000001862f2b0 is an unknown value
R13=0x0000000000000008 is an unknown value
R14=0x0000000018c939a0 is an unknown value
R15=0x0000000000000001 is an unknown value


Stack: [0x0000000016cb0000,0x0000000016db0000],  sp=0x0000000016dac770,  free space=1009k
Native frames: (J=compiled Java code, j=interpreted, Vv=VM code, C=native code)
V  [jvm.dll+0x4e99e3]
V  [jvm.dll+0x446659]
V  [jvm.dll+0x45130e]
V  [jvm.dll+0x4538f8]
V  [jvm.dll+0x437372]
V  [jvm.dll+0x98a02]
V  [jvm.dll+0x991f3]
V  [jvm.dll+0x22bde4]
V  [jvm.dll+0x2852fa]
C  [msvcr100.dll+0x21d9f]
C  [msvcr100.dll+0x21e3b]
C  [kernel32.dll+0x159bd]
C  [ntdll.dll+0x2a2e1]


Current CompileTask:
C2:   3676 1596       4       com.android.dx.rop.code.Rops::ropFor (771 bytes)


---------------  P R O C E S S  ---------------

Java Threads: ( => current thread )
  0x0000000015048800 JavaThread "Service Thread" daemon [_thread_blocked, id=6196, stack(0x0000000016f80000,0x0000000017080000)]
  0x0000000016466000 JavaThread "C1 CompilerThread2" daemon [_thread_blocked, id=6892, stack(0x0000000016e70000,0x0000000016f70000)]
=>0x0000000016464000 JavaThread "C2 CompilerThread1" daemon [_thread_in_native, id=6116, stack(0x0000000016cb0000,0x0000000016db0000)]
  0x000000001645f000 JavaThread "C2 CompilerThread0" daemon [_thread_in_native, id=1916, stack(0x0000000016870000,0x0000000016970000)]
  0x000000001645e800 JavaThread "Attach Listener" daemon [_thread_blocked, id=7432, stack(0x0000000016ba0000,0x0000000016ca0000)]
  0x0000000015038800 JavaThread "Signal Dispatcher" daemon [_thread_blocked, id=3756, stack(0x00000000169a0000,0x0000000016aa0000)]
  0x0000000014fde800 JavaThread "Finalizer" daemon [_thread_blocked, id=752, stack(0x0000000016350000,0x0000000016450000)]
  0x0000000014fdb800 JavaThread "Reference Handler" daemon [_thread_blocked, id=840, stack(0x0000000015f50000,0x0000000016050000)]
  0x00000000001fe800 JavaThread "main" [_thread_in_Java, id=4720, stack(0x0000000002520000,0x0000000002620000)]

Other Threads:
  0x0000000014fd6000 VMThread [stack: 0x00000000160e0000,0x00000000161e0000] [id=3424]
  0x000000001504c800 WatcherThread [stack: 0x00000000171c0000,0x00000000172c0000] [id=6380]

VM state:not at safepoint (normal execution)

VM Mutex/Monitor currently owned by a thread: None

Heap:
 PSYoungGen      total 34304K, used 20833K [0x00000000eab00000, 0x00000000eee00000, 0x0000000100000000)
  eden space 31744K, 57% used [0x00000000eab00000,0x00000000ebcddd10,0x00000000eca00000)
  from space 2560K, 99% used [0x00000000eca00000,0x00000000ecc7a988,0x00000000ecc80000)
  to   space 2560K, 0% used [0x00000000eeb80000,0x00000000eeb80000,0x00000000eee00000)
 ParOldGen       total 42496K, used 9941K [0x00000000c0000000, 0x00000000c2980000, 0x00000000eab00000)
  object space 42496K, 23% used [0x00000000c0000000,0x00000000c09b5570,0x00000000c2980000)
 Metaspace       used 5965K, capacity 7024K, committed 7296K, reserved 1056768K
  class space    used 572K, capacity 616K, committed 640K, reserved 1048576K

Card table byte_map: [0x00000000119e0000,0x0000000011bf0000] byte_map_base: 0x00000000113e0000

Marking Bits: (ParMarkBitMap*) 0x000000005dead490
 Begin Bits: [0x0000000012450000, 0x0000000013450000)
 End Bits:   [0x0000000013450000, 0x0000000014450000)

Polling page: 0x0000000000340000

CodeCache: size=245760Kb used=6669Kb max_used=6670Kb free=239090Kb
 bounds [0x0000000002620000, 0x0000000002cb0000, 0x0000000011620000]
 total_blobs=1851 nmethods=1589 adapters=176
 compilation: enabled

Compilation events (10 events):
Event: 3.048 Thread 0x0000000016464000 nmethod 1598 0x0000000002c95a10 code [0x0000000002c96380, 0x0000000002c96c38]
Event: 3.048 Thread 0x0000000016464000 1590       4       com.android.dx.cf.code.BaseMachine::getLocalTarget (151 bytes)
Event: 3.063 Thread 0x0000000016464000 nmethod 1590 0x0000000002caa110 code [0x0000000002caa320, 0x0000000002caac00]
Event: 3.063 Thread 0x0000000016464000 1596       4       com.android.dx.rop.code.Rops::ropFor (771 bytes)
Event: 3.562 Thread 0x0000000016466000 1605       3       com.android.dx.rop.type.Type::getArrayType (50 bytes)
Event: 3.563 Thread 0x0000000016466000 nmethod 1605 0x0000000002c8b7d0 code [0x0000000002c8b9c0, 0x0000000002c8c428]
Event: 3.567 Thread 0x0000000016466000 1606       3       com.android.dx.rop.code.Rops::opNewArray (124 bytes)
Event: 3.568 Thread 0x0000000016466000 nmethod 1606 0x0000000002c8a110 code [0x0000000002c8a360, 0x0000000002c8b168]
Event: 3.574 Thread 0x0000000016466000 1607       3       com.android.dx.rop.code.BasicBlockList$RegCountVisitor::visitThrowingInsn (6 bytes)
Event: 3.574 Thread 0x0000000016466000 nmethod 1607 0x0000000002c89d90 code [0x0000000002c89f00, 0x0000000002c8a088]

GC Heap History (6 events):
Event: 1.388 GC heap before
{Heap before GC invocations=1 (full 0):
 PSYoungGen      total 18432K, used 15872K [0x00000000eab00000, 0x00000000ebf80000, 0x0000000100000000)
  eden space 15872K, 100% used [0x00000000eab00000,0x00000000eba80000,0x00000000eba80000)
  from space 2560K, 0% used [0x00000000ebd00000,0x00000000ebd00000,0x00000000ebf80000)
  to   space 2560K, 0% used [0x00000000eba80000,0x00000000eba80000,0x00000000ebd00000)
 ParOldGen       total 42496K, used 0K [0x00000000c0000000, 0x00000000c2980000, 0x00000000eab00000)
  object space 42496K, 0% used [0x00000000c0000000,0x00000000c0000000,0x00000000c2980000)
 Metaspace       used 5567K, capacity 6768K, committed 7040K, reserved 1056768K
  class space    used 549K, capacity 616K, committed 640K, reserved 1048576K
Event: 1.475 GC heap after
Heap after GC invocations=1 (full 0):
 PSYoungGen      total 18432K, used 2528K [0x00000000eab00000, 0x00000000ecf00000, 0x0000000100000000)
  eden space 15872K, 0% used [0x00000000eab00000,0x00000000eab00000,0x00000000eba80000)
  from space 2560K, 98% used [0x00000000eba80000,0x00000000ebcf80a0,0x00000000ebd00000)
  to   space 2560K, 0% used [0x00000000ecc80000,0x00000000ecc80000,0x00000000ecf00000)
 ParOldGen       total 42496K, used 1976K [0x00000000c0000000, 0x00000000c2980000, 0x00000000eab00000)
  object space 42496K, 4% used [0x00000000c0000000,0x00000000c01ee2c8,0x00000000c2980000)
 Metaspace       used 5567K, capacity 6768K, committed 7040K, reserved 1056768K
  class space    used 549K, capacity 616K, committed 640K, reserved 1048576K
}
Event: 1.949 GC heap before
{Heap before GC invocations=2 (full 0):
 PSYoungGen      total 18432K, used 18400K [0x00000000eab00000, 0x00000000ecf00000, 0x0000000100000000)
  eden space 15872K, 100% used [0x00000000eab00000,0x00000000eba80000,0x00000000eba80000)
  from space 2560K, 98% used [0x00000000eba80000,0x00000000ebcf80a0,0x00000000ebd00000)
  to   space 2560K, 0% used [0x00000000ecc80000,0x00000000ecc80000,0x00000000ecf00000)
 ParOldGen       total 42496K, used 1976K [0x00000000c0000000, 0x00000000c2980000, 0x00000000eab00000)
  object space 42496K, 4% used [0x00000000c0000000,0x00000000c01ee2c8,0x00000000c2980000)
 Metaspace       used 5797K, capacity 6960K, committed 7040K, reserved 1056768K
  class space    used 553K, capacity 616K, committed 640K, reserved 1048576K
Event: 2.086 GC heap after
Heap after GC invocations=2 (full 0):
 PSYoungGen      total 34304K, used 2538K [0x00000000eab00000, 0x00000000ecf00000, 0x0000000100000000)
  eden space 31744K, 0% used [0x00000000eab00000,0x00000000eab00000,0x00000000eca00000)
  from space 2560K, 99% used [0x00000000ecc80000,0x00000000ecefa968,0x00000000ecf00000)
  to   space 2560K, 0% used [0x00000000eca00000,0x00000000eca00000,0x00000000ecc80000)
 ParOldGen       total 42496K, used 4335K [0x00000000c0000000, 0x00000000c2980000, 0x00000000eab00000)
  object space 42496K, 10% used [0x00000000c0000000,0x00000000c043bd28,0x00000000c2980000)
 Metaspace       used 5797K, capacity 6960K, committed 7040K, reserved 1056768K
  class space    used 553K, capacity 616K, committed 640K, reserved 1048576K
}
Event: 2.558 GC heap before
{Heap before GC invocations=3 (full 0):
 PSYoungGen      total 34304K, used 34282K [0x00000000eab00000, 0x00000000ecf00000, 0x0000000100000000)
  eden space 31744K, 100% used [0x00000000eab00000,0x00000000eca00000,0x00000000eca00000)
  from space 2560K, 99% used [0x00000000ecc80000,0x00000000ecefa968,0x00000000ecf00000)
  to   space 2560K, 0% used [0x00000000eca00000,0x00000000eca00000,0x00000000ecc80000)
 ParOldGen       total 42496K, used 4335K [0x00000000c0000000, 0x00000000c2980000, 0x00000000eab00000)
  object space 42496K, 10% used [0x00000000c0000000,0x00000000c043bd28,0x00000000c2980000)
 Metaspace       used 5963K, capacity 7024K, committed 7296K, reserved 1056768K
  class space    used 572K, capacity 616K, committed 640K, reserved 1048576K
Event: 2.679 GC heap after
Heap after GC invocations=3 (full 0):
 PSYoungGen      total 34304K, used 2538K [0x00000000eab00000, 0x00000000eee00000, 0x0000000100000000)
  eden space 31744K, 0% used [0x00000000eab00000,0x00000000eab00000,0x00000000eca00000)
  from space 2560K, 99% used [0x00000000eca00000,0x00000000ecc7a988,0x00000000ecc80000)
  to   space 2560K, 0% used [0x00000000eeb80000,0x00000000eeb80000,0x00000000eee00000)
 ParOldGen       total 42496K, used 9941K [0x00000000c0000000, 0x00000000c2980000, 0x00000000eab00000)
  object space 42496K, 23% used [0x00000000c0000000,0x00000000c09b5570,0x00000000c2980000)
 Metaspace       used 5963K, capacity 7024K, committed 7296K, reserved 1056768K
  class space    used 572K, capacity 616K, committed 640K, reserved 1048576K
}

Deoptimization events (8 events):
Event: 1.861 Thread 0x00000000001fe800 Uncommon trap: reason=bimorphic action=maybe_recompile pc=0x0000000002914d08 method=java.util.HashMap.getNode(ILjava/lang/Object;)Ljava/util/HashMap$Node; @ 126
Event: 2.258 Thread 0x00000000001fe800 Uncommon trap: reason=null_check action=make_not_entrant pc=0x0000000002a05144 method=com.android.dx.ssa.SsaRenamer.getLocalForNewReg(I)Lcom/android/dx/rop/code/LocalItem; @ 19
Event: 2.397 Thread 0x00000000001fe800 Uncommon trap: reason=unreached action=reinterpret pc=0x0000000002bcbd70 method=com.android.dx.ssa.MoveParamCombiner$1.visitNonMoveInsn(Lcom/android/dx/ssa/NormalSsaInsn;)V @ 27
Event: 2.404 Thread 0x00000000001fe800 Uncommon trap: reason=unreached action=reinterpret pc=0x0000000002baadf0 method=com.android.dx.cf.code.BytecodeArray.parseInstruction(ILcom/android/dx/cf/code/BytecodeArray$Visitor;)I @ 1198
Event: 2.405 Thread 0x00000000001fe800 Uncommon trap: reason=bimorphic action=maybe_recompile pc=0x000000000286ed40 method=java.util.HashMap.getNode(ILjava/lang/Object;)Ljava/util/HashMap$Node; @ 126
Event: 2.405 Thread 0x00000000001fe800 Uncommon trap: reason=class_check action=maybe_recompile pc=0x0000000002bc56e0 method=java.util.HashMap.putVal(ILjava/lang/Object;Ljava/lang/Object;ZZ)Ljava/lang/Object; @ 203
Event: 2.500 Thread 0x00000000001fe800 Uncommon trap: reason=unreached action=reinterpret pc=0x0000000002914cf0 method=java.util.HashMap.getNode(ILjava/lang/Object;)Ljava/util/HashMap$Node; @ 84
Event: 2.501 Thread 0x00000000001fe800 Uncommon trap: reason=unreached action=reinterpret pc=0x000000000286ed24 method=java.util.HashMap.getNode(ILjava/lang/Object;)Ljava/util/HashMap$Node; @ 84

Internal exceptions (10 events):
Event: 1.187 Thread 0x00000000001fe800 Exception <a 'java/security/PrivilegedActionException'> (0x00000000eb673cf8) thrown at [D:\re\workspace\8-2-build-windows-amd64-cygwin\jdk8u25\1677\hotspot\src\share\vm\prims\jvm.cpp, line 1312]
Event: 1.381 Thread 0x00000000001fe800 Exception <a 'java/security/PrivilegedActionException'> (0x00000000eba20fa8) thrown at [D:\re\workspace\8-2-build-windows-amd64-cygwin\jdk8u25\1677\hotspot\src\share\vm\prims\jvm.cpp, line 1312]
Event: 1.760 Thread 0x00000000001fe800 Exception <a 'java/security/PrivilegedActionException'> (0x00000000eb26e7f0) thrown at [D:\re\workspace\8-2-build-windows-amd64-cygwin\jdk8u25\1677\hotspot\src\share\vm\prims\jvm.cpp, line 1312]
Event: 1.767 Thread 0x00000000001fe800 Exception <a 'java/security/PrivilegedActionException'> (0x00000000eb2dfdc8) thrown at [D:\re\workspace\8-2-build-windows-amd64-cygwin\jdk8u25\1677\hotspot\src\share\vm\prims\jvm.cpp, line 1312]
Event: 1.858 Thread 0x00000000001fe800 Exception <a 'java/security/PrivilegedActionException'> (0x00000000eb693b20) thrown at [D:\re\workspace\8-2-build-windows-amd64-cygwin\jdk8u25\1677\hotspot\src\share\vm\prims\jvm.cpp, line 1312]
Event: 2.258 Thread 0x00000000001fe800 Implicit null exception at 0x0000000002a0340b to 0x0000000002a0511d
Event: 2.390 Thread 0x00000000001fe800 Exception <a 'java/security/PrivilegedActionException'> (0x00000000ebea5440) thrown at [D:\re\workspace\8-2-build-windows-amd64-cygwin\jdk8u25\1677\hotspot\src\share\vm\prims\jvm.cpp, line 1312]
Event: 2.497 Thread 0x00000000001fe800 Exception <a 'java/lang/ArrayIndexOutOfBoundsException': 18> (0x00000000ec63f320) thrown at [D:\re\workspace\8-2-build-windows-amd64-cygwin\jdk8u25\1677\hotspot\src\share\vm\interpreter\interpreterRuntime.cpp, line 366]
Event: 2.498 Thread 0x00000000001fe800 Exception <a 'java/lang/ArrayIndexOutOfBoundsException'> (0x00000000ec640db8) thrown at [D:\re\workspace\8-2-build-windows-amd64-cygwin\jdk8u25\1677\hotspot\src\share\vm\runtime\sharedRuntime.cpp, line 604]
Event: 2.499 Thread 0x00000000001fe800 Exception <a 'java/lang/ArrayIndexOutOfBoundsException'> (0x00000000ec641fd0) thrown at [D:\re\workspace\8-2-build-windows-amd64-cygwin\jdk8u25\1677\hotspot\src\share\vm\runtime\sharedRuntime.cpp, line 604]

Events (10 events):
Event: 2.499 loading class sun/reflect/generics/reflectiveObjects/LazyReflectiveObjectGenerator done
Event: 2.499 loading class sun/reflect/generics/reflectiveObjects/TypeVariableImpl done
Event: 2.500 Thread 0x00000000001fe800 Uncommon trap: trap_request=0xffffffad fr.pc=0x0000000002914cf0
Event: 2.500 Thread 0x00000000001fe800 DEOPT PACKING pc=0x0000000002914cf0 sp=0x000000000261e7e0
Event: 2.500 Thread 0x00000000001fe800 DEOPT UNPACKING pc=0x000000000266556a sp=0x000000000261e700 mode 2
Event: 2.501 Thread 0x00000000001fe800 Uncommon trap: trap_request=0xffffffad fr.pc=0x000000000286ed24
Event: 2.501 Thread 0x00000000001fe800 DEOPT PACKING pc=0x000000000286ed24 sp=0x000000000261e650
Event: 2.501 Thread 0x00000000001fe800 DEOPT UNPACKING pc=0x000000000266556a sp=0x000000000261e5e0 mode 2
Event: 2.558 Executing VM operation: ParallelGCFailedAllocation
Event: 2.679 Executing VM operation: ParallelGCFailedAllocation done


Dynamic libraries:
0x000000013f150000 - 0x000000013f184000 	C:\Program Files\Java\jdk1.8.0_25\bin\java.exe
0x0000000077500000 - 0x00000000776aa000 	C:\Windows\SYSTEM32\ntdll.dll
0x00000000773e0000 - 0x00000000774ff000 	C:\Windows\system32\kernel32.dll
0x000007fefd580000 - 0x000007fefd5ea000 	C:\Windows\system32\KERNELBASE.dll
0x000007fefdc10000 - 0x000007fefdceb000 	C:\Windows\system32\ADVAPI32.dll
0x000007fefdb70000 - 0x000007fefdc0f000 	C:\Windows\system32\msvcrt.dll
0x000007fefd970000 - 0x000007fefd98f000 	C:\Windows\SYSTEM32\sechost.dll
0x000007feff6e0000 - 0x000007feff80d000 	C:\Windows\system32\RPCRT4.dll
0x00000000772e0000 - 0x00000000773da000 	C:\Windows\system32\USER32.dll
0x000007fefd830000 - 0x000007fefd897000 	C:\Windows\system32\GDI32.dll
0x000007fefe660000 - 0x000007fefe66e000 	C:\Windows\system32\LPK.dll
0x000007feff610000 - 0x000007feff6da000 	C:\Windows\system32\USP10.dll
0x000007fefb820000 - 0x000007fefba14000 	C:\Windows\WinSxS\amd64_microsoft.windows.common-controls_6595b64144ccf1df_6.0.7601.18837_none_fa3b1e3d17594757\COMCTL32.dll
0x000007fefd8f0000 - 0x000007fefd961000 	C:\Windows\system32\SHLWAPI.dll
0x000007fefe350000 - 0x000007fefe37e000 	C:\Windows\system32\IMM32.DLL
0x000007fefd720000 - 0x000007fefd829000 	C:\Windows\system32\MSCTF.dll
0x0000000052d20000 - 0x0000000052df2000 	C:\Program Files\Java\jdk1.8.0_25\jre\bin\msvcr100.dll
0x000000005d6d0000 - 0x000000005df2a000 	C:\Program Files\Java\jdk1.8.0_25\jre\bin\server\jvm.dll
0x000007fef9200000 - 0x000007fef9209000 	C:\Windows\system32\WSOCK32.dll
0x000007fefd8a0000 - 0x000007fefd8ed000 	C:\Windows\system32\WS2_32.dll
0x000007fefe380000 - 0x000007fefe388000 	C:\Windows\system32\NSI.dll
0x000007fefb240000 - 0x000007fefb27b000 	C:\Windows\system32\WINMM.dll
0x00000000776c0000 - 0x00000000776c7000 	C:\Windows\system32\PSAPI.DLL
0x0000000074be0000 - 0x0000000074bef000 	C:\Program Files\Java\jdk1.8.0_25\jre\bin\verify.dll
0x0000000073160000 - 0x0000000073188000 	C:\Program Files\Java\jdk1.8.0_25\jre\bin\java.dll
0x0000000073230000 - 0x0000000073246000 	C:\Program Files\Java\jdk1.8.0_25\jre\bin\zip.dll
0x000007fefe880000 - 0x000007feff60a000 	C:\Windows\system32\SHELL32.dll
0x000007fefe670000 - 0x000007fefe873000 	C:\Windows\system32\ole32.dll
0x000007fefd290000 - 0x000007fefd29f000 	C:\Windows\system32\profapi.dll
0x000007fef8aa0000 - 0x000007fef8bc5000 	C:\Windows\system32\dbghelp.dll

VM Arguments:
jvm_args: -Djava.awt.headless=true -Xmx1024M -Dfile.encoding=windows-31j -Duser.country=JP -Duser.language=ja -Duser.variant 
java_command: com.android.dx.command.Main --dex --output C:\Users\seki\AndroidStudioProjects\Saezurishiki\app\build\intermediates\pre-dexed\debug\twitter4j-core-4.0.4_862f7445f87ae9d0cfed40e59310a07cea9b4f62.jar C:\Users\seki\.gradle\caches\modules-2\files-2.1\org.twitter4j\twitter4j-core\4.0.4\1f3c896c7b2f20c51103078ccf0bc2ea97ac012a\twitter4j-core-4.0.4.jar
java_class_path (initial): C:\Users\seki\AppData\Local\Android\sdk\build-tools\21.1.2\lib\dx.jar
Launcher Type: SUN_STANDARD

Environment Variables:
JAVA_HOME=C:\Program Files\Java\jdk1.8.0_25
PATH=C:\Program Files\Common Files\Microsoft Shared\Windows Live;C:\Program Files (x86)\Common Files\Microsoft Shared\Windows Live;C:\Windows\system32;C:\Windows;C:\Windows\System32\Wbem;C:\Windows\System32\WindowsPowerShell\v1.0\;C:\Program Files (x86)\Windows Live\Shared;C:\Program Files (x86)\EgisTec MyWinLocker\x64;C:\Program Files (x86)\EgisTec MyWinLocker\;c:\Program Files (x86)\Microsoft SQL Server\100\Tools\Binn\;c:\Program Files\Microsoft SQL Server\100\Tools\Binn\;c:\Program Files\Microsoft SQL Server\100\DTS\Binn\;C:\Users\seki\Downloads\android-sdk-windows\tools;C:\Program Files (x86)\gdipp\;C:\Program Files\Java\jdk1.8.0_25\bin;C:\Program Files (x86)\Skype\Phone\;C:\Program Files (x86)\scala\bin
USERNAME=seki
OS=Windows_NT
PROCESSOR_IDENTIFIER=Intel64 Family 6 Model 42 Stepping 7, GenuineIntel



---------------  S Y S T E M  ---------------

OS: Windows 7 , 64 bit Build 7601 Service Pack 1

CPU:total 4 (2 cores per cpu, 2 threads per core) family 6 model 42 stepping 7, cmov, cx8, fxsr, mmx, sse, sse2, sse3, ssse3, sse4.1, sse4.2, popcnt, avx, aes, clmul, ht, tsc, tscinvbit

Memory: 4k page, physical 4042608k(487616k free), swap 8083356k(2300812k free)

vm_info: Java HotSpot(TM) 64-Bit Server VM (25.25-b02) for windows-amd64 JRE (1.8.0_25-b18), built on Oct  7 2014 14:25:37 by "java_re" with MS VC++ 10.0 (VS2010)

time: Sat Jun 04 11:49:19 2016
elapsed time: 3 seconds (0d 0h 0m 3s)

