#
# A fatal error has been detected by the Java Runtime Environment:
#
#  EXCEPTION_ACCESS_VIOLATION (0xc0000005) at pc=0x0000000056e8b958, pid=6408, tid=5804
#
# JRE version: Java(TM) SE Runtime Environment (8.0_25-b18) (build 1.8.0_25-b18)
# Java VM: Java HotSpot(TM) 64-Bit Server VM (25.25-b02 mixed mode windows-amd64 compressed oops)
# Problematic frame:
# V  [jvm.dll+0x44b958]
#
# Failed to write core dump. Minidumps are not enabled by default on client versions of Windows
#
# If you would like to submit a bug report, please visit:
#   http://bugreport.sun.com/bugreport/crash.jsp
#

---------------  T H R E A D  ---------------

Current thread (0x000000001639d800):  JavaThread "C2 CompilerThread0" daemon [_thread_in_native, id=5804, stack(0x0000000016930000,0x0000000016a30000)]

siginfo: ExceptionCode=0xc0000005, reading address 0x0000100017abf9a8

Registers:
RAX=0x0000100017abf980, RBX=0x0000000017abf918, RCX=0x000000000000001d, RDX=0x0000000020000000
RSP=0x0000000016a2ddf0, RBP=0x0000000017abf9c0, RSI=0x0000000016a2eaa0, RDI=0x0000000016a2e000
R8 =0x00000000000000f9, R9 =0x0000000000000000, R10=0x0000000000000000, R11=0x0000000000000002
R12=0x0000000016a2dff0, R13=0x0000000000001f99, R14=0x0000000000000000, R15=0x000000000000fcc8
RIP=0x0000000056e8b958, EFLAGS=0x0000000000010202

Top of Stack: (sp=0x0000000016a2ddf0)
0x0000000016a2ddf0:   0000000017eef040 0000000016a2eaa0
0x0000000016a2de00:   0000000016a2eaa0 0000000056f256d6
0x0000000016a2de10:   0000000016a2eaa0 00000000000302e8
0x0000000016a2de20:   0000000016a2dff0 00000000181cd100
0x0000000016a2de30:   0000000016a2e050 0000000056f263f0
0x0000000016a2de40:   0000000016a2df40 0000000056ff8428
0x0000000016a2de50:   0000000014dc62c0 0000000016a2df40
0x0000000016a2de60:   00000000181d50e8 0000000056e937b3
0x0000000016a2de70:   0000000014dc62c0 0000000016a2df70
0x0000000016a2de80:   00000000181d3100 00000000181cd100
0x0000000016a2de90:   0000000000000000 0000000016a2f280
0x0000000016a2dea0:   0000000000000004 000000001652bb10
0x0000000016a2deb0:   0000000016a2f410 0000000016a2f428
0x0000000016a2dec0:   0000000014e1b240 0000000000000004
0x0000000016a2ded0:   0000000000000000 0000000016a2de00
0x0000000016a2dee0:   0000000000000002 0000000000000000 

Instructions: (pc=0x0000000056e8b958)
0x0000000056e8b938:   83 c7 08 49 8b 5c 07 f8 45 8b d6 44 8b 5b 20 45
0x0000000056e8b948:   85 db 7e 58 4d 8b ce 90 48 8b 6b 10 49 8b 04 29
0x0000000056e8b958:   8b 48 28 8b c1 c1 e8 05 3b 47 30 73 19 44 8b c0
0x0000000056e8b968:   48 8b 47 38 83 e1 1f 42 8b 04 80 ba 01 00 00 00 


Register to memory mapping:

RAX=0x0000100017abf980 is an unknown value
RBX=0x0000000017abf918 is an unknown value
RCX=0x000000000000001d is an unknown value
RDX=0x0000000020000000 is an unknown value
RSP=0x0000000016a2ddf0 is pointing into the stack for thread: 0x000000001639d800
RBP=0x0000000017abf9c0 is an unknown value
RSI=0x0000000016a2eaa0 is pointing into the stack for thread: 0x000000001639d800
RDI=0x0000000016a2e000 is pointing into the stack for thread: 0x000000001639d800
R8 =0x00000000000000f9 is an unknown value
R9 =0x0000000000000000 is an unknown value
R10=0x0000000000000000 is an unknown value
R11=0x0000000000000002 is an unknown value
R12=0x0000000016a2dff0 is pointing into the stack for thread: 0x000000001639d800
R13=0x0000000000001f99 is an unknown value
R14=0x0000000000000000 is an unknown value
R15=0x000000000000fcc8 is an unknown value


Stack: [0x0000000016930000,0x0000000016a30000],  sp=0x0000000016a2ddf0,  free space=1015k
Native frames: (J=compiled Java code, j=interpreted, Vv=VM code, C=native code)
V  [jvm.dll+0x44b958]
V  [jvm.dll+0x4e63f0]
V  [jvm.dll+0x4537b3]
V  [jvm.dll+0x437372]
V  [jvm.dll+0x98a02]
V  [jvm.dll+0x991f3]
V  [jvm.dll+0x22bde4]
V  [jvm.dll+0x2852fa]
C  [msvcr100.dll+0x21d9f]
C  [msvcr100.dll+0x21e3b]
C  [kernel32.dll+0x159cd]
C  [ntdll.dll+0x2a2e1]


Current CompileTask:
C2:   2643 1694   !   4       com.android.dx.cf.code.BytecodeArray::parseInstruction (2764 bytes)


---------------  P R O C E S S  ---------------

Java Threads: ( => current thread )
  0x000000001641f000 JavaThread "Service Thread" daemon [_thread_blocked, id=7104, stack(0x0000000016cc0000,0x0000000016dc0000)]
  0x0000000014e2a000 JavaThread "C1 CompilerThread2" daemon [_thread_in_vm, id=6332, stack(0x0000000015f80000,0x0000000016080000)]
  0x00000000163a5000 JavaThread "C2 CompilerThread1" daemon [_thread_in_native, id=6276, stack(0x0000000016b80000,0x0000000016c80000)]
=>0x000000001639d800 JavaThread "C2 CompilerThread0" daemon [_thread_in_native, id=5804, stack(0x0000000016930000,0x0000000016a30000)]
  0x000000001639c800 JavaThread "Attach Listener" daemon [_thread_blocked, id=5268, stack(0x0000000015d80000,0x0000000015e80000)]
  0x0000000014e1b800 JavaThread "Signal Dispatcher" daemon [_thread_blocked, id=6900, stack(0x00000000167f0000,0x00000000168f0000)]
  0x0000000014dc4800 JavaThread "Finalizer" daemon [_thread_blocked, id=5808, stack(0x0000000016290000,0x0000000016390000)]
  0x0000000014dbb800 JavaThread "Reference Handler" daemon [_thread_blocked, id=7160, stack(0x00000000160d0000,0x00000000161d0000)]
  0x000000000214e800 JavaThread "main" [_thread_in_Java, id=7164, stack(0x0000000002350000,0x0000000002450000)]

Other Threads:
  0x0000000014db6000 VMThread [stack: 0x0000000015e80000,0x0000000015f80000] [id=1216]
  0x0000000016422800 WatcherThread [stack: 0x0000000016e20000,0x0000000016f20000] [id=3136]

VM state:not at safepoint (normal execution)

VM Mutex/Monitor currently owned by a thread: None

Heap:
 PSYoungGen      total 66048K, used 17685K [0x00000000eab00000, 0x00000000eee00000, 0x0000000100000000)
  eden space 63488K, 23% used [0x00000000eab00000,0x00000000eb9cb5b0,0x00000000ee900000)
  from space 2560K, 99% used [0x00000000eeb80000,0x00000000eedfa220,0x00000000eee00000)
  to   space 2560K, 0% used [0x00000000ee900000,0x00000000ee900000,0x00000000eeb80000)
 ParOldGen       total 42496K, used 15631K [0x00000000c0000000, 0x00000000c2980000, 0x00000000eab00000)
  object space 42496K, 36% used [0x00000000c0000000,0x00000000c0f43e60,0x00000000c2980000)
 Metaspace       used 6521K, capacity 7344K, committed 7552K, reserved 1056768K
  class space    used 611K, capacity 616K, committed 640K, reserved 1048576K

Card table byte_map: [0x0000000011810000,0x0000000011a20000] byte_map_base: 0x0000000011210000

Marking Bits: (ParMarkBitMap*) 0x000000005721d490
 Begin Bits: [0x0000000012230000, 0x0000000013230000)
 End Bits:   [0x0000000013230000, 0x0000000014230000)

Polling page: 0x0000000000210000

CodeCache: size=245760Kb used=7183Kb max_used=7183Kb free=238576Kb
 bounds [0x0000000002450000, 0x0000000002b60000, 0x0000000011450000]
 total_blobs=2192 nmethods=1925 adapters=180
 compilation: enabled

Compilation events (10 events):
Event: 2.545 Thread 0x0000000014e2a000 1880       2       com.android.dx.dex.file.StringDataItem::addContents (1 bytes)
Event: 2.545 Thread 0x0000000014e2a000 nmethod 1880 0x0000000002b20150 code [0x0000000002b202a0, 0x0000000002b203f0]
Event: 2.545 Thread 0x0000000014e2a000 1881       1       com.android.dx.dex.file.StringDataItem::addContents (1 bytes)
Event: 2.545 Thread 0x0000000014e2a000 nmethod 1881 0x0000000002b20490 code [0x0000000002b205e0, 0x0000000002b206f0]
Event: 2.546 Thread 0x0000000014e2a000 1882       2       com.android.dx.dex.file.MixedItemSection$1::compare (13 bytes)
Event: 2.547 Thread 0x0000000014e2a000 nmethod 1882 0x0000000002b20750 code [0x0000000002b208e0, 0x0000000002b20b28]
Event: 2.547 Thread 0x0000000014e2a000 1883       2       com.android.dx.dex.file.MixedItemSection$1::compare (18 bytes)
Event: 2.547 Thread 0x0000000014e2a000 nmethod 1883 0x0000000002b20cd0 code [0x0000000002b20e40, 0x0000000002b21008]
Event: 2.547 Thread 0x0000000014e2a000 1884       2       com.android.dx.dex.file.CodeItem::itemType (4 bytes)
Event: 2.547 Thread 0x0000000014e2a000 nmethod 1884 0x0000000002b21110 code [0x0000000002b21260, 0x0000000002b213b0]

GC Heap History (8 events):
Event: 0.481 GC heap before
{Heap before GC invocations=1 (full 0):
 PSYoungGen      total 18432K, used 15872K [0x00000000eab00000, 0x00000000ebf80000, 0x0000000100000000)
  eden space 15872K, 100% used [0x00000000eab00000,0x00000000eba80000,0x00000000eba80000)
  from space 2560K, 0% used [0x00000000ebd00000,0x00000000ebd00000,0x00000000ebf80000)
  to   space 2560K, 0% used [0x00000000eba80000,0x00000000eba80000,0x00000000ebd00000)
 ParOldGen       total 42496K, used 0K [0x00000000c0000000, 0x00000000c2980000, 0x00000000eab00000)
  object space 42496K, 0% used [0x00000000c0000000,0x00000000c0000000,0x00000000c2980000)
 Metaspace       used 5577K, capacity 6640K, committed 6784K, reserved 1056768K
  class space    used 579K, capacity 616K, committed 640K, reserved 1048576K
Event: 0.490 GC heap after
Heap after GC invocations=1 (full 0):
 PSYoungGen      total 18432K, used 2559K [0x00000000eab00000, 0x00000000ecf00000, 0x0000000100000000)
  eden space 15872K, 0% used [0x00000000eab00000,0x00000000eab00000,0x00000000eba80000)
  from space 2560K, 99% used [0x00000000eba80000,0x00000000ebcffe48,0x00000000ebd00000)
  to   space 2560K, 0% used [0x00000000ecc80000,0x00000000ecc80000,0x00000000ecf00000)
 ParOldGen       total 42496K, used 2505K [0x00000000c0000000, 0x00000000c2980000, 0x00000000eab00000)
  object space 42496K, 5% used [0x00000000c0000000,0x00000000c0272788,0x00000000c2980000)
 Metaspace       used 5577K, capacity 6640K, committed 6784K, reserved 1056768K
  class space    used 579K, capacity 616K, committed 640K, reserved 1048576K
}
Event: 0.856 GC heap before
{Heap before GC invocations=2 (full 0):
 PSYoungGen      total 18432K, used 18431K [0x00000000eab00000, 0x00000000ecf00000, 0x0000000100000000)
  eden space 15872K, 100% used [0x00000000eab00000,0x00000000eba80000,0x00000000eba80000)
  from space 2560K, 99% used [0x00000000eba80000,0x00000000ebcffe48,0x00000000ebd00000)
  to   space 2560K, 0% used [0x00000000ecc80000,0x00000000ecc80000,0x00000000ecf00000)
 ParOldGen       total 42496K, used 2505K [0x00000000c0000000, 0x00000000c2980000, 0x00000000eab00000)
  object space 42496K, 5% used [0x00000000c0000000,0x00000000c0272788,0x00000000c2980000)
 Metaspace       used 5911K, capacity 6896K, committed 7040K, reserved 1056768K
  class space    used 590K, capacity 616K, committed 640K, reserved 1048576K
Event: 0.892 GC heap after
Heap after GC invocations=2 (full 0):
 PSYoungGen      total 34304K, used 2539K [0x00000000eab00000, 0x00000000ecf00000, 0x0000000100000000)
  eden space 31744K, 0% used [0x00000000eab00000,0x00000000eab00000,0x00000000eca00000)
  from space 2560K, 99% used [0x00000000ecc80000,0x00000000ecefacd0,0x00000000ecf00000)
  to   space 2560K, 0% used [0x00000000eca00000,0x00000000eca00000,0x00000000ecc80000)
 ParOldGen       total 42496K, used 5495K [0x00000000c0000000, 0x00000000c2980000, 0x00000000eab00000)
  object space 42496K, 12% used [0x00000000c0000000,0x00000000c055dda8,0x00000000c2980000)
 Metaspace       used 5911K, capacity 6896K, committed 7040K, reserved 1056768K
  class space    used 590K, capacity 616K, committed 640K, reserved 1048576K
}
Event: 1.303 GC heap before
{Heap before GC invocations=3 (full 0):
 PSYoungGen      total 34304K, used 34283K [0x00000000eab00000, 0x00000000ecf00000, 0x0000000100000000)
  eden space 31744K, 100% used [0x00000000eab00000,0x00000000eca00000,0x00000000eca00000)
  from space 2560K, 99% used [0x00000000ecc80000,0x00000000ecefacd0,0x00000000ecf00000)
  to   space 2560K, 0% used [0x00000000eca00000,0x00000000eca00000,0x00000000ecc80000)
 ParOldGen       total 42496K, used 5495K [0x00000000c0000000, 0x00000000c2980000, 0x00000000eab00000)
  object space 42496K, 12% used [0x00000000c0000000,0x00000000c055dda8,0x00000000c2980000)
 Metaspace       used 6155K, capacity 7088K, committed 7296K, reserved 1056768K
  class space    used 594K, capacity 616K, committed 640K, reserved 1048576K
Event: 1.354 GC heap after
Heap after GC invocations=3 (full 0):
 PSYoungGen      total 34304K, used 2544K [0x00000000eab00000, 0x00000000eee00000, 0x0000000100000000)
  eden space 31744K, 0% used [0x00000000eab00000,0x00000000eab00000,0x00000000eca00000)
  from space 2560K, 99% used [0x00000000eca00000,0x00000000ecc7c388,0x00000000ecc80000)
  to   space 2560K, 0% used [0x00000000eeb80000,0x00000000eeb80000,0x00000000eee00000)
 ParOldGen       total 42496K, used 10535K [0x00000000c0000000, 0x00000000c2980000, 0x00000000eab00000)
  object space 42496K, 24% used [0x00000000c0000000,0x00000000c0a49e30,0x00000000c2980000)
 Metaspace       used 6155K, capacity 7088K, committed 7296K, reserved 1056768K
  class space    used 594K, capacity 616K, committed 640K, reserved 1048576K
}
Event: 1.951 GC heap before
{Heap before GC invocations=4 (full 0):
 PSYoungGen      total 34304K, used 34288K [0x00000000eab00000, 0x00000000eee00000, 0x0000000100000000)
  eden space 31744K, 100% used [0x00000000eab00000,0x00000000eca00000,0x00000000eca00000)
  from space 2560K, 99% used [0x00000000eca00000,0x00000000ecc7c388,0x00000000ecc80000)
  to   space 2560K, 0% used [0x00000000eeb80000,0x00000000eeb80000,0x00000000eee00000)
 ParOldGen       total 42496K, used 10535K [0x00000000c0000000, 0x00000000c2980000, 0x00000000eab00000)
  object space 42496K, 24% used [0x00000000c0000000,0x00000000c0a49e30,0x00000000c2980000)
 Metaspace       used 6223K, capacity 7152K, committed 7296K, reserved 1056768K
  class space    used 594K, capacity 616K, committed 640K, reserved 1048576K
Event: 2.021 GC heap after
Heap after GC invocations=4 (full 0):
 PSYoungGen      total 66048K, used 2536K [0x00000000eab00000, 0x00000000eee00000, 0x0000000100000000)
  eden space 63488K, 0% used [0x00000000eab00000,0x00000000eab00000,0x00000000ee900000)
  from space 2560K, 99% used [0x00000000eeb80000,0x00000000eedfa220,0x00000000eee00000)
  to   space 2560K, 0% used [0x00000000ee900000,0x00000000ee900000,0x00000000eeb80000)
 ParOldGen       total 42496K, used 15631K [0x00000000c0000000, 0x00000000c2980000, 0x00000000eab00000)
  object space 42496K, 36% used [0x00000000c0000000,0x00000000c0f43e60,0x00000000c2980000)
 Metaspace       used 6223K, capacity 7152K, committed 7296K, reserved 1056768K
  class space    used 594K, capacity 616K, committed 640K, reserved 1048576K
}

Deoptimization events (10 events):
Event: 1.574 Thread 0x0000000016565000 Uncommon trap: reason=bimorphic action=maybe_recompile pc=0x000000000269f18c method=java.util.HashMap.getNode(ILjava/lang/Object;)Ljava/util/HashMap$Node; @ 126
Event: 1.574 Thread 0x0000000016565000 Uncommon trap: reason=bimorphic action=maybe_recompile pc=0x00000000026fe814 method=java.util.HashMap.getNode(ILjava/lang/Object;)Ljava/util/HashMap$Node; @ 126
Event: 2.380 Thread 0x000000000214e800 Uncommon trap: reason=class_check action=maybe_recompile pc=0x000000000298f290 method=java.util.Arrays.hashCode([Ljava/lang/Object;)I @ 43
Event: 2.380 Thread 0x000000000214e800 Uncommon trap: reason=class_check action=maybe_recompile pc=0x000000000298f290 method=java.util.Arrays.hashCode([Ljava/lang/Object;)I @ 43
Event: 2.380 Thread 0x000000000214e800 Uncommon trap: reason=class_check action=maybe_recompile pc=0x000000000298f290 method=java.util.Arrays.hashCode([Ljava/lang/Object;)I @ 43
Event: 2.380 Thread 0x000000000214e800 Uncommon trap: reason=class_check action=maybe_recompile pc=0x000000000298f290 method=java.util.Arrays.hashCode([Ljava/lang/Object;)I @ 43
Event: 2.380 Thread 0x000000000214e800 Uncommon trap: reason=class_check action=maybe_recompile pc=0x0000000002971340 method=java.util.Arrays.hashCode([Ljava/lang/Object;)I @ 43
Event: 2.411 Thread 0x000000000214e800 Uncommon trap: reason=bimorphic action=maybe_recompile pc=0x00000000026fe814 method=java.util.HashMap.getNode(ILjava/lang/Object;)Ljava/util/HashMap$Node; @ 126
Event: 2.412 Thread 0x000000000214e800 Uncommon trap: reason=bimorphic action=maybe_recompile pc=0x000000000269f18c method=java.util.HashMap.getNode(ILjava/lang/Object;)Ljava/util/HashMap$Node; @ 126
Event: 2.442 Thread 0x000000000214e800 Uncommon trap: reason=unreached action=reinterpret pc=0x0000000002a95e64 method=java.util.HashMap.putVal(ILjava/lang/Object;Ljava/lang/Object;ZZ)Ljava/lang/Object; @ 193

Internal exceptions (10 events):
Event: 0.799 Thread 0x000000000214e800 Exception <a 'java/security/PrivilegedActionException'> (0x00000000eb6fb760) thrown at [D:\re\workspace\8-2-build-windows-amd64-cygwin\jdk8u25\1677\hotspot\src\share\vm\prims\jvm.cpp, line 1312]
Event: 0.996 Thread 0x000000000214e800 Exception <a 'java/security/PrivilegedActionException'> (0x00000000eab73380) thrown at [D:\re\workspace\8-2-build-windows-amd64-cygwin\jdk8u25\1677\hotspot\src\share\vm\prims\jvm.cpp, line 1312]
Event: 1.093 Thread 0x0000000016633800 Implicit null exception at 0x00000000028afc52 to 0x00000000028afd42
Event: 1.124 Thread 0x0000000016632800 Exception <a 'java/security/PrivilegedActionException'> (0x00000000ebaa1208) thrown at [D:\re\workspace\8-2-build-windows-amd64-cygwin\jdk8u25\1677\hotspot\src\share\vm\prims\jvm.cpp, line 1312]
Event: 1.128 Thread 0x0000000016632800 Exception <a 'java/security/PrivilegedActionException'> (0x00000000ebaecdc0) thrown at [D:\re\workspace\8-2-build-windows-amd64-cygwin\jdk8u25\1677\hotspot\src\share\vm\prims\jvm.cpp, line 1312]
Event: 2.382 Thread 0x000000000214e800 Exception <a 'java/security/PrivilegedActionException'> (0x00000000eb5f66f0) thrown at [D:\re\workspace\8-2-build-windows-amd64-cygwin\jdk8u25\1677\hotspot\src\share\vm\prims\jvm.cpp, line 1312]
Event: 2.457 Thread 0x000000000214e800 Exception <a 'java/security/PrivilegedActionException'> (0x00000000eb709570) thrown at [D:\re\workspace\8-2-build-windows-amd64-cygwin\jdk8u25\1677\hotspot\src\share\vm\prims\jvm.cpp, line 1312]
Event: 2.501 Thread 0x000000000214e800 Exception <a 'java/security/PrivilegedActionException'> (0x00000000eb7e8610) thrown at [D:\re\workspace\8-2-build-windows-amd64-cygwin\jdk8u25\1677\hotspot\src\share\vm\prims\jvm.cpp, line 1312]
Event: 2.541 Thread 0x000000000214e800 Exception <a 'java/security/PrivilegedActionException'> (0x00000000eb88bbd0) thrown at [D:\re\workspace\8-2-build-windows-amd64-cygwin\jdk8u25\1677\hotspot\src\share\vm\prims\jvm.cpp, line 1312]
Event: 2.546 Thread 0x000000000214e800 Exception <a 'java/security/PrivilegedActionException'> (0x00000000eb8c0318) thrown at [D:\re\workspace\8-2-build-windows-amd64-cygwin\jdk8u25\1677\hotspot\src\share\vm\prims\jvm.cpp, line 1312]

Events (10 events):
Event: 2.467 Thread 0x000000000214e800 DEOPT PACKING pc=0x0000000002b0973c sp=0x000000000244ef10
Event: 2.467 Thread 0x000000000214e800 DEOPT UNPACKING pc=0x00000000024975bf sp=0x000000000244eca0 mode 0
Event: 2.501 loading class com/android/dx/dex/file/ProtoIdItem
Event: 2.501 loading class com/android/dx/dex/file/ProtoIdItem done
Event: 2.541 loading class com/android/dex/Leb128
Event: 2.541 loading class com/android/dex/Leb128 done
Event: 2.545 loading class java/util/Collections$1
Event: 2.545 loading class java/util/Collections$1 done
Event: 2.546 loading class com/android/dx/dex/file/MixedItemSection$2
Event: 2.546 loading class com/android/dx/dex/file/MixedItemSection$2 done


Dynamic libraries:
0x000000013f250000 - 0x000000013f284000 	C:\Program Files\Java\jdk1.8.0_25\bin\java.exe
0x0000000076d80000 - 0x0000000076f2a000 	C:\Windows\SYSTEM32\ntdll.dll
0x0000000076b60000 - 0x0000000076c7f000 	C:\Windows\system32\kernel32.dll
0x000007fefcad0000 - 0x000007fefcb3a000 	C:\Windows\system32\KERNELBASE.dll
0x000007fefcea0000 - 0x000007fefcf7b000 	C:\Windows\system32\ADVAPI32.dll
0x000007fefe9e0000 - 0x000007fefea7f000 	C:\Windows\system32\msvcrt.dll
0x000007fefd2d0000 - 0x000007fefd2ef000 	C:\Windows\SYSTEM32\sechost.dll
0x000007fefda60000 - 0x000007fefdb8d000 	C:\Windows\system32\RPCRT4.dll
0x0000000076c80000 - 0x0000000076d7a000 	C:\Windows\system32\USER32.dll
0x000007fefdbe0000 - 0x000007fefdc47000 	C:\Windows\system32\GDI32.dll
0x000007fefd930000 - 0x000007fefd93e000 	C:\Windows\system32\LPK.dll
0x000007fefcf80000 - 0x000007fefd04a000 	C:\Windows\system32\USP10.dll
0x000007fefb630000 - 0x000007fefb824000 	C:\Windows\WinSxS\amd64_microsoft.windows.common-controls_6595b64144ccf1df_6.0.7601.18837_none_fa3b1e3d17594757\COMCTL32.dll
0x000007fefd6a0000 - 0x000007fefd711000 	C:\Windows\system32\SHLWAPI.dll
0x000007fefce70000 - 0x000007fefce9e000 	C:\Windows\system32\IMM32.DLL
0x000007fefd940000 - 0x000007fefda49000 	C:\Windows\system32\MSCTF.dll
0x0000000051d40000 - 0x0000000051e12000 	C:\Program Files\Java\jdk1.8.0_25\jre\bin\msvcr100.dll
0x0000000056a40000 - 0x000000005729a000 	C:\Program Files\Java\jdk1.8.0_25\jre\bin\server\jvm.dll
0x000007fef88c0000 - 0x000007fef88c9000 	C:\Windows\system32\WSOCK32.dll
0x000007fefdb90000 - 0x000007fefdbdd000 	C:\Windows\system32\WS2_32.dll
0x000007fefda50000 - 0x000007fefda58000 	C:\Windows\system32\NSI.dll
0x000007fefa640000 - 0x000007fefa67b000 	C:\Windows\system32\WINMM.dll
0x0000000076f40000 - 0x0000000076f47000 	C:\Windows\system32\PSAPI.DLL
0x00000000747d0000 - 0x00000000747df000 	C:\Program Files\Java\jdk1.8.0_25\jre\bin\verify.dll
0x00000000747a0000 - 0x00000000747c8000 	C:\Program Files\Java\jdk1.8.0_25\jre\bin\java.dll
0x0000000074780000 - 0x0000000074796000 	C:\Program Files\Java\jdk1.8.0_25\jre\bin\zip.dll
0x000007fefdc50000 - 0x000007fefe9dc000 	C:\Windows\system32\SHELL32.dll
0x000007fefd720000 - 0x000007fefd923000 	C:\Windows\system32\ole32.dll
0x000007fefcab0000 - 0x000007fefcabf000 	C:\Windows\system32\profapi.dll
0x000007fef79b0000 - 0x000007fef7ad5000 	C:\Windows\system32\dbghelp.dll

VM Arguments:
jvm_args: -Djava.awt.headless=true -Xmx1024M -Dfile.encoding=windows-31j -Duser.country=JP -Duser.language=ja -Duser.variant 
java_command: com.android.dx.command.Main --dex --num-threads=4 --output C:\Users\seki\AndroidStudioProjects\Saezurishiki\app\build\intermediates\pre-dexed\debug\debug_8c5ef271b363dca4ab33963e41c83632a129072d.jar C:\Users\seki\AndroidStudioProjects\Saezurishiki\app\build\intermediates\classes\debug
java_class_path (initial): C:\Users\seki\AppData\Local\Android\sdk\build-tools\24.0.0\lib\dx.jar
Launcher Type: SUN_STANDARD

Environment Variables:
JAVA_HOME=C:\Program Files\Java\jdk1.8.0_25
PATH=C:\Program Files\Common Files\Microsoft Shared\Windows Live;C:\Program Files (x86)\Common Files\Microsoft Shared\Windows Live;C:\Windows\system32;C:\Windows;C:\Windows\System32\Wbem;C:\Windows\System32\WindowsPowerShell\v1.0\;C:\Program Files (x86)\Windows Live\Shared;C:\Program Files (x86)\EgisTec MyWinLocker\x64;C:\Program Files (x86)\EgisTec MyWinLocker\;c:\Program Files (x86)\Microsoft SQL Server\100\Tools\Binn\;c:\Program Files\Microsoft SQL Server\100\Tools\Binn\;c:\Program Files\Microsoft SQL Server\100\DTS\Binn\;C:\Users\seki\Downloads\android-sdk-windows\tools;C:\Program Files (x86)\gdipp\;C:\Program Files\Java\jdk1.8.0_25\bin;C:\Program Files (x86)\scala\bin;C:\Program Files (x86)\Skype\Phone\
USERNAME=seki
OS=Windows_NT
PROCESSOR_IDENTIFIER=Intel64 Family 6 Model 42 Stepping 7, GenuineIntel



---------------  S Y S T E M  ---------------

OS: Windows 7 , 64 bit Build 7601 Service Pack 1

CPU:total 4 (2 cores per cpu, 2 threads per core) family 6 model 42 stepping 7, cmov, cx8, fxsr, mmx, sse, sse2, sse3, ssse3, sse4.1, sse4.2, popcnt, avx, aes, clmul, ht, tsc, tscinvbit

Memory: 4k page, physical 4042608k(735604k free), swap 8083356k(3655188k free)

vm_info: Java HotSpot(TM) 64-Bit Server VM (25.25-b02) for windows-amd64 JRE (1.8.0_25-b18), built on Oct  7 2014 14:25:37 by "java_re" with MS VC++ 10.0 (VS2010)

time: Mon Sep 19 10:31:04 2016
elapsed time: 2 seconds (0d 0h 0m 2s)

