#
# A fatal error has been detected by the Java Runtime Environment:
#
#  EXCEPTION_ACCESS_VIOLATION (0xc0000005) at pc=0x000000005db4df60, pid=7628, tid=7704
#
# JRE version: Java(TM) SE Runtime Environment (8.0_25-b18) (build 1.8.0_25-b18)
# Java VM: Java HotSpot(TM) 64-Bit Server VM (25.25-b02 mixed mode windows-amd64 compressed oops)
# Problematic frame:
# V  [jvm.dll+0x47df60]
#
# Failed to write core dump. Minidumps are not enabled by default on client versions of Windows
#
# If you would like to submit a bug report, please visit:
#   http://bugreport.sun.com/bugreport/crash.jsp
#

---------------  T H R E A D  ---------------

Current thread (0x000000001639c800):  JavaThread "C2 CompilerThread0" daemon [_thread_in_native, id=7704, stack(0x0000000016c00000,0x0000000016d00000)]

siginfo: ExceptionCode=0xc0000005, reading address 0x000010005deadbc8

Registers:
RAX=0x0000000000000000, RBX=0x0000000018b9aa30, RCX=0x000010005deadbc8, RDX=0x0000000000000000
RSP=0x0000000016cfbea0, RBP=0x0000000000000002, RSI=0x0000000000000010, RDI=0x0000000016cfbef0
R8 =0x0000000018b9ab70, R9 =0x00000000175c72a0, R10=0x000000005d6d0000, R11=0x0000000000000246
R12=0x000000005deadbc8, R13=0x000000005d6d0000, R14=0x00000000163b5928, R15=0x00000000000003d8
RIP=0x000000005db4df60, EFLAGS=0x0000000000010246

Top of Stack: (sp=0x0000000016cfbea0)
0x0000000016cfbea0:   0000000016cfe630 0000000018afd370
0x0000000016cfbeb0:   fffffffffffffff8 00000000150bcc40
0x0000000016cfbec0:   0000000000001445 000000005db4916f
0x0000000016cfbed0:   0000000018b9aa30 0000000018b9aa30
0x0000000016cfbee0:   0000000000001445 0000000016cfbfc0
0x0000000016cfbef0:   0000000000000000 0000000000000008
0x0000000016cfbf00:   000010005deadbc8 0000000000000000
0x0000000016cfbf10:   000000001801c9b0 000000000000001c
0x0000000016cfbf20:   0000000018b9ab70 0000000016cfc2b0
0x0000000016cfbf30:   00000000163b5550 0000000016cfc2b0
0x0000000016cfbf40:   00000000163b5540 000000005db165e7
0x0000000016cfbf50:   0000000000000000 0000000016cfc050
0x0000000016cfbf60:   0000000000000000 0000000000000006
0x0000000016cfbf70:   00000000163b5540 00000000175c4420
0x0000000016cfbf80:   00000000175c7730 00000000175cc408
0x0000000016cfbf90:   00000000005a6c10 00000000163b6500 

Instructions: (pc=0x000000005db4df60)
0x000000005db4df40:   48 8b 4f 20 48 39 04 0e 0f 84 9d 00 00 00 48 8b
0x000000005db4df50:   0c 0e 33 d2 33 c0 48 89 4f 10 66 0f 1f 44 00 00
0x000000005db4df60:   83 3c 08 00 0f 85 36 01 00 00 ff c2 48 83 c0 04
0x000000005db4df70:   83 fa 08 72 eb 48 8b 47 30 48 89 44 24 30 48 85 


Register to memory mapping:

RAX=0x0000000000000000 is an unknown value
RBX=0x0000000018b9aa30 is an unknown value
RCX=0x000010005deadbc8 is an unknown value
RDX=0x0000000000000000 is an unknown value
RSP=0x0000000016cfbea0 is pointing into the stack for thread: 0x000000001639c800
RBP=0x0000000000000002 is an unknown value
RSI=0x0000000000000010 is an unknown value
RDI=0x0000000016cfbef0 is pointing into the stack for thread: 0x000000001639c800
R8 =0x0000000018b9ab70 is an unknown value
R9 =0x00000000175c72a0 is an unknown value
R10=0x000000005d6d0000 is an unknown value
R11=0x0000000000000246 is an unknown value
R12=0x000000005deadbc8 is an unknown value
R13=0x000000005d6d0000 is an unknown value
R14=0x00000000163b5928 is an unknown value
R15=0x00000000000003d8 is an unknown value


Stack: [0x0000000016c00000,0x0000000016d00000],  sp=0x0000000016cfbea0,  free space=1007k
Native frames: (J=compiled Java code, j=interpreted, Vv=VM code, C=native code)
V  [jvm.dll+0x47df60]
V  [jvm.dll+0x47916f]
V  [jvm.dll+0x4465e7]
V  [jvm.dll+0x45130e]
V  [jvm.dll+0x4538f8]
V  [jvm.dll+0x437372]
V  [jvm.dll+0x98a02]
V  [jvm.dll+0x991f3]
V  [jvm.dll+0x22bde4]
V  [jvm.dll+0x2852fa]
C  [msvcr100.dll+0x21d9f]
C  [msvcr100.dll+0x21e3b]
C  [kernel32.dll+0x159bd]
C  [ntdll.dll+0x2a2e1]


Current CompileTask:
C2:   2268  902       4       com.android.dx.merge.IndexMap$EncodedValueTransformer::transform (495 bytes)


---------------  P R O C E S S  ---------------

Java Threads: ( => current thread )
  0x0000000002528000 JavaThread "DestroyJavaVM" [_thread_blocked, id=5144, stack(0x00000000025f0000,0x00000000026f0000)]
  0x0000000016412000 JavaThread "Service Thread" daemon [_thread_blocked, id=7616, stack(0x0000000017080000,0x0000000017180000)]
  0x00000000163ee000 JavaThread "C1 CompilerThread2" daemon [_thread_blocked, id=6860, stack(0x0000000016ae0000,0x0000000016be0000)]
  0x00000000163ec000 JavaThread "C2 CompilerThread1" daemon [_thread_blocked, id=5384, stack(0x0000000016d90000,0x0000000016e90000)]
=>0x000000001639c800 JavaThread "C2 CompilerThread0" daemon [_thread_in_native, id=7704, stack(0x0000000016c00000,0x0000000016d00000)]
  0x000000001639b800 JavaThread "Attach Listener" daemon [_thread_blocked, id=760, stack(0x00000000169b0000,0x0000000016ab0000)]
  0x0000000016398800 JavaThread "Signal Dispatcher" daemon [_thread_blocked, id=6420, stack(0x00000000167e0000,0x00000000168e0000)]
  0x00000000150bb000 JavaThread "Finalizer" daemon [_thread_blocked, id=7896, stack(0x0000000016170000,0x0000000016270000)]
  0x00000000150b0800 JavaThread "Reference Handler" daemon [_thread_blocked, id=8036, stack(0x0000000016290000,0x0000000016390000)]

Other Threads:
  0x00000000150a7000 VMThread [stack: 0x0000000016070000,0x0000000016170000] [id=8056]
  0x0000000016416000 WatcherThread [stack: 0x0000000017200000,0x0000000017300000] [id=4760]

VM state:not at safepoint (normal execution)

VM Mutex/Monitor currently owned by a thread: None

Heap:
 PSYoungGen      total 133632K, used 114601K [0x00000000eab00000, 0x00000000f3800000, 0x0000000100000000)
  eden space 125952K, 85% used [0x00000000eab00000,0x00000000f146cb00,0x00000000f2600000)
  from space 7680K, 86% used [0x00000000f2e80000,0x00000000f34fdc50,0x00000000f3600000)
  to   space 8704K, 0% used [0x00000000f2600000,0x00000000f2600000,0x00000000f2e80000)
 ParOldGen       total 42496K, used 25386K [0x00000000c0000000, 0x00000000c2980000, 0x00000000eab00000)
  object space 42496K, 59% used [0x00000000c0000000,0x00000000c18cab00,0x00000000c2980000)
 Metaspace       used 5022K, capacity 5578K, committed 5760K, reserved 1056768K
  class space    used 540K, capacity 565K, committed 640K, reserved 1048576K

Card table byte_map: [0x0000000011ab0000,0x0000000011cc0000] byte_map_base: 0x00000000114b0000

Marking Bits: (ParMarkBitMap*) 0x000000005dead490
 Begin Bits: [0x0000000012520000, 0x0000000013520000)
 End Bits:   [0x0000000013520000, 0x0000000014520000)

Polling page: 0x0000000000130000

CodeCache: size=245760Kb used=3552Kb max_used=3560Kb free=242207Kb
 bounds [0x00000000026f0000, 0x0000000002a70000, 0x00000000116f0000]
 total_blobs=1353 nmethods=1079 adapters=188
 compilation: enabled

Compilation events (10 events):
Event: 1.718 Thread 0x00000000163ee000 1116       3       java.lang.Long::numberOfTrailingZeros (116 bytes)
Event: 1.718 Thread 0x00000000163ee000 nmethod 1116 0x0000000002a513d0 code [0x0000000002a51540, 0x0000000002a51850]
Event: 1.721 Thread 0x00000000163ee000 1121       3       com.android.dx.merge.DexMerger::getSortedTypes (139 bytes)
Event: 1.722 Thread 0x00000000163ee000 nmethod 1121 0x0000000002a421d0 code [0x0000000002a42400, 0x0000000002a43058]
Event: 1.761 Thread 0x00000000163ee000 1125       2       com.android.dx.io.instructions.InstructionCodec$17::decode (46 bytes)
Event: 1.762 Thread 0x00000000163ee000 nmethod 1125 0x0000000002a61390 code [0x0000000002a61520, 0x0000000002a61898]
Event: 1.762 Thread 0x00000000163ee000 1126       2       com.android.dx.io.instructions.InstructionCodec$17::encode (29 bytes)
Event: 1.762 Thread 0x00000000163ee000 nmethod 1126 0x0000000002a59bd0 code [0x0000000002a59d80, 0x0000000002a5a048]
Event: 1.765 Thread 0x00000000163ec000 nmethod 1115 0x0000000002a65f50 code [0x0000000002a66200, 0x0000000002a67900]
Event: 1.765 Thread 0x00000000163ec000 1122       4       com.android.dx.merge.SortableType::tryAssignDepth (134 bytes)

GC Heap History (10 events):
Event: 0.526 GC heap before
{Heap before GC invocations=2 (full 0):
 PSYoungGen      total 18432K, used 18418K [0x00000000eab00000, 0x00000000ecf00000, 0x0000000100000000)
  eden space 15872K, 100% used [0x00000000eab00000,0x00000000eba80000,0x00000000eba80000)
  from space 2560K, 99% used [0x00000000eba80000,0x00000000ebcfc838,0x00000000ebd00000)
  to   space 2560K, 0% used [0x00000000ecc80000,0x00000000ecc80000,0x00000000ecf00000)
 ParOldGen       total 42496K, used 2346K [0x00000000c0000000, 0x00000000c2980000, 0x00000000eab00000)
  object space 42496K, 5% used [0x00000000c0000000,0x00000000c024ab00,0x00000000c2980000)
 Metaspace       used 4832K, capacity 5572K, committed 5760K, reserved 1056768K
  class space    used 529K, capacity 564K, committed 640K, reserved 1048576K
Event: 0.531 GC heap after
Heap after GC invocations=2 (full 0):
 PSYoungGen      total 34304K, used 2528K [0x00000000eab00000, 0x00000000ecf00000, 0x0000000100000000)
  eden space 31744K, 0% used [0x00000000eab00000,0x00000000eab00000,0x00000000eca00000)
  from space 2560K, 98% used [0x00000000ecc80000,0x00000000ecef8388,0x00000000ecf00000)
  to   space 2560K, 0% used [0x00000000eca00000,0x00000000eca00000,0x00000000ecc80000)
 ParOldGen       total 42496K, used 4868K [0x00000000c0000000, 0x00000000c2980000, 0x00000000eab00000)
  object space 42496K, 11% used [0x00000000c0000000,0x00000000c04c13e8,0x00000000c2980000)
 Metaspace       used 4832K, capacity 5572K, committed 5760K, reserved 1056768K
  class space    used 529K, capacity 564K, committed 640K, reserved 1048576K
}
Event: 0.796 GC heap before
{Heap before GC invocations=3 (full 0):
 PSYoungGen      total 34304K, used 34140K [0x00000000eab00000, 0x00000000ecf00000, 0x0000000100000000)
  eden space 31744K, 99% used [0x00000000eab00000,0x00000000ec9dee10,0x00000000eca00000)
  from space 2560K, 98% used [0x00000000ecc80000,0x00000000ecef8388,0x00000000ecf00000)
  to   space 2560K, 0% used [0x00000000eca00000,0x00000000eca00000,0x00000000ecc80000)
 ParOldGen       total 42496K, used 4868K [0x00000000c0000000, 0x00000000c2980000, 0x00000000eab00000)
  object space 42496K, 11% used [0x00000000c0000000,0x00000000c04c13e8,0x00000000c2980000)
 Metaspace       used 4871K, capacity 5572K, committed 5760K, reserved 1056768K
  class space    used 530K, capacity 564K, committed 640K, reserved 1048576K
Event: 0.812 GC heap after
Heap after GC invocations=3 (full 0):
 PSYoungGen      total 34304K, used 2343K [0x00000000eab00000, 0x00000000eee00000, 0x0000000100000000)
  eden space 31744K, 0% used [0x00000000eab00000,0x00000000eab00000,0x00000000eca00000)
  from space 2560K, 91% used [0x00000000eca00000,0x00000000ecc49c48,0x00000000ecc80000)
  to   space 2560K, 0% used [0x00000000eeb80000,0x00000000eeb80000,0x00000000eee00000)
 ParOldGen       total 42496K, used 7589K [0x00000000c0000000, 0x00000000c2980000, 0x00000000eab00000)
  object space 42496K, 17% used [0x00000000c0000000,0x00000000c0769500,0x00000000c2980000)
 Metaspace       used 4871K, capacity 5572K, committed 5760K, reserved 1056768K
  class space    used 530K, capacity 564K, committed 640K, reserved 1048576K
}
Event: 0.972 GC heap before
{Heap before GC invocations=4 (full 0):
 PSYoungGen      total 34304K, used 33547K [0x00000000eab00000, 0x00000000eee00000, 0x0000000100000000)
  eden space 31744K, 98% used [0x00000000eab00000,0x00000000ec979358,0x00000000eca00000)
  from space 2560K, 91% used [0x00000000eca00000,0x00000000ecc49c48,0x00000000ecc80000)
  to   space 2560K, 0% used [0x00000000eeb80000,0x00000000eeb80000,0x00000000eee00000)
 ParOldGen       total 42496K, used 7589K [0x00000000c0000000, 0x00000000c2980000, 0x00000000eab00000)
  object space 42496K, 17% used [0x00000000c0000000,0x00000000c0769500,0x00000000c2980000)
 Metaspace       used 4889K, capacity 5572K, committed 5760K, reserved 1056768K
  class space    used 530K, capacity 564K, committed 640K, reserved 1048576K
Event: 0.975 GC heap after
Heap after GC invocations=4 (full 0):
 PSYoungGen      total 66048K, used 2131K [0x00000000eab00000, 0x00000000eee00000, 0x0000000100000000)
  eden space 63488K, 0% used [0x00000000eab00000,0x00000000eab00000,0x00000000ee900000)
  from space 2560K, 83% used [0x00000000eeb80000,0x00000000eed94ce0,0x00000000eee00000)
  to   space 2560K, 0% used [0x00000000ee900000,0x00000000ee900000,0x00000000eeb80000)
 ParOldGen       total 42496K, used 9281K [0x00000000c0000000, 0x00000000c2980000, 0x00000000eab00000)
  object space 42496K, 21% used [0x00000000c0000000,0x00000000c09107c0,0x00000000c2980000)
 Metaspace       used 4889K, capacity 5572K, committed 5760K, reserved 1056768K
  class space    used 530K, capacity 564K, committed 640K, reserved 1048576K
}
Event: 1.288 GC heap before
{Heap before GC invocations=5 (full 0):
 PSYoungGen      total 66048K, used 65619K [0x00000000eab00000, 0x00000000eee00000, 0x0000000100000000)
  eden space 63488K, 100% used [0x00000000eab00000,0x00000000ee900000,0x00000000ee900000)
  from space 2560K, 83% used [0x00000000eeb80000,0x00000000eed94ce0,0x00000000eee00000)
  to   space 2560K, 0% used [0x00000000ee900000,0x00000000ee900000,0x00000000eeb80000)
 ParOldGen       total 42496K, used 9281K [0x00000000c0000000, 0x00000000c2980000, 0x00000000eab00000)
  object space 42496K, 21% used [0x00000000c0000000,0x00000000c09107c0,0x00000000c2980000)
 Metaspace       used 4912K, capacity 5572K, committed 5760K, reserved 1056768K
  class space    used 530K, capacity 564K, committed 640K, reserved 1048576K
Event: 1.294 GC heap after
Heap after GC invocations=5 (full 0):
 PSYoungGen      total 66048K, used 2549K [0x00000000eab00000, 0x00000000f3600000, 0x0000000100000000)
  eden space 63488K, 0% used [0x00000000eab00000,0x00000000eab00000,0x00000000ee900000)
  from space 2560K, 99% used [0x00000000ee900000,0x00000000eeb7d700,0x00000000eeb80000)
  to   space 7680K, 0% used [0x00000000f2e80000,0x00000000f2e80000,0x00000000f3600000)
 ParOldGen       total 42496K, used 12817K [0x00000000c0000000, 0x00000000c2980000, 0x00000000eab00000)
  object space 42496K, 30% used [0x00000000c0000000,0x00000000c0c84700,0x00000000c2980000)
 Metaspace       used 4912K, capacity 5572K, committed 5760K, reserved 1056768K
  class space    used 530K, capacity 564K, committed 640K, reserved 1048576K
}
Event: 1.478 GC heap before
{Heap before GC invocations=6 (full 0):
 PSYoungGen      total 66048K, used 66037K [0x00000000eab00000, 0x00000000f3600000, 0x0000000100000000)
  eden space 63488K, 100% used [0x00000000eab00000,0x00000000ee900000,0x00000000ee900000)
  from space 2560K, 99% used [0x00000000ee900000,0x00000000eeb7d700,0x00000000eeb80000)
  to   space 7680K, 0% used [0x00000000f2e80000,0x00000000f2e80000,0x00000000f3600000)
 ParOldGen       total 42496K, used 12817K [0x00000000c0000000, 0x00000000c2980000, 0x00000000eab00000)
  object space 42496K, 30% used [0x00000000c0000000,0x00000000c0c84700,0x00000000c2980000)
 Metaspace       used 4925K, capacity 5572K, committed 5760K, reserved 1056768K
  class space    used 530K, capacity 564K, committed 640K, reserved 1048576K
Event: 1.503 GC heap after
Heap after GC invocations=6 (full 0):
 PSYoungGen      total 133632K, used 6647K [0x00000000eab00000, 0x00000000f3800000, 0x0000000100000000)
  eden space 125952K, 0% used [0x00000000eab00000,0x00000000eab00000,0x00000000f2600000)
  from space 7680K, 86% used [0x00000000f2e80000,0x00000000f34fdc50,0x00000000f3600000)
  to   space 8704K, 0% used [0x00000000f2600000,0x00000000f2600000,0x00000000f2e80000)
 ParOldGen       total 42496K, used 25386K [0x00000000c0000000, 0x00000000c2980000, 0x00000000eab00000)
  object space 42496K, 59% used [0x00000000c0000000,0x00000000c18cab00,0x00000000c2980000)
 Metaspace       used 4925K, capacity 5572K, committed 5760K, reserved 1056768K
  class space    used 530K, capacity 564K, committed 640K, reserved 1048576K
}

Deoptimization events (1 events):
Event: 0.424 Thread 0x0000000002528000 Uncommon trap: reason=predicate action=maybe_recompile pc=0x00000000028fcde8 method=com.android.dex.Leb128.readUnsignedLeb128(Lcom/android/dex/util/ByteInput;)I @ 41

Internal exceptions (10 events):
Event: 0.274 Thread 0x0000000002528000 Exception <a 'java/security/PrivilegedActionException'> (0x00000000eaf51438) thrown at [D:\re\workspace\8-2-build-windows-amd64-cygwin\jdk8u25\1677\hotspot\src\share\vm\prims\jvm.cpp, line 1312]
Event: 0.274 Thread 0x0000000002528000 Exception <a 'java/security/PrivilegedActionException'> (0x00000000eaf54668) thrown at [D:\re\workspace\8-2-build-windows-amd64-cygwin\jdk8u25\1677\hotspot\src\share\vm\prims\jvm.cpp, line 1312]
Event: 0.275 Thread 0x0000000002528000 Exception <a 'java/security/PrivilegedActionException'> (0x00000000eaf57cd0) thrown at [D:\re\workspace\8-2-build-windows-amd64-cygwin\jdk8u25\1677\hotspot\src\share\vm\prims\jvm.cpp, line 1312]
Event: 0.277 Thread 0x0000000002528000 Exception <a 'java/security/PrivilegedActionException'> (0x00000000eafa01f8) thrown at [D:\re\workspace\8-2-build-windows-amd64-cygwin\jdk8u25\1677\hotspot\src\share\vm\prims\jvm.cpp, line 1312]
Event: 0.278 Thread 0x0000000002528000 Exception <a 'java/security/PrivilegedActionException'> (0x00000000eafa2e00) thrown at [D:\re\workspace\8-2-build-windows-amd64-cygwin\jdk8u25\1677\hotspot\src\share\vm\prims\jvm.cpp, line 1312]
Event: 0.311 Thread 0x0000000002528000 Exception <a 'java/security/PrivilegedActionException'> (0x00000000eaffef98) thrown at [D:\re\workspace\8-2-build-windows-amd64-cygwin\jdk8u25\1677\hotspot\src\share\vm\prims\jvm.cpp, line 1312]
Event: 0.311 Thread 0x0000000002528000 Exception <a 'java/security/PrivilegedActionException'> (0x00000000eafff2e0) thrown at [D:\re\workspace\8-2-build-windows-amd64-cygwin\jdk8u25\1677\hotspot\src\share\vm\prims\jvm.cpp, line 1312]
Event: 0.311 Thread 0x0000000002528000 Exception <a 'java/security/PrivilegedActionException'> (0x00000000eb003398) thrown at [D:\re\workspace\8-2-build-windows-amd64-cygwin\jdk8u25\1677\hotspot\src\share\vm\prims\jvm.cpp, line 1312]
Event: 0.311 Thread 0x0000000002528000 Exception <a 'java/security/PrivilegedActionException'> (0x00000000eb0036e0) thrown at [D:\re\workspace\8-2-build-windows-amd64-cygwin\jdk8u25\1677\hotspot\src\share\vm\prims\jvm.cpp, line 1312]
Event: 0.673 Thread 0x0000000002528000 Exception <a 'java/security/PrivilegedActionException'> (0x00000000ebbb2880) thrown at [D:\re\workspace\8-2-build-windows-amd64-cygwin\jdk8u25\1677\hotspot\src\share\vm\prims\jvm.cpp, line 1312]

Events (10 events):
Event: 1.509 loading class sun/reflect/ClassDefiner
Event: 1.509 loading class sun/reflect/ClassDefiner done
Event: 1.509 loading class sun/reflect/ClassDefiner$1
Event: 1.509 loading class sun/reflect/ClassDefiner$1 done
Event: 1.509 loading class sun/reflect/BootstrapConstructorAccessorImpl
Event: 1.509 loading class sun/reflect/BootstrapConstructorAccessorImpl done
Event: 1.608 Thread 0x0000000002528000 DEOPT PACKING pc=0x0000000002a1e4d2 sp=0x00000000026ef0c0
Event: 1.608 Thread 0x0000000002528000 DEOPT UNPACKING pc=0x00000000027375bf sp=0x00000000026eee90 mode 0
Event: 1.609 Thread 0x0000000002528000 DEOPT PACKING pc=0x0000000002a1af12 sp=0x00000000026ef110
Event: 1.609 Thread 0x0000000002528000 DEOPT UNPACKING pc=0x00000000027375bf sp=0x00000000026eee78 mode 0


Dynamic libraries:
0x000000013f150000 - 0x000000013f184000 	C:\Program Files\Java\jdk1.8.0_25\bin\java.exe
0x0000000077500000 - 0x00000000776aa000 	C:\Windows\SYSTEM32\ntdll.dll
0x00000000773e0000 - 0x00000000774ff000 	C:\Windows\system32\kernel32.dll
0x000007fefd580000 - 0x000007fefd5ea000 	C:\Windows\system32\KERNELBASE.dll
0x000007fefdc10000 - 0x000007fefdceb000 	C:\Windows\system32\ADVAPI32.dll
0x000007fefdb70000 - 0x000007fefdc0f000 	C:\Windows\system32\msvcrt.dll
0x000007fefd970000 - 0x000007fefd98f000 	C:\Windows\SYSTEM32\sechost.dll
0x000007feff6e0000 - 0x000007feff80d000 	C:\Windows\system32\RPCRT4.dll
0x00000000772e0000 - 0x00000000773da000 	C:\Windows\system32\USER32.dll
0x000007fefd830000 - 0x000007fefd897000 	C:\Windows\system32\GDI32.dll
0x000007fefe660000 - 0x000007fefe66e000 	C:\Windows\system32\LPK.dll
0x000007feff610000 - 0x000007feff6da000 	C:\Windows\system32\USP10.dll
0x000007fefb820000 - 0x000007fefba14000 	C:\Windows\WinSxS\amd64_microsoft.windows.common-controls_6595b64144ccf1df_6.0.7601.18837_none_fa3b1e3d17594757\COMCTL32.dll
0x000007fefd8f0000 - 0x000007fefd961000 	C:\Windows\system32\SHLWAPI.dll
0x000007fefe350000 - 0x000007fefe37e000 	C:\Windows\system32\IMM32.DLL
0x000007fefd720000 - 0x000007fefd829000 	C:\Windows\system32\MSCTF.dll
0x0000000052d20000 - 0x0000000052df2000 	C:\Program Files\Java\jdk1.8.0_25\jre\bin\msvcr100.dll
0x000000005d6d0000 - 0x000000005df2a000 	C:\Program Files\Java\jdk1.8.0_25\jre\bin\server\jvm.dll
0x000007fef9200000 - 0x000007fef9209000 	C:\Windows\system32\WSOCK32.dll
0x000007fefd8a0000 - 0x000007fefd8ed000 	C:\Windows\system32\WS2_32.dll
0x000007fefe380000 - 0x000007fefe388000 	C:\Windows\system32\NSI.dll
0x000007fefb240000 - 0x000007fefb27b000 	C:\Windows\system32\WINMM.dll
0x00000000776c0000 - 0x00000000776c7000 	C:\Windows\system32\PSAPI.DLL
0x0000000074be0000 - 0x0000000074bef000 	C:\Program Files\Java\jdk1.8.0_25\jre\bin\verify.dll
0x0000000073160000 - 0x0000000073188000 	C:\Program Files\Java\jdk1.8.0_25\jre\bin\java.dll
0x0000000073230000 - 0x0000000073246000 	C:\Program Files\Java\jdk1.8.0_25\jre\bin\zip.dll
0x000007fefe880000 - 0x000007feff60a000 	C:\Windows\system32\SHELL32.dll
0x000007fefe670000 - 0x000007fefe873000 	C:\Windows\system32\ole32.dll
0x000007fefd290000 - 0x000007fefd29f000 	C:\Windows\system32\profapi.dll
0x000007fef8aa0000 - 0x000007fef8bc5000 	C:\Windows\system32\dbghelp.dll

VM Arguments:
jvm_args: -Djava.awt.headless=true -Xmx1024M -Dfile.encoding=windows-31j -Duser.country=JP -Duser.language=ja -Duser.variant 
java_command: com.android.dx.command.Main --dex --force-jumbo --output C:\Users\seki\AndroidStudioProjects\Saezurishiki\app\build\intermediates\transforms\dex\debug\folders\1000\1f\main C:\Users\seki\AndroidStudioProjects\Saezurishiki\app\build\intermediates\pre-dexed\debug\instant-run-bootstrap_96f6f30332a79944fb0611e7323c7491bd046d19.jar C:\Users\seki\AndroidStudioProjects\Saezurishiki\app\build\intermediates\pre-dexed\debug\support-annotations-23.1.1_c00332d509674f4903b2f59b92f338a8e8f3bf9b.jar C:\Users\seki\AndroidStudioProjects\Saezurishiki\app\build\intermediates\pre-dexed\debug\annotations-java5-15.0_02f40fd5daeeacea85c7718cca5d926a93170b58.jar C:\Users\seki\AndroidStudioProjects\Saezurishiki\app\build\intermediates\pre-dexed\debug\twitter4j-media-support-4.0.4_6a7c55642bbc23886aa1150ef5c5a8dea409e6b0.jar C:\Users\seki\AndroidStudioProjects\Saezurishiki\app\build\intermediates\pre-dexed\debug\instant-run_957b83b89b1fdb852f8837d0c4035b3f6698a6f6.jar C:\Users\seki\AndroidStudioProjects\Saezurishiki\app\build\intermediates\pre-dexed\debug\com.android.support-preference-v7-23.1.1_1050b76883c8ad9db517d5e6e370cee74667d575.jar C:\Users\seki\AndroidStudioProjects\Saezurishiki\app\build\intermediates\pre-dexed\debug\twitter4j-stream-4.0.4_bae6aeb4759a5bd5a35dbbabf1c15072c4d1d3a1.jar C:\Users\seki\AndroidStudioProjects\Saezurishiki\app\build\intermediates\pre-dexed\debug\twitter4j-async-4.0.4_08fbe37f6608b421278fda81502adcf8b27f24ee.jar C:\Users\seki\AndroidStudioProjects\Saezurishiki\app\build\intermediates\pre-dexed\debug\picasso-2.3.3_4b3c5c7848bb7105316f53e12b6d7fd555e6bdb8.jar C:\Users\seki\AndroidStudioProjects\Saezurishiki\app\build\intermediates\pre-dexed\debug\internal_impl-23.1.1_dd49ca6c14ad2085089187c3b9b57d94fb26f311.jar C:\Users\seki\AndroidStudioProjects\Saezurishiki\app\build\intermediates\pre-dexed\debug\com.android.support-design-23.1.1_ead62824edb1494c8af3600cd8c4b5020fc29965.jar C:\Users\seki\AndroidStudioProjects\Saezurishiki\app\build\intermedia
java_class_path (initial): C:\Users\seki\AppData\Local\Android\sdk\build-tools\21.1.2\lib\dx.jar
Launcher Type: SUN_STANDARD

Environment Variables:
JAVA_HOME=C:\Program Files\Java\jdk1.8.0_25
PATH=C:\Program Files\Common Files\Microsoft Shared\Windows Live;C:\Program Files (x86)\Common Files\Microsoft Shared\Windows Live;C:\Windows\system32;C:\Windows;C:\Windows\System32\Wbem;C:\Windows\System32\WindowsPowerShell\v1.0\;C:\Program Files (x86)\Windows Live\Shared;C:\Program Files (x86)\EgisTec MyWinLocker\x64;C:\Program Files (x86)\EgisTec MyWinLocker\;c:\Program Files (x86)\Microsoft SQL Server\100\Tools\Binn\;c:\Program Files\Microsoft SQL Server\100\Tools\Binn\;c:\Program Files\Microsoft SQL Server\100\DTS\Binn\;C:\Users\seki\Downloads\android-sdk-windows\tools;C:\Program Files (x86)\gdipp\;C:\Program Files\Java\jdk1.8.0_25\bin;C:\Program Files (x86)\Skype\Phone\;C:\Program Files (x86)\scala\bin
USERNAME=seki
OS=Windows_NT
PROCESSOR_IDENTIFIER=Intel64 Family 6 Model 42 Stepping 7, GenuineIntel



---------------  S Y S T E M  ---------------

OS: Windows 7 , 64 bit Build 7601 Service Pack 1

CPU:total 4 (2 cores per cpu, 2 threads per core) family 6 model 42 stepping 7, cmov, cx8, fxsr, mmx, sse, sse2, sse3, ssse3, sse4.1, sse4.2, popcnt, avx, aes, clmul, ht, tsc, tscinvbit

Memory: 4k page, physical 4042608k(714732k free), swap 8083356k(3075112k free)

vm_info: Java HotSpot(TM) 64-Bit Server VM (25.25-b02) for windows-amd64 JRE (1.8.0_25-b18), built on Oct  7 2014 14:25:37 by "java_re" with MS VC++ 10.0 (VS2010)

time: Sat Jun 04 11:04:30 2016
elapsed time: 2 seconds (0d 0h 0m 2s)

