#
# A fatal error has been detected by the Java Runtime Environment:
#
#  EXCEPTION_ACCESS_VIOLATION (0xc0000005) at pc=0x0000000002fdbd06, pid=3764, tid=3968
#
# JRE version: Java(TM) SE Runtime Environment (8.0_25-b18) (build 1.8.0_25-b18)
# Java VM: Java HotSpot(TM) 64-Bit Server VM (25.25-b02 mixed mode windows-amd64 compressed oops)
# Problematic frame:
# J 2206 C1 com.android.dx.dex.code.LocalList$MakeState.snapshot(ILcom/android/dx/rop/code/RegisterSpecSet;)V (110 bytes) @ 0x0000000002fdbd06 [0x0000000002fdb8e0+0x426]
#
# Failed to write core dump. Minidumps are not enabled by default on client versions of Windows
#
# If you would like to submit a bug report, please visit:
#   http://bugreport.sun.com/bugreport/crash.jsp
#

---------------  T H R E A D  ---------------

Current thread (0x000000000250e800):  JavaThread "main" [_thread_in_Java, id=3968, stack(0x00000000025c0000,0x00000000026c0000)]

siginfo: ExceptionCode=0xc0000005, reading address 0x0000000000001000

Registers:
RAX=0x0000000000001000, RBX=0x0000000000000000, RCX=0x0000000014dbca48, RDX=0x00000000f08f2be8
RSP=0x00000000026beb10, RBP=0x00000000026bee98, RSI=0x0000000000000003, RDI=0x0000000000000007
R8 =0x0000000014dbdb40, R9 =0x00000000c06b1990, R10=0x0000000080087940, R11=0x0000000000000118
R12=0x0000000000000000, R13=0x0000000000007314, R14=0x00000000c048fe58, R15=0x000000000250e800
RIP=0x0000000002fdbd06, EFLAGS=0x0000000000010206

Top of Stack: (sp=0x00000000026beb10)
0x00000000026beb10:   00000000026beb30 00000000026bee98
0x00000000026beb20:   00000000026bee98 0000000002ffc8d4
0x00000000026beb30:   00000000c048fe58 0000000600000003
0x00000000026beb40:   00000000f08f2be8 00000000c048fe58
0x00000000026beb50:   0000000000000000 00000000c06aa210
0x00000000026beb60:   00000000ffffffff 00000000c06aa7a8
0x00000000026beb70:   00000000026bee98 00000000c046cae8
0x00000000026beb80:   00000000026bee98 0000000002fe7bec
0x00000000026beb90:   0000001200000007 00000000f08f2be8
0x00000000026beba0:   00000000c06b1990 0000000000000000
0x00000000026bebb0:   0000000000000000 0000010a00000003
0x00000000026bebc0:   00000000c048fe58 00000000f08f2be8
0x00000000026bebd0:   00000000c06aa210 0000010a0000010a
0x00000000026bebe0:   00000000026bee98 00000000030002f4
0x00000000026bebf0:   00000000c06aa7c8 0000010900000002
0x00000000026bec00:   00000000f08f2570 000000000000010a 

Instructions: (pc=0x0000000002fdbd06)
0x0000000002fdbce6:   85 14 00 00 00 48 89 84 24 98 00 00 00 89 b4 24
0x0000000002fdbcf6:   a8 00 00 00 e9 c0 01 00 00 89 b4 24 a8 00 00 00
0x0000000002fdbd06:   48 3b 00 48 8b c8 49 bb 48 ca db 14 00 00 00 00
0x0000000002fdbd16:   8b 49 08 49 3b 8b 30 01 00 00 75 0d 49 83 83 38 


Register to memory mapping:

RAX=0x0000000000001000 is an unknown value
RBX=0x0000000000000000 is an unknown value
RCX=0x0000000014dbca48 is pointing into metadata
RDX=0x00000000f08f2be8 is an oop
com.android.dx.dex.code.LocalList$MakeState 
 - klass: 'com/android/dx/dex/code/LocalList$MakeState'
RSP=0x00000000026beb10 is pointing into the stack for thread: 0x000000000250e800
RBP=0x00000000026bee98 is pointing into the stack for thread: 0x000000000250e800
RSI=0x0000000000000003 is an unknown value
RDI=0x0000000000000007 is an unknown value
R8 =0x0000000014dbdb40 is pointing into metadata
R9 =0x00000000c06b1990 is an oop
com.android.dx.rop.code.RegisterSpecSet 
 - klass: 'com/android/dx/rop/code/RegisterSpecSet'
R10=0x0000000080087940 is pointing into metadata
R11=0x0000000000000118 is an unknown value
R12=0x0000000000000000 is an unknown value
R13=0x0000000000007314 is an unknown value
R14=0x00000000c048fe58 is an oop
com.android.dx.rop.code.RegisterSpec 
 - klass: 'com/android/dx/rop/code/RegisterSpec'
R15=0x000000000250e800 is a thread


Stack: [0x00000000025c0000,0x00000000026c0000],  sp=0x00000000026beb10,  free space=1018k
Native frames: (J=compiled Java code, j=interpreted, Vv=VM code, C=native code)
C  0x0000000002fdbd06


---------------  P R O C E S S  ---------------

Java Threads: ( => current thread )
  0x0000000016614800 JavaThread "Service Thread" daemon [_thread_blocked, id=6212, stack(0x0000000016d40000,0x0000000016e40000)]
  0x00000000165f8800 JavaThread "C1 CompilerThread2" daemon [_thread_blocked, id=3504, stack(0x0000000016fb0000,0x00000000170b0000)]
  0x00000000165f7000 JavaThread "C2 CompilerThread1" daemon [_thread_blocked, id=7812, stack(0x0000000016e90000,0x0000000016f90000)]
  0x00000000165ad800 JavaThread "C2 CompilerThread0" daemon [_thread_in_native, id=7376, stack(0x0000000016c20000,0x0000000016d20000)]
  0x00000000165ac800 JavaThread "Attach Listener" daemon [_thread_blocked, id=1624, stack(0x0000000016a30000,0x0000000016b30000)]
  0x000000001512b800 JavaThread "Signal Dispatcher" daemon [_thread_blocked, id=2248, stack(0x0000000016340000,0x0000000016440000)]
  0x00000000150d4800 JavaThread "Finalizer" daemon [_thread_blocked, id=3556, stack(0x00000000164a0000,0x00000000165a0000)]
  0x00000000150cb800 JavaThread "Reference Handler" daemon [_thread_blocked, id=692, stack(0x0000000016230000,0x0000000016330000)]
=>0x000000000250e800 JavaThread "main" [_thread_in_Java, id=3968, stack(0x00000000025c0000,0x00000000026c0000)]

Other Threads:
  0x00000000150c6000 VMThread [stack: 0x00000000160b0000,0x00000000161b0000] [id=8096]
  0x0000000016618800 WatcherThread [stack: 0x0000000017260000,0x0000000017360000] [id=7484]

VM state:synchronizing (normal execution)

VM Mutex/Monitor currently owned by a thread:  ([mutex/lock_event])
[0x000000000250c390] Safepoint_lock - owner thread: 0x00000000150c6000
[0x000000000250c410] Threads_lock - owner thread: 0x00000000150c6000

Heap:
 PSYoungGen      total 137728K, used 108758K [0x00000000eab00000, 0x00000000f4400000, 0x0000000100000000)
  eden space 124928K, 77% used [0x00000000eab00000,0x00000000f09d53b8,0x00000000f2500000)
  from space 12800K, 91% used [0x00000000f3380000,0x00000000f3ee0658,0x00000000f4000000)
  to   space 14848K, 0% used [0x00000000f2500000,0x00000000f2500000,0x00000000f3380000)
 ParOldGen       total 42496K, used 24045K [0x00000000c0000000, 0x00000000c2980000, 0x00000000eab00000)
  object space 42496K, 56% used [0x00000000c0000000,0x00000000c177b618,0x00000000c2980000)
 Metaspace       used 6397K, capacity 7408K, committed 7552K, reserved 1056768K
  class space    used 597K, capacity 616K, committed 640K, reserved 1048576K

Card table byte_map: [0x0000000011b30000,0x0000000011d40000] byte_map_base: 0x0000000011530000

Marking Bits: (ParMarkBitMap*) 0x000000005dead490
 Begin Bits: [0x0000000012540000, 0x0000000013540000)
 End Bits:   [0x0000000013540000, 0x0000000014540000)

Polling page: 0x0000000000140000

CodeCache: size=245760Kb used=9066Kb max_used=9077Kb free=236693Kb
 bounds [0x0000000002770000, 0x0000000003060000, 0x0000000011770000]
 total_blobs=2387 nmethods=2125 adapters=176
 compilation: enabled

Compilation events (10 events):
Event: 18.553 Thread 0x00000000165f8800 2278       2       com.android.dx.dex.code.DalvInsn::expandedVersion (20 bytes)
Event: 18.553 Thread 0x00000000165f8800 nmethod 2278 0x0000000003015390 code [0x0000000003015500, 0x00000000030156b8]
Event: 18.554 Thread 0x00000000165f8800 2279       2       com.android.dx.dex.code.form.Form10t::branchFits (22 bytes)
Event: 18.555 Thread 0x00000000165f8800 nmethod 2279 0x0000000003014d90 code [0x0000000003014f00, 0x00000000030151b8]
Event: 18.557 Thread 0x00000000165f8800 2280       1       com.android.dx.dex.code.form.Form22c::codeSize (2 bytes)
Event: 18.557 Thread 0x00000000165f8800 nmethod 2280 0x0000000003014ad0 code [0x0000000003014c20, 0x0000000003014d30]
Event: 18.558 Thread 0x00000000165f8800 2281       1       com.android.dx.dex.code.form.Form35c::codeSize (2 bytes)
Event: 18.558 Thread 0x00000000165f8800 nmethod 2281 0x0000000003014810 code [0x0000000003014960, 0x0000000003014a70]
Event: 18.561 Thread 0x00000000165f8800 2282       2       com.android.dx.dex.code.form.Form12x::codeSize (2 bytes)
Event: 18.562 Thread 0x00000000165f8800 nmethod 2282 0x00000000030144d0 code [0x0000000003014620, 0x0000000003014770]

GC Heap History (10 events):
Event: 4.902 GC heap before
{Heap before GC invocations=2 (full 0):
 PSYoungGen      total 18432K, used 18428K [0x00000000eab00000, 0x00000000ecf00000, 0x0000000100000000)
  eden space 15872K, 100% used [0x00000000eab00000,0x00000000eba80000,0x00000000eba80000)
  from space 2560K, 99% used [0x00000000eba80000,0x00000000ebcff278,0x00000000ebd00000)
  to   space 2560K, 0% used [0x00000000ecc80000,0x00000000ecc80000,0x00000000ecf00000)
 ParOldGen       total 42496K, used 1579K [0x00000000c0000000, 0x00000000c2980000, 0x00000000eab00000)
  object space 42496K, 3% used [0x00000000c0000000,0x00000000c018ae48,0x00000000c2980000)
 Metaspace       used 5803K, capacity 7024K, committed 7296K, reserved 1056768K
  class space    used 559K, capacity 616K, committed 640K, reserved 1048576K
Event: 5.528 GC heap after
Heap after GC invocations=2 (full 0):
 PSYoungGen      total 34304K, used 2558K [0x00000000eab00000, 0x00000000ecf00000, 0x0000000100000000)
  eden space 31744K, 0% used [0x00000000eab00000,0x00000000eab00000,0x00000000eca00000)
  from space 2560K, 99% used [0x00000000ecc80000,0x00000000eceff8f0,0x00000000ecf00000)
  to   space 2560K, 0% used [0x00000000eca00000,0x00000000eca00000,0x00000000ecc80000)
 ParOldGen       total 42496K, used 4051K [0x00000000c0000000, 0x00000000c2980000, 0x00000000eab00000)
  object space 42496K, 9% used [0x00000000c0000000,0x00000000c03f4e48,0x00000000c2980000)
 Metaspace       used 5803K, capacity 7024K, committed 7296K, reserved 1056768K
  class space    used 559K, capacity 616K, committed 640K, reserved 1048576K
}
Event: 6.606 GC heap before
{Heap before GC invocations=3 (full 0):
 PSYoungGen      total 34304K, used 34302K [0x00000000eab00000, 0x00000000ecf00000, 0x0000000100000000)
  eden space 31744K, 100% used [0x00000000eab00000,0x00000000eca00000,0x00000000eca00000)
  from space 2560K, 99% used [0x00000000ecc80000,0x00000000eceff8f0,0x00000000ecf00000)
  to   space 2560K, 0% used [0x00000000eca00000,0x00000000eca00000,0x00000000ecc80000)
 ParOldGen       total 42496K, used 4051K [0x00000000c0000000, 0x00000000c2980000, 0x00000000eab00000)
  object space 42496K, 9% used [0x00000000c0000000,0x00000000c03f4e48,0x00000000c2980000)
 Metaspace       used 5861K, capacity 7088K, committed 7296K, reserved 1056768K
  class space    used 559K, capacity 616K, committed 640K, reserved 1048576K
Event: 7.064 GC heap after
Heap after GC invocations=3 (full 0):
 PSYoungGen      total 34304K, used 2534K [0x00000000eab00000, 0x00000000eee00000, 0x0000000100000000)
  eden space 31744K, 0% used [0x00000000eab00000,0x00000000eab00000,0x00000000eca00000)
  from space 2560K, 98% used [0x00000000eca00000,0x00000000ecc79820,0x00000000ecc80000)
  to   space 2560K, 0% used [0x00000000eeb80000,0x00000000eeb80000,0x00000000eee00000)
 ParOldGen       total 42496K, used 9099K [0x00000000c0000000, 0x00000000c2980000, 0x00000000eab00000)
  object space 42496K, 21% used [0x00000000c0000000,0x00000000c08e2f70,0x00000000c2980000)
 Metaspace       used 5861K, capacity 7088K, committed 7296K, reserved 1056768K
  class space    used 559K, capacity 616K, committed 640K, reserved 1048576K
}
Event: 7.579 GC heap before
{Heap before GC invocations=4 (full 0):
 PSYoungGen      total 34304K, used 34278K [0x00000000eab00000, 0x00000000eee00000, 0x0000000100000000)
  eden space 31744K, 100% used [0x00000000eab00000,0x00000000eca00000,0x00000000eca00000)
  from space 2560K, 98% used [0x00000000eca00000,0x00000000ecc79820,0x00000000ecc80000)
  to   space 2560K, 0% used [0x00000000eeb80000,0x00000000eeb80000,0x00000000eee00000)
 ParOldGen       total 42496K, used 9099K [0x00000000c0000000, 0x00000000c2980000, 0x00000000eab00000)
  object space 42496K, 21% used [0x00000000c0000000,0x00000000c08e2f70,0x00000000c2980000)
 Metaspace       used 5893K, capacity 7088K, committed 7296K, reserved 1056768K
  class space    used 559K, capacity 616K, committed 640K, reserved 1048576K
Event: 8.027 GC heap after
Heap after GC invocations=4 (full 0):
 PSYoungGen      total 66048K, used 2534K [0x00000000eab00000, 0x00000000eee00000, 0x0000000100000000)
  eden space 63488K, 0% used [0x00000000eab00000,0x00000000eab00000,0x00000000ee900000)
  from space 2560K, 98% used [0x00000000eeb80000,0x00000000eedf9808,0x00000000eee00000)
  to   space 2560K, 0% used [0x00000000ee900000,0x00000000ee900000,0x00000000eeb80000)
 ParOldGen       total 42496K, used 14022K [0x00000000c0000000, 0x00000000c2980000, 0x00000000eab00000)
  object space 42496K, 32% used [0x00000000c0000000,0x00000000c0db1ba8,0x00000000c2980000)
 Metaspace       used 5893K, capacity 7088K, committed 7296K, reserved 1056768K
  class space    used 559K, capacity 616K, committed 640K, reserved 1048576K
}
Event: 10.580 GC heap before
{Heap before GC invocations=5 (full 0):
 PSYoungGen      total 66048K, used 66022K [0x00000000eab00000, 0x00000000eee00000, 0x0000000100000000)
  eden space 63488K, 100% used [0x00000000eab00000,0x00000000ee900000,0x00000000ee900000)
  from space 2560K, 98% used [0x00000000eeb80000,0x00000000eedf9808,0x00000000eee00000)
  to   space 2560K, 0% used [0x00000000ee900000,0x00000000ee900000,0x00000000eeb80000)
 ParOldGen       total 42496K, used 14022K [0x00000000c0000000, 0x00000000c2980000, 0x00000000eab00000)
  object space 42496K, 32% used [0x00000000c0000000,0x00000000c0db1ba8,0x00000000c2980000)
 Metaspace       used 5921K, capacity 7088K, committed 7296K, reserved 1056768K
  class space    used 560K, capacity 616K, committed 640K, reserved 1048576K
Event: 13.481 GC heap after
Heap after GC invocations=5 (full 0):
 PSYoungGen      total 66048K, used 2534K [0x00000000eab00000, 0x00000000f4000000, 0x0000000100000000)
  eden space 63488K, 0% used [0x00000000eab00000,0x00000000eab00000,0x00000000ee900000)
  from space 2560K, 98% used [0x00000000ee900000,0x00000000eeb79808,0x00000000eeb80000)
  to   space 12800K, 0% used [0x00000000f3380000,0x00000000f3380000,0x00000000f4000000)
 ParOldGen       total 42496K, used 24045K [0x00000000c0000000, 0x00000000c2980000, 0x00000000eab00000)
  object space 42496K, 56% used [0x00000000c0000000,0x00000000c177b618,0x00000000c2980000)
 Metaspace       used 5921K, capacity 7088K, committed 7296K, reserved 1056768K
  class space    used 560K, capacity 616K, committed 640K, reserved 1048576K
}
Event: 15.457 GC heap before
{Heap before GC invocations=6 (full 0):
 PSYoungGen      total 66048K, used 66022K [0x00000000eab00000, 0x00000000f4000000, 0x0000000100000000)
  eden space 63488K, 100% used [0x00000000eab00000,0x00000000ee900000,0x00000000ee900000)
  from space 2560K, 98% used [0x00000000ee900000,0x00000000eeb79808,0x00000000eeb80000)
  to   space 12800K, 0% used [0x00000000f3380000,0x00000000f3380000,0x00000000f4000000)
 ParOldGen       total 42496K, used 24045K [0x00000000c0000000, 0x00000000c2980000, 0x00000000eab00000)
  object space 42496K, 56% used [0x00000000c0000000,0x00000000c177b618,0x00000000c2980000)
 Metaspace       used 6036K, capacity 7152K, committed 7296K, reserved 1056768K
  class space    used 579K, capacity 616K, committed 640K, reserved 1048576K
Event: 15.832 GC heap after
Heap after GC invocations=6 (full 0):
 PSYoungGen      total 137728K, used 11649K [0x00000000eab00000, 0x00000000f4400000, 0x0000000100000000)
  eden space 124928K, 0% used [0x00000000eab00000,0x00000000eab00000,0x00000000f2500000)
  from space 12800K, 91% used [0x00000000f3380000,0x00000000f3ee0658,0x00000000f4000000)
  to   space 14848K, 0% used [0x00000000f2500000,0x00000000f2500000,0x00000000f3380000)
 ParOldGen       total 42496K, used 24045K [0x00000000c0000000, 0x00000000c2980000, 0x00000000eab00000)
  object space 42496K, 56% used [0x00000000c0000000,0x00000000c177b618,0x00000000c2980000)
 Metaspace       used 6036K, capacity 7152K, committed 7296K, reserved 1056768K
  class space    used 579K, capacity 616K, committed 640K, reserved 1048576K
}

Deoptimization events (10 events):
Event: 17.519 Thread 0x000000000250e800 Uncommon trap: reason=class_check action=maybe_recompile pc=0x0000000002c55510 method=java.util.Arrays.hashCode([Ljava/lang/Object;)I @ 43
Event: 17.519 Thread 0x000000000250e800 Uncommon trap: reason=class_check action=maybe_recompile pc=0x0000000002c55510 method=java.util.Arrays.hashCode([Ljava/lang/Object;)I @ 43
Event: 18.328 Thread 0x000000000250e800 Uncommon trap: reason=speculate_class_check action=maybe_recompile pc=0x0000000002b4d374 method=com.android.dx.util.FixedSizeList.equals(Ljava/lang/Object;)Z @ 25
Event: 18.418 Thread 0x000000000250e800 Uncommon trap: reason=speculate_class_check action=maybe_recompile pc=0x0000000002b4d374 method=com.android.dx.util.FixedSizeList.equals(Ljava/lang/Object;)Z @ 25
Event: 18.418 Thread 0x000000000250e800 Uncommon trap: reason=class_check action=maybe_recompile pc=0x0000000002b4ecbc method=java.util.Arrays.equals([Ljava/lang/Object;[Ljava/lang/Object;)Z @ 62
Event: 18.418 Thread 0x000000000250e800 Uncommon trap: reason=speculate_class_check action=maybe_recompile pc=0x0000000002b4d374 method=com.android.dx.util.FixedSizeList.equals(Ljava/lang/Object;)Z @ 25
Event: 18.418 Thread 0x000000000250e800 Uncommon trap: reason=class_check action=maybe_recompile pc=0x0000000002b4ecbc method=java.util.Arrays.equals([Ljava/lang/Object;[Ljava/lang/Object;)Z @ 62
Event: 18.418 Thread 0x000000000250e800 Uncommon trap: reason=speculate_class_check action=maybe_recompile pc=0x0000000002b4d374 method=com.android.dx.util.FixedSizeList.equals(Ljava/lang/Object;)Z @ 25
Event: 18.418 Thread 0x000000000250e800 Uncommon trap: reason=class_check action=maybe_recompile pc=0x0000000002b4ecbc method=java.util.Arrays.equals([Ljava/lang/Object;[Ljava/lang/Object;)Z @ 62
Event: 18.418 Thread 0x000000000250e800 Uncommon trap: reason=class_check action=maybe_recompile pc=0x0000000002b4ecbc method=java.util.Arrays.equals([Ljava/lang/Object;[Ljava/lang/Object;)Z @ 62

Internal exceptions (10 events):
Event: 18.216 Thread 0x000000000250e800 Exception <a 'java/security/PrivilegedActionException'> (0x00000000f06a1e68) thrown at [D:\re\workspace\8-2-build-windows-amd64-cygwin\jdk8u25\1677\hotspot\src\share\vm\prims\jvm.cpp, line 1312]
Event: 18.216 Thread 0x000000000250e800 Exception <a 'java/security/PrivilegedActionException'> (0x00000000f06a70e0) thrown at [D:\re\workspace\8-2-build-windows-amd64-cygwin\jdk8u25\1677\hotspot\src\share\vm\prims\jvm.cpp, line 1312]
Event: 18.218 Thread 0x000000000250e800 Exception <a 'java/security/PrivilegedActionException'> (0x00000000f06ad720) thrown at [D:\re\workspace\8-2-build-windows-amd64-cygwin\jdk8u25\1677\hotspot\src\share\vm\prims\jvm.cpp, line 1312]
Event: 18.218 Thread 0x000000000250e800 Exception <a 'java/security/PrivilegedActionException'> (0x00000000f06b0718) thrown at [D:\re\workspace\8-2-build-windows-amd64-cygwin\jdk8u25\1677\hotspot\src\share\vm\prims\jvm.cpp, line 1312]
Event: 18.219 Thread 0x000000000250e800 Exception <a 'java/security/PrivilegedActionException'> (0x00000000f06b5620) thrown at [D:\re\workspace\8-2-build-windows-amd64-cygwin\jdk8u25\1677\hotspot\src\share\vm\prims\jvm.cpp, line 1312]
Event: 18.220 Thread 0x000000000250e800 Exception <a 'java/security/PrivilegedActionException'> (0x00000000f06b9db0) thrown at [D:\re\workspace\8-2-build-windows-amd64-cygwin\jdk8u25\1677\hotspot\src\share\vm\prims\jvm.cpp, line 1312]
Event: 18.306 Thread 0x000000000250e800 Exception <a 'java/security/PrivilegedActionException'> (0x00000000f06cae10) thrown at [D:\re\workspace\8-2-build-windows-amd64-cygwin\jdk8u25\1677\hotspot\src\share\vm\prims\jvm.cpp, line 1312]
Event: 18.328 Thread 0x000000000250e800 Exception <a 'java/security/PrivilegedActionException'> (0x00000000f06cde80) thrown at [D:\re\workspace\8-2-build-windows-amd64-cygwin\jdk8u25\1677\hotspot\src\share\vm\prims\jvm.cpp, line 1312]
Event: 18.329 Thread 0x000000000250e800 Exception <a 'java/security/PrivilegedActionException'> (0x00000000f06d10c0) thrown at [D:\re\workspace\8-2-build-windows-amd64-cygwin\jdk8u25\1677\hotspot\src\share\vm\prims\jvm.cpp, line 1312]
Event: 18.339 Thread 0x000000000250e800 Exception <a 'java/security/PrivilegedActionException'> (0x00000000f06e1ba0) thrown at [D:\re\workspace\8-2-build-windows-amd64-cygwin\jdk8u25\1677\hotspot\src\share\vm\prims\jvm.cpp, line 1312]

Events (10 events):
Event: 18.480 Thread 0x000000000250e800 DEOPT PACKING pc=0x0000000002fca18d sp=0x00000000026bebf0
Event: 18.480 Thread 0x000000000250e800 DEOPT UNPACKING pc=0x00000000027b75bf sp=0x00000000026be940 mode 0
Event: 18.482 Thread 0x000000000250e800 DEOPT PACKING pc=0x0000000002fcb7cb sp=0x00000000026bec50
Event: 18.482 Thread 0x000000000250e800 DEOPT UNPACKING pc=0x00000000027b75bf sp=0x00000000026be9c0 mode 0
Event: 18.484 Thread 0x000000000250e800 DEOPT PACKING pc=0x0000000002fcbf46 sp=0x00000000026beb60
Event: 18.484 Thread 0x000000000250e800 DEOPT UNPACKING pc=0x00000000027b75bf sp=0x00000000026be8e8 mode 0
Event: 18.489 Thread 0x000000000250e800 DEOPT PACKING pc=0x0000000002fc3b71 sp=0x00000000026beb40
Event: 18.489 Thread 0x000000000250e800 DEOPT UNPACKING pc=0x00000000027b75bf sp=0x00000000026be8c8 mode 0
Event: 18.502 Thread 0x000000000250e800 DEOPT PACKING pc=0x0000000002fb8a1a sp=0x00000000026be9e0
Event: 18.502 Thread 0x000000000250e800 DEOPT UNPACKING pc=0x00000000027b75bf sp=0x00000000026be760 mode 0


Dynamic libraries:
0x000000013f150000 - 0x000000013f184000 	C:\Program Files\Java\jdk1.8.0_25\bin\java.exe
0x0000000077500000 - 0x00000000776aa000 	C:\Windows\SYSTEM32\ntdll.dll
0x00000000773e0000 - 0x00000000774ff000 	C:\Windows\system32\kernel32.dll
0x000007fefd580000 - 0x000007fefd5ea000 	C:\Windows\system32\KERNELBASE.dll
0x000007fefdc10000 - 0x000007fefdceb000 	C:\Windows\system32\ADVAPI32.dll
0x000007fefdb70000 - 0x000007fefdc0f000 	C:\Windows\system32\msvcrt.dll
0x000007fefd970000 - 0x000007fefd98f000 	C:\Windows\SYSTEM32\sechost.dll
0x000007feff6e0000 - 0x000007feff80d000 	C:\Windows\system32\RPCRT4.dll
0x00000000772e0000 - 0x00000000773da000 	C:\Windows\system32\USER32.dll
0x000007fefd830000 - 0x000007fefd897000 	C:\Windows\system32\GDI32.dll
0x000007fefe660000 - 0x000007fefe66e000 	C:\Windows\system32\LPK.dll
0x000007feff610000 - 0x000007feff6da000 	C:\Windows\system32\USP10.dll
0x000007fefb820000 - 0x000007fefba14000 	C:\Windows\WinSxS\amd64_microsoft.windows.common-controls_6595b64144ccf1df_6.0.7601.18837_none_fa3b1e3d17594757\COMCTL32.dll
0x000007fefd8f0000 - 0x000007fefd961000 	C:\Windows\system32\SHLWAPI.dll
0x000007fefe350000 - 0x000007fefe37e000 	C:\Windows\system32\IMM32.DLL
0x000007fefd720000 - 0x000007fefd829000 	C:\Windows\system32\MSCTF.dll
0x0000000052d20000 - 0x0000000052df2000 	C:\Program Files\Java\jdk1.8.0_25\jre\bin\msvcr100.dll
0x000000005d6d0000 - 0x000000005df2a000 	C:\Program Files\Java\jdk1.8.0_25\jre\bin\server\jvm.dll
0x000007fef9200000 - 0x000007fef9209000 	C:\Windows\system32\WSOCK32.dll
0x000007fefd8a0000 - 0x000007fefd8ed000 	C:\Windows\system32\WS2_32.dll
0x000007fefe380000 - 0x000007fefe388000 	C:\Windows\system32\NSI.dll
0x000007fefb240000 - 0x000007fefb27b000 	C:\Windows\system32\WINMM.dll
0x00000000776c0000 - 0x00000000776c7000 	C:\Windows\system32\PSAPI.DLL
0x0000000074be0000 - 0x0000000074bef000 	C:\Program Files\Java\jdk1.8.0_25\jre\bin\verify.dll
0x0000000073160000 - 0x0000000073188000 	C:\Program Files\Java\jdk1.8.0_25\jre\bin\java.dll
0x0000000073230000 - 0x0000000073246000 	C:\Program Files\Java\jdk1.8.0_25\jre\bin\zip.dll
0x000007fefe880000 - 0x000007feff60a000 	C:\Windows\system32\SHELL32.dll
0x000007fefe670000 - 0x000007fefe873000 	C:\Windows\system32\ole32.dll
0x000007fefd290000 - 0x000007fefd29f000 	C:\Windows\system32\profapi.dll
0x000007fef8aa0000 - 0x000007fef8bc5000 	C:\Windows\system32\dbghelp.dll

VM Arguments:
jvm_args: -Djava.awt.headless=true -Xmx1024M -Dfile.encoding=windows-31j -Duser.country=JP -Duser.language=ja -Duser.variant 
java_command: com.android.dx.command.Main --dex --force-jumbo --output C:\Users\seki\AndroidStudioProjects\Saezurishiki\app\build\intermediates\pre-dexed\debug\com.android.support-appcompat-v7-23.1.1_cd988ca3c1f3552f102808316ab16935f7831616.jar C:\Users\seki\AndroidStudioProjects\Saezurishiki\app\build\intermediates\exploded-aar\com.android.support\appcompat-v7\23.1.1\jars\classes.jar
java_class_path (initial): C:\Users\seki\AppData\Local\Android\sdk\build-tools\21.1.2\lib\dx.jar
Launcher Type: SUN_STANDARD

Environment Variables:
JAVA_HOME=C:\Program Files\Java\jdk1.8.0_25
PATH=C:\Program Files\Common Files\Microsoft Shared\Windows Live;C:\Program Files (x86)\Common Files\Microsoft Shared\Windows Live;C:\Windows\system32;C:\Windows;C:\Windows\System32\Wbem;C:\Windows\System32\WindowsPowerShell\v1.0\;C:\Program Files (x86)\Windows Live\Shared;C:\Program Files (x86)\EgisTec MyWinLocker\x64;C:\Program Files (x86)\EgisTec MyWinLocker\;c:\Program Files (x86)\Microsoft SQL Server\100\Tools\Binn\;c:\Program Files\Microsoft SQL Server\100\Tools\Binn\;c:\Program Files\Microsoft SQL Server\100\DTS\Binn\;C:\Users\seki\Downloads\android-sdk-windows\tools;C:\Program Files (x86)\gdipp\;C:\Program Files\Java\jdk1.8.0_25\bin;C:\Program Files (x86)\Skype\Phone\;C:\Program Files (x86)\scala\bin
USERNAME=seki
OS=Windows_NT
PROCESSOR_IDENTIFIER=Intel64 Family 6 Model 42 Stepping 7, GenuineIntel



---------------  S Y S T E M  ---------------

OS: Windows 7 , 64 bit Build 7601 Service Pack 1

CPU:total 4 (2 cores per cpu, 2 threads per core) family 6 model 42 stepping 7, cmov, cx8, fxsr, mmx, sse, sse2, sse3, ssse3, sse4.1, sse4.2, popcnt, avx, aes, clmul, ht, tsc, tscinvbit

Memory: 4k page, physical 4042608k(401916k free), swap 8083356k(2467664k free)

vm_info: Java HotSpot(TM) 64-Bit Server VM (25.25-b02) for windows-amd64 JRE (1.8.0_25-b18), built on Oct  7 2014 14:25:37 by "java_re" with MS VC++ 10.0 (VS2010)

time: Sat Jun 04 11:32:11 2016
elapsed time: 19 seconds (0d 0h 0m 19s)

