#
# A fatal error has been detected by the Java Runtime Environment:
#
#  EXCEPTION_ACCESS_VIOLATION (0xc0000005) at pc=0x000000005cb8080c, pid=2396, tid=4740
#
# JRE version: Java(TM) SE Runtime Environment (8.0_25-b18) (build 1.8.0_25-b18)
# Java VM: Java HotSpot(TM) 64-Bit Server VM (25.25-b02 mixed mode windows-amd64 compressed oops)
# Problematic frame:
# V  [jvm.dll+0x4c080c]
#
# Failed to write core dump. Minidumps are not enabled by default on client versions of Windows
#
# If you would like to submit a bug report, please visit:
#   http://bugreport.sun.com/bugreport/crash.jsp
#

---------------  T H R E A D  ---------------

Current thread (0x000000005647f000):  JavaThread "C2 CompilerThread0" daemon [_thread_in_native, id=4740, stack(0x0000000056b40000,0x0000000056c40000)]

siginfo: ExceptionCode=0xc0000005, reading address 0x000010000000775d

Registers:
RAX=0x0000000000007f00, RBX=0x0000000056c3eb20, RCX=0x0000000057aa7f88, RDX=0x0000000000000000
RSP=0x0000000056c3c5a0, RBP=0x0000000056c3c5e8, RSI=0xfffffffffffffff8, RDI=0x0000100000007735
R8 =0x0000100000007735, R9 =0x0000000056807eb0, R10=0x000000005680bbd0, R11=0x00000000000001a9
R12=0x0000000000000000, R13=0x0000100000007735, R14=0x0000000000000001, R15=0x0000000056c3c8d0
RIP=0x000000005cb8080c, EFLAGS=0x0000000000010246

Top of Stack: (sp=0x0000000056c3c5a0)
0x0000000056c3c5a0:   0000000056c3eb20 000000000000a7b0
0x0000000056c3c5b0:   000000005741c928 0000000000000000
0x0000000056c3c5c0:   00000000599dc440 0000000059bcda90
0x0000000056c3c5d0:   00000000599d0050 0000000054f363e0
0x0000000056c3c5e0:   0000000000000001 0000000056c3ecc8
0x0000000056c3c5f0:   0000000000000010 0000000000007f69
0x0000000056c3c600:   0000000056c3c660 000000005cb8131f
0x0000000056c3c610:   0000000056c3eb20 0000000000000000
0x0000000056c3c620:   0000000000000000 0000000056c3c8d0
0x0000000056c3c630:   0000000000000000 0000000000000000
0x0000000056c3c640:   4000000000000000 0000000000000000
0x0000000056c3c650:   0000000000000000 000000005cb7b666
0x0000000056c3c660:   000000005cc78428 0000000056c3eb20
0x0000000056c3c670:   0000000000000001 0000000057cc3d18
0x0000000056c3c680:   0000000056c3c790 000000005cb11121
0x0000000056c3c690:   000000005846d648 0000000056c3eb20 

Instructions: (pc=0x000000005cb8080c)
0x000000005cb807ec:   00 00 49 8b 4f 10 48 8b d7 48 81 c1 80 01 00 00
0x000000005cb807fc:   4c 8b ef e8 ac ee bf ff 84 c0 0f 85 3e 01 00 00
0x000000005cb8080c:   8b 4f 28 49 8b 47 30 48 8b 1c c8 48 85 db 0f 85
0x000000005cb8081c:   20 01 00 00 8b c1 c1 e8 05 41 3b 87 f8 09 00 00 


Register to memory mapping:

RAX=0x0000000000007f00 is an unknown value
RBX=0x0000000056c3eb20 is pointing into the stack for thread: 0x000000005647f000
RCX=0x0000000057aa7f88 is an unknown value
RDX=0x0000000000000000 is an unknown value
RSP=0x0000000056c3c5a0 is pointing into the stack for thread: 0x000000005647f000
RBP=0x0000000056c3c5e8 is pointing into the stack for thread: 0x000000005647f000
RSI=0xfffffffffffffff8 is an unknown value
RDI=0x0000100000007735 is an unknown value
R8 =0x0000100000007735 is an unknown value
R9 =0x0000000056807eb0 is an unknown value
R10=0x000000005680bbd0 is an unknown value
R11=0x00000000000001a9 is an unknown value
R12=0x0000000000000000 is an unknown value
R13=0x0000100000007735 is an unknown value
R14=0x0000000000000001 is an unknown value
R15=0x0000000056c3c8d0 is pointing into the stack for thread: 0x000000005647f000


Stack: [0x0000000056b40000,0x0000000056c40000],  sp=0x0000000056c3c5a0,  free space=1009k
Native frames: (J=compiled Java code, j=interpreted, Vv=VM code, C=native code)
V  [jvm.dll+0x4c080c]
V  [jvm.dll+0x4c131f]
V  [jvm.dll+0x451121]
V  [jvm.dll+0x4538f8]
V  [jvm.dll+0x437372]
V  [jvm.dll+0x98a02]
V  [jvm.dll+0x991f3]
V  [jvm.dll+0x22bde4]
V  [jvm.dll+0x2852fa]
C  [msvcr100.dll+0x21d9f]
C  [msvcr100.dll+0x21e3b]
C  [kernel32.dll+0x159bd]
C  [ntdll.dll+0x2a2e1]


Current CompileTask:
C2:   9041 1629   !   4       com.android.dx.cf.code.RopperMachine::run (1550 bytes)


---------------  P R O C E S S  ---------------

Java Threads: ( => current thread )
  0x0000000054f9f800 JavaThread "Service Thread" daemon [_thread_blocked, id=2720, stack(0x0000000056e70000,0x0000000056f70000)]
  0x0000000056486000 JavaThread "C1 CompilerThread2" daemon [_thread_blocked, id=3784, stack(0x00000000568e0000,0x00000000569e0000)]
  0x0000000056484000 JavaThread "C2 CompilerThread1" daemon [_thread_in_native, id=7040, stack(0x0000000056cd0000,0x0000000056dd0000)]
=>0x000000005647f000 JavaThread "C2 CompilerThread0" daemon [_thread_in_native, id=4740, stack(0x0000000056b40000,0x0000000056c40000)]
  0x000000005647e000 JavaThread "Attach Listener" daemon [_thread_blocked, id=7060, stack(0x0000000056a20000,0x0000000056b20000)]
  0x000000005647b000 JavaThread "Signal Dispatcher" daemon [_thread_blocked, id=8004, stack(0x0000000055fe0000,0x00000000560e0000)]
  0x0000000054f34800 JavaThread "Finalizer" daemon [_thread_blocked, id=3924, stack(0x0000000056270000,0x0000000056370000)]
  0x0000000054f2b800 JavaThread "Reference Handler" daemon [_thread_blocked, id=3636, stack(0x0000000056370000,0x0000000056470000)]
  0x000000000025e800 JavaThread "main" [_thread_in_Java, id=7172, stack(0x00000000025e0000,0x00000000026e0000)]

Other Threads:
  0x0000000054f26000 VMThread [stack: 0x00000000560e0000,0x00000000561e0000] [id=5348]
  0x00000000564dd000 WatcherThread [stack: 0x0000000057130000,0x0000000057230000] [id=4048]

VM state:not at safepoint (normal execution)

VM Mutex/Monitor currently owned by a thread: None

Heap:
 PSYoungGen      total 66048K, used 30477K [0x00000000eab00000, 0x00000000eee00000, 0x0000000100000000)
  eden space 63488K, 43% used [0x00000000eab00000,0x00000000ec6442d8,0x00000000ee900000)
  from space 2560K, 99% used [0x00000000eeb80000,0x00000000eedff458,0x00000000eee00000)
  to   space 2560K, 0% used [0x00000000ee900000,0x00000000ee900000,0x00000000eeb80000)
 ParOldGen       total 42496K, used 13827K [0x00000000c0000000, 0x00000000c2980000, 0x00000000eab00000)
  object space 42496K, 32% used [0x00000000c0000000,0x00000000c0d80fe0,0x00000000c2980000)
 Metaspace       used 6299K, capacity 7344K, committed 7552K, reserved 1056768K
  class space    used 596K, capacity 616K, committed 640K, reserved 1048576K

Card table byte_map: [0x0000000011aa0000,0x0000000011cb0000] byte_map_base: 0x00000000114a0000

Marking Bits: (ParMarkBitMap*) 0x000000005ce9d490
 Begin Bits: [0x00000000123a0000, 0x00000000133a0000)
 End Bits:   [0x00000000133a0000, 0x00000000143a0000)

Polling page: 0x0000000000230000

CodeCache: size=245760Kb used=7849Kb max_used=7863Kb free=237910Kb
 bounds [0x00000000026e0000, 0x0000000002ea0000, 0x00000000116e0000]
 total_blobs=2124 nmethods=1862 adapters=176
 compilation: enabled

Compilation events (10 events):
Event: 6.709 Thread 0x0000000056486000 nmethod 1714% 0x0000000002dfe210 code [0x0000000002dfe440, 0x0000000002dfee58]
Event: 6.709 Thread 0x0000000056486000 1715       3       com.android.dx.dex.code.OutputFinisher::getAllConstants (47 bytes)
Event: 6.710 Thread 0x0000000056486000 nmethod 1715 0x0000000002dff350 code [0x0000000002dff580, 0x0000000002dffee8]
Event: 8.281 Thread 0x0000000056484000 nmethod 1631 0x0000000002e04e10 code [0x0000000002e059e0, 0x0000000002e089f8]
Event: 8.281 Thread 0x0000000056484000 1691       4       com.android.dx.rop.cst.CstFieldRef::compareTo0 (43 bytes)
Event: 8.286 Thread 0x0000000056484000 nmethod 1691 0x0000000002e01110 code [0x0000000002e01280, 0x0000000002e016d8]
Event: 8.286 Thread 0x0000000056484000 1707       4       com.android.dx.rop.code.BasicBlock::getLastInsn (8 bytes)
Event: 8.287 Thread 0x0000000056484000 nmethod 1707 0x0000000002e00d50 code [0x0000000002e00ea0, 0x0000000002e00f78]
Event: 8.287 Thread 0x0000000056484000 1624       4       java.util.ArrayList::fastRemove (57 bytes)
Event: 8.289 Thread 0x0000000056484000 nmethod 1624 0x0000000002e00990 code [0x0000000002e00ae0, 0x0000000002e00c18]

GC Heap History (8 events):
Event: 1.949 GC heap before
{Heap before GC invocations=1 (full 0):
 PSYoungGen      total 18432K, used 15872K [0x00000000eab00000, 0x00000000ebf80000, 0x0000000100000000)
  eden space 15872K, 100% used [0x00000000eab00000,0x00000000eba80000,0x00000000eba80000)
  from space 2560K, 0% used [0x00000000ebd00000,0x00000000ebd00000,0x00000000ebf80000)
  to   space 2560K, 0% used [0x00000000eba80000,0x00000000eba80000,0x00000000ebd00000)
 ParOldGen       total 42496K, used 0K [0x00000000c0000000, 0x00000000c2980000, 0x00000000eab00000)
  object space 42496K, 0% used [0x00000000c0000000,0x00000000c0000000,0x00000000c2980000)
 Metaspace       used 5531K, capacity 6768K, committed 7040K, reserved 1056768K
  class space    used 552K, capacity 616K, committed 640K, reserved 1048576K
Event: 2.064 GC heap after
Heap after GC invocations=1 (full 0):
 PSYoungGen      total 18432K, used 2544K [0x00000000eab00000, 0x00000000ecf00000, 0x0000000100000000)
  eden space 15872K, 0% used [0x00000000eab00000,0x00000000eab00000,0x00000000eba80000)
  from space 2560K, 99% used [0x00000000eba80000,0x00000000ebcfc0c8,0x00000000ebd00000)
  to   space 2560K, 0% used [0x00000000ecc80000,0x00000000ecc80000,0x00000000ecf00000)
 ParOldGen       total 42496K, used 1550K [0x00000000c0000000, 0x00000000c2980000, 0x00000000eab00000)
  object space 42496K, 3% used [0x00000000c0000000,0x00000000c0183b18,0x00000000c2980000)
 Metaspace       used 5531K, capacity 6768K, committed 7040K, reserved 1056768K
  class space    used 552K, capacity 616K, committed 640K, reserved 1048576K
}
Event: 3.407 GC heap before
{Heap before GC invocations=2 (full 0):
 PSYoungGen      total 18432K, used 18416K [0x00000000eab00000, 0x00000000ecf00000, 0x0000000100000000)
  eden space 15872K, 100% used [0x00000000eab00000,0x00000000eba80000,0x00000000eba80000)
  from space 2560K, 99% used [0x00000000eba80000,0x00000000ebcfc0c8,0x00000000ebd00000)
  to   space 2560K, 0% used [0x00000000ecc80000,0x00000000ecc80000,0x00000000ecf00000)
 ParOldGen       total 42496K, used 1550K [0x00000000c0000000, 0x00000000c2980000, 0x00000000eab00000)
  object space 42496K, 3% used [0x00000000c0000000,0x00000000c0183b18,0x00000000c2980000)
 Metaspace       used 5814K, capacity 7024K, committed 7296K, reserved 1056768K
  class space    used 557K, capacity 616K, committed 640K, reserved 1048576K
Event: 3.435 GC heap after
Heap after GC invocations=2 (full 0):
 PSYoungGen      total 34304K, used 2549K [0x00000000eab00000, 0x00000000ecf00000, 0x0000000100000000)
  eden space 31744K, 0% used [0x00000000eab00000,0x00000000eab00000,0x00000000eca00000)
  from space 2560K, 99% used [0x00000000ecc80000,0x00000000ecefd648,0x00000000ecf00000)
  to   space 2560K, 0% used [0x00000000eca00000,0x00000000eca00000,0x00000000ecc80000)
 ParOldGen       total 42496K, used 3983K [0x00000000c0000000, 0x00000000c2980000, 0x00000000eab00000)
  object space 42496K, 9% used [0x00000000c0000000,0x00000000c03e3c30,0x00000000c2980000)
 Metaspace       used 5814K, capacity 7024K, committed 7296K, reserved 1056768K
  class space    used 557K, capacity 616K, committed 640K, reserved 1048576K
}
Event: 4.605 GC heap before
{Heap before GC invocations=3 (full 0):
 PSYoungGen      total 34304K, used 34293K [0x00000000eab00000, 0x00000000ecf00000, 0x0000000100000000)
  eden space 31744K, 100% used [0x00000000eab00000,0x00000000eca00000,0x00000000eca00000)
  from space 2560K, 99% used [0x00000000ecc80000,0x00000000ecefd648,0x00000000ecf00000)
  to   space 2560K, 0% used [0x00000000eca00000,0x00000000eca00000,0x00000000ecc80000)
 ParOldGen       total 42496K, used 3983K [0x00000000c0000000, 0x00000000c2980000, 0x00000000eab00000)
  object space 42496K, 9% used [0x00000000c0000000,0x00000000c03e3c30,0x00000000c2980000)
 Metaspace       used 5878K, capacity 7024K, committed 7296K, reserved 1056768K
  class space    used 559K, capacity 616K, committed 640K, reserved 1048576K
Event: 5.325 GC heap after
Heap after GC invocations=3 (full 0):
 PSYoungGen      total 34304K, used 2552K [0x00000000eab00000, 0x00000000eee00000, 0x0000000100000000)
  eden space 31744K, 0% used [0x00000000eab00000,0x00000000eab00000,0x00000000eca00000)
  from space 2560K, 99% used [0x00000000eca00000,0x00000000ecc7e118,0x00000000ecc80000)
  to   space 2560K, 0% used [0x00000000eeb80000,0x00000000eeb80000,0x00000000eee00000)
 ParOldGen       total 42496K, used 8865K [0x00000000c0000000, 0x00000000c2980000, 0x00000000eab00000)
  object space 42496K, 20% used [0x00000000c0000000,0x00000000c08a8568,0x00000000c2980000)
 Metaspace       used 5878K, capacity 7024K, committed 7296K, reserved 1056768K
  class space    used 559K, capacity 616K, committed 640K, reserved 1048576K
}
Event: 5.736 GC heap before
{Heap before GC invocations=4 (full 0):
 PSYoungGen      total 34304K, used 34296K [0x00000000eab00000, 0x00000000eee00000, 0x0000000100000000)
  eden space 31744K, 100% used [0x00000000eab00000,0x00000000eca00000,0x00000000eca00000)
  from space 2560K, 99% used [0x00000000eca00000,0x00000000ecc7e118,0x00000000ecc80000)
  to   space 2560K, 0% used [0x00000000eeb80000,0x00000000eeb80000,0x00000000eee00000)
 ParOldGen       total 42496K, used 8865K [0x00000000c0000000, 0x00000000c2980000, 0x00000000eab00000)
  object space 42496K, 20% used [0x00000000c0000000,0x00000000c08a8568,0x00000000c2980000)
 Metaspace       used 6007K, capacity 7088K, committed 7296K, reserved 1056768K
  class space    used 578K, capacity 616K, committed 640K, reserved 1048576K
Event: 5.783 GC heap after
Heap after GC invocations=4 (full 0):
 PSYoungGen      total 66048K, used 2557K [0x00000000eab00000, 0x00000000eee00000, 0x0000000100000000)
  eden space 63488K, 0% used [0x00000000eab00000,0x00000000eab00000,0x00000000ee900000)
  from space 2560K, 99% used [0x00000000eeb80000,0x00000000eedff458,0x00000000eee00000)
  to   space 2560K, 0% used [0x00000000ee900000,0x00000000ee900000,0x00000000eeb80000)
 ParOldGen       total 42496K, used 13827K [0x00000000c0000000, 0x00000000c2980000, 0x00000000eab00000)
  object space 42496K, 32% used [0x00000000c0000000,0x00000000c0d80fe0,0x00000000c2980000)
 Metaspace       used 6007K, capacity 7088K, committed 7296K, reserved 1056768K
  class space    used 578K, capacity 616K, committed 640K, reserved 1048576K
}

Deoptimization events (10 events):
Event: 5.711 Thread 0x000000000025e800 Uncommon trap: reason=unreached action=reinterpret pc=0x0000000002d422dc method=java.util.HashMap.getNode(ILjava/lang/Object;)Ljava/util/HashMap$Node; @ 84
Event: 6.259 Thread 0x000000000025e800 Uncommon trap: reason=class_check action=maybe_recompile pc=0x0000000002cd8990 method=com.android.dx.rop.code.RegisterSpec.withSimpleType()Lcom/android/dx/rop/code/RegisterSpec; @ 21
Event: 6.300 Thread 0x000000000025e800 Uncommon trap: reason=bimorphic action=maybe_recompile pc=0x0000000002d8b6a4 method=java.util.HashMap.putVal(ILjava/lang/Object;Ljava/lang/Object;ZZ)Ljava/lang/Object; @ 203
Event: 6.301 Thread 0x000000000025e800 Uncommon trap: reason=bimorphic action=maybe_recompile pc=0x0000000002d8b6a4 method=java.util.HashMap.putVal(ILjava/lang/Object;Ljava/lang/Object;ZZ)Ljava/lang/Object; @ 203
Event: 6.532 Thread 0x000000000025e800 Uncommon trap: reason=bimorphic action=maybe_recompile pc=0x0000000002d8b6a4 method=java.util.HashMap.putVal(ILjava/lang/Object;Ljava/lang/Object;ZZ)Ljava/lang/Object; @ 203
Event: 6.532 Thread 0x000000000025e800 Uncommon trap: reason=bimorphic action=maybe_recompile pc=0x0000000002d8b6a4 method=java.util.HashMap.putVal(ILjava/lang/Object;Ljava/lang/Object;ZZ)Ljava/lang/Object; @ 203
Event: 6.546 Thread 0x000000000025e800 Uncommon trap: reason=class_check action=maybe_recompile pc=0x0000000002b71050 method=java.util.Arrays.hashCode([Ljava/lang/Object;)I @ 43
Event: 6.546 Thread 0x000000000025e800 Uncommon trap: reason=class_check action=maybe_recompile pc=0x0000000002b71050 method=java.util.Arrays.hashCode([Ljava/lang/Object;)I @ 43
Event: 6.546 Thread 0x000000000025e800 Uncommon trap: reason=class_check action=maybe_recompile pc=0x0000000002b71050 method=java.util.Arrays.hashCode([Ljava/lang/Object;)I @ 43
Event: 6.546 Thread 0x000000000025e800 Uncommon trap: reason=class_check action=maybe_recompile pc=0x0000000002b71050 method=java.util.Arrays.hashCode([Ljava/lang/Object;)I @ 43

Internal exceptions (10 events):
Event: 2.112 Thread 0x000000000025e800 Exception <a 'java/security/PrivilegedActionException'> (0x00000000eac92110) thrown at [D:\re\workspace\8-2-build-windows-amd64-cygwin\jdk8u25\1677\hotspot\src\share\vm\prims\jvm.cpp, line 1312]
Event: 2.120 Thread 0x000000000025e800 Exception <a 'java/security/PrivilegedActionException'> (0x00000000eacc04b0) thrown at [D:\re\workspace\8-2-build-windows-amd64-cygwin\jdk8u25\1677\hotspot\src\share\vm\prims\jvm.cpp, line 1312]
Event: 2.804 Thread 0x000000000025e800 Exception <a 'java/security/PrivilegedActionException'> (0x00000000eaec36c0) thrown at [D:\re\workspace\8-2-build-windows-amd64-cygwin\jdk8u25\1677\hotspot\src\share\vm\prims\jvm.cpp, line 1312]
Event: 3.014 Thread 0x000000000025e800 Implicit null exception at 0x0000000002a0c9b2 to 0x0000000002a0f099
Event: 3.146 Thread 0x000000000025e800 Exception <a 'java/security/PrivilegedActionException'> (0x00000000eb3f06b8) thrown at [D:\re\workspace\8-2-build-windows-amd64-cygwin\jdk8u25\1677\hotspot\src\share\vm\prims\jvm.cpp, line 1312]
Event: 4.351 Thread 0x000000000025e800 Exception <a 'java/security/PrivilegedActionException'> (0x00000000ebb6e320) thrown at [D:\re\workspace\8-2-build-windows-amd64-cygwin\jdk8u25\1677\hotspot\src\share\vm\prims\jvm.cpp, line 1312]
Event: 5.707 Thread 0x000000000025e800 Exception <a 'java/lang/ArrayIndexOutOfBoundsException': 18> (0x00000000ec8942c0) thrown at [D:\re\workspace\8-2-build-windows-amd64-cygwin\jdk8u25\1677\hotspot\src\share\vm\interpreter\interpreterRuntime.cpp, line 366]
Event: 5.707 Thread 0x000000000025e800 Exception <a 'java/lang/ArrayIndexOutOfBoundsException'> (0x00000000ec895d58) thrown at [D:\re\workspace\8-2-build-windows-amd64-cygwin\jdk8u25\1677\hotspot\src\share\vm\runtime\sharedRuntime.cpp, line 604]
Event: 5.708 Thread 0x000000000025e800 Exception <a 'java/lang/ArrayIndexOutOfBoundsException'> (0x00000000ec896f70) thrown at [D:\re\workspace\8-2-build-windows-amd64-cygwin\jdk8u25\1677\hotspot\src\share\vm\runtime\sharedRuntime.cpp, line 604]
Event: 6.547 Thread 0x000000000025e800 Exception <a 'java/security/PrivilegedActionException'> (0x00000000ec255078) thrown at [D:\re\workspace\8-2-build-windows-amd64-cygwin\jdk8u25\1677\hotspot\src\share\vm\prims\jvm.cpp, line 1312]

Events (10 events):
Event: 6.546 Thread 0x000000000025e800 DEOPT PACKING pc=0x0000000002b71050 sp=0x00000000026df130
Event: 6.546 Thread 0x000000000025e800 DEOPT UNPACKING pc=0x000000000272556a sp=0x00000000026df060 mode 2
Event: 6.547 loading class com/android/dx/rop/cst/Zeroes
Event: 6.547 loading class com/android/dx/rop/cst/Zeroes done
Event: 6.689 loading class java/util/HashMap$KeySet
Event: 6.690 loading class java/util/HashMap$KeySet done
Event: 6.690 loading class java/util/HashMap$KeyIterator
Event: 6.690 loading class java/util/HashMap$KeyIterator done
Event: 6.710 Thread 0x000000000025e800 DEOPT PACKING pc=0x0000000002def07c sp=0x00000000026df250
Event: 6.710 Thread 0x000000000025e800 DEOPT UNPACKING pc=0x00000000027275bf sp=0x00000000026defe0 mode 0


Dynamic libraries:
0x000000013f430000 - 0x000000013f464000 	C:\Program Files\Java\jdk1.8.0_25\bin\java.exe
0x0000000077860000 - 0x0000000077a0a000 	C:\Windows\SYSTEM32\ntdll.dll
0x0000000077740000 - 0x000000007785f000 	C:\Windows\system32\kernel32.dll
0x000007fefd610000 - 0x000007fefd67a000 	C:\Windows\system32\KERNELBASE.dll
0x000007fefdb90000 - 0x000007fefdc6b000 	C:\Windows\system32\ADVAPI32.dll
0x000007feff940000 - 0x000007feff9df000 	C:\Windows\system32\msvcrt.dll
0x000007fefde00000 - 0x000007fefde1f000 	C:\Windows\SYSTEM32\sechost.dll
0x000007feff770000 - 0x000007feff89d000 	C:\Windows\system32\RPCRT4.dll
0x0000000077640000 - 0x000000007773a000 	C:\Windows\system32\USER32.dll
0x000007fefdaa0000 - 0x000007fefdb07000 	C:\Windows\system32\GDI32.dll
0x000007fefe1b0000 - 0x000007fefe1be000 	C:\Windows\system32\LPK.dll
0x000007fefe000000 - 0x000007fefe0ca000 	C:\Windows\system32\USP10.dll
0x000007fefbc00000 - 0x000007fefbdf4000 	C:\Windows\WinSxS\amd64_microsoft.windows.common-controls_6595b64144ccf1df_6.0.7601.18837_none_fa3b1e3d17594757\COMCTL32.dll
0x000007fefdb10000 - 0x000007fefdb81000 	C:\Windows\system32\SHLWAPI.dll
0x000007feff160000 - 0x000007feff18e000 	C:\Windows\system32\IMM32.DLL
0x000007feff9e0000 - 0x000007feffae9000 	C:\Windows\system32\MSCTF.dll
0x0000000068540000 - 0x0000000068612000 	C:\Program Files\Java\jdk1.8.0_25\jre\bin\msvcr100.dll
0x000000005c6c0000 - 0x000000005cf1a000 	C:\Program Files\Java\jdk1.8.0_25\jre\bin\server\jvm.dll
0x000007fef91f0000 - 0x000007fef91f9000 	C:\Windows\system32\WSOCK32.dll
0x000007feff720000 - 0x000007feff76d000 	C:\Windows\system32\WS2_32.dll
0x000007feff710000 - 0x000007feff718000 	C:\Windows\system32\NSI.dll
0x000007fef95a0000 - 0x000007fef95db000 	C:\Windows\system32\WINMM.dll
0x0000000077a30000 - 0x0000000077a37000 	C:\Windows\system32\PSAPI.DLL
0x0000000075040000 - 0x000000007504f000 	C:\Program Files\Java\jdk1.8.0_25\jre\bin\verify.dll
0x00000000706f0000 - 0x0000000070718000 	C:\Program Files\Java\jdk1.8.0_25\jre\bin\java.dll
0x0000000074c00000 - 0x0000000074c16000 	C:\Program Files\Java\jdk1.8.0_25\jre\bin\zip.dll
0x000007fefe3d0000 - 0x000007feff15c000 	C:\Windows\system32\SHELL32.dll
0x000007fefe1c0000 - 0x000007fefe3c3000 	C:\Windows\system32\ole32.dll
0x000007fefd5f0000 - 0x000007fefd5ff000 	C:\Windows\system32\profapi.dll
0x000007fefac70000 - 0x000007fefad95000 	C:\Windows\system32\dbghelp.dll

VM Arguments:
jvm_args: -Djava.awt.headless=true -Xmx1024M -Dfile.encoding=windows-31j -Duser.country=JP -Duser.language=ja -Duser.variant 
java_command: com.android.dx.command.Main --dex --output C:\Users\seki\AndroidStudioProjects\Saezurishiki\app\build\intermediates\pre-dexed\release\com.android.support-design-23.1.1_ead62824edb1494c8af3600cd8c4b5020fc29965.jar C:\Users\seki\AndroidStudioProjects\Saezurishiki\app\build\intermediates\exploded-aar\com.android.support\design\23.1.1\jars\classes.jar
java_class_path (initial): C:\Users\seki\AppData\Local\Android\sdk\build-tools\21.1.2\lib\dx.jar
Launcher Type: SUN_STANDARD

Environment Variables:
JAVA_HOME=C:\Program Files\Java\jdk1.8.0_25
PATH=C:\Program Files\Common Files\Microsoft Shared\Windows Live;C:\Program Files (x86)\Common Files\Microsoft Shared\Windows Live;C:\Windows\system32;C:\Windows;C:\Windows\System32\Wbem;C:\Windows\System32\WindowsPowerShell\v1.0\;C:\Program Files (x86)\Windows Live\Shared;C:\Program Files (x86)\EgisTec MyWinLocker\x64;C:\Program Files (x86)\EgisTec MyWinLocker\;c:\Program Files (x86)\Microsoft SQL Server\100\Tools\Binn\;c:\Program Files\Microsoft SQL Server\100\Tools\Binn\;c:\Program Files\Microsoft SQL Server\100\DTS\Binn\;C:\Users\seki\Downloads\android-sdk-windows\tools;C:\Program Files (x86)\gdipp\;C:\Program Files\Java\jdk1.8.0_25\bin;C:\Program Files (x86)\Skype\Phone\;C:\Program Files (x86)\scala\bin
USERNAME=seki
OS=Windows_NT
PROCESSOR_IDENTIFIER=Intel64 Family 6 Model 42 Stepping 7, GenuineIntel



---------------  S Y S T E M  ---------------

OS: Windows 7 , 64 bit Build 7601 Service Pack 1

CPU:total 4 (2 cores per cpu, 2 threads per core) family 6 model 42 stepping 7, cmov, cx8, fxsr, mmx, sse, sse2, sse3, ssse3, sse4.1, sse4.2, popcnt, avx, aes, clmul, ht, tsc, tscinvbit

Memory: 4k page, physical 4042608k(463924k free), swap 8083356k(2022976k free)

vm_info: Java HotSpot(TM) 64-Bit Server VM (25.25-b02) for windows-amd64 JRE (1.8.0_25-b18), built on Oct  7 2014 14:25:37 by "java_re" with MS VC++ 10.0 (VS2010)

time: Sun Jun 26 22:03:21 2016
elapsed time: 9 seconds (0d 0h 0m 9s)

